[2022-08-11 20:13:36,780] {taskinstance.py:1159} INFO - Dependencies all met for <TaskInstance: parallel_dag.transform scheduled__2022-08-10T00:00:00+00:00 [queued]>
[2022-08-11 20:13:36,803] {taskinstance.py:1159} INFO - Dependencies all met for <TaskInstance: parallel_dag.transform scheduled__2022-08-10T00:00:00+00:00 [queued]>
[2022-08-11 20:13:36,804] {taskinstance.py:1356} INFO - 
--------------------------------------------------------------------------------
[2022-08-11 20:13:36,804] {taskinstance.py:1357} INFO - Starting attempt 1 of 1
[2022-08-11 20:13:36,805] {taskinstance.py:1358} INFO - 
--------------------------------------------------------------------------------
[2022-08-11 20:13:36,831] {taskinstance.py:1377} INFO - Executing <Task(BashOperator): transform> on 2022-08-10 00:00:00+00:00
[2022-08-11 20:13:36,836] {standard_task_runner.py:52} INFO - Started process 627 to run task
[2022-08-11 20:13:36,840] {standard_task_runner.py:79} INFO - Running: ['***', 'tasks', 'run', 'parallel_dag', 'transform', 'scheduled__2022-08-10T00:00:00+00:00', '--job-id', '35', '--raw', '--subdir', 'DAGS_FOLDER/parallel_dag.py', '--cfg-path', '/tmp/tmpmmvo7j_7', '--error-file', '/tmp/tmpencrjatr']
[2022-08-11 20:13:36,840] {standard_task_runner.py:80} INFO - Job 35: Subtask transform
[2022-08-11 20:13:36,903] {task_command.py:369} INFO - Running <TaskInstance: parallel_dag.transform scheduled__2022-08-10T00:00:00+00:00 [running]> on host 81c73d6b78c6
[2022-08-11 20:13:37,016] {taskinstance.py:1571} INFO - Exporting the following env vars:
AIRFLOW_CTX_DAG_OWNER=***
AIRFLOW_CTX_DAG_ID=parallel_dag
AIRFLOW_CTX_TASK_ID=transform
AIRFLOW_CTX_EXECUTION_DATE=2022-08-10T00:00:00+00:00
AIRFLOW_CTX_TRY_NUMBER=1
AIRFLOW_CTX_DAG_RUN_ID=scheduled__2022-08-10T00:00:00+00:00
[2022-08-11 20:13:37,018] {subprocess.py:62} INFO - Tmp dir root location: 
 /tmp
[2022-08-11 20:13:37,019] {subprocess.py:74} INFO - Running command: ['bash', '-c', 'sleep 30']
[2022-08-11 20:13:37,029] {subprocess.py:85} INFO - Output:
[2022-08-11 20:14:07,035] {subprocess.py:96} INFO - Command exited with return code 0
[2022-08-11 20:14:07,098] {taskinstance.py:1400} INFO - Marking task as SUCCESS. dag_id=parallel_dag, task_id=transform, execution_date=20220810T000000, start_date=20220811T201336, end_date=20220811T201407
[2022-08-11 20:14:07,136] {local_task_job.py:156} INFO - Task exited with return code 0
[2022-08-11 20:14:07,227] {local_task_job.py:273} INFO - 0 downstream tasks scheduled from follow-on schedule check
