[2022-08-11 20:50:48,368] {taskinstance.py:1159} INFO - Dependencies all met for <TaskInstance: group_dag.check_files scheduled__2022-08-10T00:00:00+00:00 [queued]>
[2022-08-11 20:50:48,379] {taskinstance.py:1159} INFO - Dependencies all met for <TaskInstance: group_dag.check_files scheduled__2022-08-10T00:00:00+00:00 [queued]>
[2022-08-11 20:50:48,380] {taskinstance.py:1356} INFO - 
--------------------------------------------------------------------------------
[2022-08-11 20:50:48,380] {taskinstance.py:1357} INFO - Starting attempt 1 of 1
[2022-08-11 20:50:48,381] {taskinstance.py:1358} INFO - 
--------------------------------------------------------------------------------
[2022-08-11 20:50:48,404] {taskinstance.py:1377} INFO - Executing <Task(BashOperator): check_files> on 2022-08-10 00:00:00+00:00
[2022-08-11 20:50:48,481] {standard_task_runner.py:52} INFO - Started process 146 to run task
[2022-08-11 20:50:48,488] {standard_task_runner.py:79} INFO - Running: ['***', 'tasks', 'run', 'group_dag', 'check_files', 'scheduled__2022-08-10T00:00:00+00:00', '--job-id', '46', '--raw', '--subdir', 'DAGS_FOLDER/group_dag.py', '--cfg-path', '/tmp/tmp3dvio5ni', '--error-file', '/tmp/tmpc8lblixr']
[2022-08-11 20:50:48,489] {standard_task_runner.py:80} INFO - Job 46: Subtask check_files
[2022-08-11 20:50:48,554] {task_command.py:369} INFO - Running <TaskInstance: group_dag.check_files scheduled__2022-08-10T00:00:00+00:00 [running]> on host d2f496809977
[2022-08-11 20:50:48,647] {taskinstance.py:1571} INFO - Exporting the following env vars:
AIRFLOW_CTX_DAG_OWNER=***
AIRFLOW_CTX_DAG_ID=group_dag
AIRFLOW_CTX_TASK_ID=check_files
AIRFLOW_CTX_EXECUTION_DATE=2022-08-10T00:00:00+00:00
AIRFLOW_CTX_TRY_NUMBER=1
AIRFLOW_CTX_DAG_RUN_ID=scheduled__2022-08-10T00:00:00+00:00
[2022-08-11 20:50:48,649] {subprocess.py:62} INFO - Tmp dir root location: 
 /tmp
[2022-08-11 20:50:48,650] {subprocess.py:74} INFO - Running command: ['bash', '-c', 'sleep 10']
[2022-08-11 20:50:48,660] {subprocess.py:85} INFO - Output:
[2022-08-11 20:50:58,663] {subprocess.py:96} INFO - Command exited with return code 0
[2022-08-11 20:50:58,707] {taskinstance.py:1400} INFO - Marking task as SUCCESS. dag_id=group_dag, task_id=check_files, execution_date=20220810T000000, start_date=20220811T205048, end_date=20220811T205058
[2022-08-11 20:50:58,762] {local_task_job.py:156} INFO - Task exited with return code 0
[2022-08-11 20:50:58,810] {local_task_job.py:273} INFO - 0 downstream tasks scheduled from follow-on schedule check
