[2022-06-25 13:41:47,626] {taskinstance.py:1159} INFO - Dependencies all met for <TaskInstance: example_bash_operator.runme_0 manual__2022-06-25T13:41:45.228075+00:00 [queued]>
[2022-06-25 13:41:47,654] {taskinstance.py:1159} INFO - Dependencies all met for <TaskInstance: example_bash_operator.runme_0 manual__2022-06-25T13:41:45.228075+00:00 [queued]>
[2022-06-25 13:41:47,655] {taskinstance.py:1356} INFO - 
--------------------------------------------------------------------------------
[2022-06-25 13:41:47,657] {taskinstance.py:1357} INFO - Starting attempt 1 of 1
[2022-06-25 13:41:47,658] {taskinstance.py:1358} INFO - 
--------------------------------------------------------------------------------
[2022-06-25 13:41:47,704] {taskinstance.py:1377} INFO - Executing <Task(BashOperator): runme_0> on 2022-06-25 13:41:45.228075+00:00
[2022-06-25 13:41:47,716] {standard_task_runner.py:52} INFO - Started process 416 to run task
[2022-06-25 13:41:47,735] {standard_task_runner.py:79} INFO - Running: ['***', 'tasks', 'run', 'example_bash_operator', 'runme_0', 'manual__2022-06-25T13:41:45.228075+00:00', '--job-id', '12', '--raw', '--subdir', '/home/***/.local/lib/python3.7/site-packages/***/example_dags/example_bash_operator.py', '--cfg-path', '/tmp/tmp99vv0t7s', '--error-file', '/tmp/tmpe161amqs']
[2022-06-25 13:41:47,737] {standard_task_runner.py:80} INFO - Job 12: Subtask runme_0
[2022-06-25 13:41:48,044] {task_command.py:369} INFO - Running <TaskInstance: example_bash_operator.runme_0 manual__2022-06-25T13:41:45.228075+00:00 [running]> on host d075f8448180
[2022-06-25 13:41:48,365] {taskinstance.py:1571} INFO - Exporting the following env vars:
AIRFLOW_CTX_DAG_OWNER=***
AIRFLOW_CTX_DAG_ID=example_bash_operator
AIRFLOW_CTX_TASK_ID=runme_0
AIRFLOW_CTX_EXECUTION_DATE=2022-06-25T13:41:45.228075+00:00
AIRFLOW_CTX_TRY_NUMBER=1
AIRFLOW_CTX_DAG_RUN_ID=manual__2022-06-25T13:41:45.228075+00:00
[2022-06-25 13:41:48,369] {subprocess.py:62} INFO - Tmp dir root location: 
 /tmp
[2022-06-25 13:41:48,370] {subprocess.py:74} INFO - Running command: ['bash', '-c', 'echo "example_bash_operator__runme_0__20220625" && sleep 1']
[2022-06-25 13:41:48,450] {subprocess.py:85} INFO - Output:
[2022-06-25 13:41:48,453] {subprocess.py:92} INFO - example_bash_operator__runme_0__20220625
[2022-06-25 13:41:49,467] {subprocess.py:96} INFO - Command exited with return code 0
[2022-06-25 13:41:49,553] {taskinstance.py:1400} INFO - Marking task as SUCCESS. dag_id=example_bash_operator, task_id=runme_0, execution_date=20220625T134145, start_date=20220625T134147, end_date=20220625T134149
[2022-06-25 13:41:49,603] {local_task_job.py:156} INFO - Task exited with return code 0
[2022-06-25 13:41:49,732] {local_task_job.py:273} INFO - 1 downstream tasks scheduled from follow-on schedule check
