[2022-09-29 18:03:43,266] {taskinstance.py:1159} INFO - Dependencies all met for <TaskInstance: taskgroups_dag.downloads.download_c scheduled__2022-09-28T00:00:00+00:00 [queued]>
[2022-09-29 18:03:43,299] {taskinstance.py:1159} INFO - Dependencies all met for <TaskInstance: taskgroups_dag.downloads.download_c scheduled__2022-09-28T00:00:00+00:00 [queued]>
[2022-09-29 18:03:43,300] {taskinstance.py:1356} INFO - 
--------------------------------------------------------------------------------
[2022-09-29 18:03:43,301] {taskinstance.py:1357} INFO - Starting attempt 1 of 1
[2022-09-29 18:03:43,302] {taskinstance.py:1358} INFO - 
--------------------------------------------------------------------------------
[2022-09-29 18:03:43,350] {taskinstance.py:1377} INFO - Executing <Task(BashOperator): downloads.download_c> on 2022-09-28 00:00:00+00:00
[2022-09-29 18:03:43,358] {standard_task_runner.py:52} INFO - Started process 1349 to run task
[2022-09-29 18:03:43,364] {standard_task_runner.py:79} INFO - Running: ['***', 'tasks', 'run', 'taskgroups_dag', 'downloads.download_c', 'scheduled__2022-09-28T00:00:00+00:00', '--job-id', '54', '--raw', '--subdir', 'DAGS_FOLDER/taskgroups_dag.py', '--cfg-path', '/tmp/tmphf2dsati', '--error-file', '/tmp/tmp2fgwhwa_']
[2022-09-29 18:03:43,365] {standard_task_runner.py:80} INFO - Job 54: Subtask downloads.download_c
[2022-09-29 18:03:43,471] {task_command.py:369} INFO - Running <TaskInstance: taskgroups_dag.downloads.download_c scheduled__2022-09-28T00:00:00+00:00 [running]> on host 6a3c37965d15
[2022-09-29 18:03:43,679] {taskinstance.py:1571} INFO - Exporting the following env vars:
AIRFLOW_CTX_DAG_OWNER=***
AIRFLOW_CTX_DAG_ID=taskgroups_dag
AIRFLOW_CTX_TASK_ID=downloads.download_c
AIRFLOW_CTX_EXECUTION_DATE=2022-09-28T00:00:00+00:00
AIRFLOW_CTX_TRY_NUMBER=1
AIRFLOW_CTX_DAG_RUN_ID=scheduled__2022-09-28T00:00:00+00:00
[2022-09-29 18:03:43,682] {subprocess.py:62} INFO - Tmp dir root location: 
 /tmp
[2022-09-29 18:03:43,686] {subprocess.py:74} INFO - Running command: ['bash', '-c', 'sleep 10']
[2022-09-29 18:03:43,713] {subprocess.py:85} INFO - Output:
[2022-09-29 18:03:53,729] {subprocess.py:96} INFO - Command exited with return code 0
[2022-09-29 18:03:53,786] {taskinstance.py:1400} INFO - Marking task as SUCCESS. dag_id=taskgroups_dag, task_id=downloads.download_c, execution_date=20220928T000000, start_date=20220929T180343, end_date=20220929T180353
[2022-09-29 18:03:53,850] {local_task_job.py:156} INFO - Task exited with return code 0
[2022-09-29 18:03:54,027] {local_task_job.py:273} INFO - 0 downstream tasks scheduled from follow-on schedule check
