[2022-06-25 13:41:36,913] {taskinstance.py:1159} INFO - Dependencies all met for <TaskInstance: example_bash_operator.this_will_skip scheduled__2022-06-24T00:00:00+00:00 [queued]>
[2022-06-25 13:41:36,933] {taskinstance.py:1159} INFO - Dependencies all met for <TaskInstance: example_bash_operator.this_will_skip scheduled__2022-06-24T00:00:00+00:00 [queued]>
[2022-06-25 13:41:36,934] {taskinstance.py:1356} INFO - 
--------------------------------------------------------------------------------
[2022-06-25 13:41:36,935] {taskinstance.py:1357} INFO - Starting attempt 1 of 1
[2022-06-25 13:41:36,936] {taskinstance.py:1358} INFO - 
--------------------------------------------------------------------------------
[2022-06-25 13:41:36,973] {taskinstance.py:1377} INFO - Executing <Task(BashOperator): this_will_skip> on 2022-06-24 00:00:00+00:00
[2022-06-25 13:41:36,982] {standard_task_runner.py:52} INFO - Started process 388 to run task
[2022-06-25 13:41:36,989] {standard_task_runner.py:79} INFO - Running: ['***', 'tasks', 'run', 'example_bash_operator', 'this_will_skip', 'scheduled__2022-06-24T00:00:00+00:00', '--job-id', '4', '--raw', '--subdir', '/home/***/.local/lib/python3.7/site-packages/***/example_dags/example_bash_operator.py', '--cfg-path', '/tmp/tmphdmalsi0', '--error-file', '/tmp/tmpdzd2s1qz']
[2022-06-25 13:41:36,991] {standard_task_runner.py:80} INFO - Job 4: Subtask this_will_skip
[2022-06-25 13:41:37,147] {task_command.py:369} INFO - Running <TaskInstance: example_bash_operator.this_will_skip scheduled__2022-06-24T00:00:00+00:00 [running]> on host d075f8448180
[2022-06-25 13:41:37,465] {taskinstance.py:1571} INFO - Exporting the following env vars:
AIRFLOW_CTX_DAG_OWNER=***
AIRFLOW_CTX_DAG_ID=example_bash_operator
AIRFLOW_CTX_TASK_ID=this_will_skip
AIRFLOW_CTX_EXECUTION_DATE=2022-06-24T00:00:00+00:00
AIRFLOW_CTX_TRY_NUMBER=1
AIRFLOW_CTX_DAG_RUN_ID=scheduled__2022-06-24T00:00:00+00:00
[2022-06-25 13:41:37,470] {subprocess.py:62} INFO - Tmp dir root location: 
 /tmp
[2022-06-25 13:41:37,473] {subprocess.py:74} INFO - Running command: ['bash', '-c', 'echo "hello world"; exit 99;']
[2022-06-25 13:41:37,495] {subprocess.py:85} INFO - Output:
[2022-06-25 13:41:37,502] {subprocess.py:92} INFO - hello world
[2022-06-25 13:41:37,503] {subprocess.py:96} INFO - Command exited with return code 99
[2022-06-25 13:41:37,512] {taskinstance.py:1478} INFO - Bash command returned exit code 99. Skipping.
[2022-06-25 13:41:37,559] {taskinstance.py:1400} INFO - Marking task as SKIPPED. dag_id=example_bash_operator, task_id=this_will_skip, execution_date=20220624T000000, start_date=20220625T134136, end_date=20220625T134137
[2022-06-25 13:41:37,654] {local_task_job.py:156} INFO - Task exited with return code 0
[2022-06-25 13:41:37,820] {local_task_job.py:273} INFO - 0 downstream tasks scheduled from follow-on schedule check
