[2022-08-11 20:13:39,697] {taskinstance.py:1159} INFO - Dependencies all met for <TaskInstance: parallel_dag.extract_b manual__2022-08-11T20:13:38.589055+00:00 [queued]>
[2022-08-11 20:13:39,715] {taskinstance.py:1159} INFO - Dependencies all met for <TaskInstance: parallel_dag.extract_b manual__2022-08-11T20:13:38.589055+00:00 [queued]>
[2022-08-11 20:13:39,716] {taskinstance.py:1356} INFO - 
--------------------------------------------------------------------------------
[2022-08-11 20:13:39,716] {taskinstance.py:1357} INFO - Starting attempt 1 of 1
[2022-08-11 20:13:39,717] {taskinstance.py:1358} INFO - 
--------------------------------------------------------------------------------
[2022-08-11 20:13:39,744] {taskinstance.py:1377} INFO - Executing <Task(BashOperator): extract_b> on 2022-08-11 20:13:38.589055+00:00
[2022-08-11 20:13:39,749] {standard_task_runner.py:52} INFO - Started process 638 to run task
[2022-08-11 20:13:39,755] {standard_task_runner.py:79} INFO - Running: ['***', 'tasks', 'run', 'parallel_dag', 'extract_b', 'manual__2022-08-11T20:13:38.589055+00:00', '--job-id', '37', '--raw', '--subdir', 'DAGS_FOLDER/parallel_dag.py', '--cfg-path', '/tmp/tmpzc0tmzgc', '--error-file', '/tmp/tmpgexcq57t']
[2022-08-11 20:13:39,756] {standard_task_runner.py:80} INFO - Job 37: Subtask extract_b
[2022-08-11 20:13:39,901] {task_command.py:369} INFO - Running <TaskInstance: parallel_dag.extract_b manual__2022-08-11T20:13:38.589055+00:00 [running]> on host b9902ebfda34
[2022-08-11 20:13:40,036] {taskinstance.py:1571} INFO - Exporting the following env vars:
AIRFLOW_CTX_DAG_OWNER=***
AIRFLOW_CTX_DAG_ID=parallel_dag
AIRFLOW_CTX_TASK_ID=extract_b
AIRFLOW_CTX_EXECUTION_DATE=2022-08-11T20:13:38.589055+00:00
AIRFLOW_CTX_TRY_NUMBER=1
AIRFLOW_CTX_DAG_RUN_ID=manual__2022-08-11T20:13:38.589055+00:00
[2022-08-11 20:13:40,037] {subprocess.py:62} INFO - Tmp dir root location: 
 /tmp
[2022-08-11 20:13:40,039] {subprocess.py:74} INFO - Running command: ['bash', '-c', 'sleep 10']
[2022-08-11 20:13:40,050] {subprocess.py:85} INFO - Output:
[2022-08-11 20:13:50,054] {subprocess.py:96} INFO - Command exited with return code 0
[2022-08-11 20:13:50,123] {taskinstance.py:1400} INFO - Marking task as SUCCESS. dag_id=parallel_dag, task_id=extract_b, execution_date=20220811T201338, start_date=20220811T201339, end_date=20220811T201350
[2022-08-11 20:13:50,217] {local_task_job.py:156} INFO - Task exited with return code 0
[2022-08-11 20:13:50,271] {local_task_job.py:273} INFO - 1 downstream tasks scheduled from follow-on schedule check
