[2022-08-11 20:13:25,515] {taskinstance.py:1159} INFO - Dependencies all met for <TaskInstance: parallel_dag.load_a scheduled__2022-08-10T00:00:00+00:00 [queued]>
[2022-08-11 20:13:25,526] {taskinstance.py:1159} INFO - Dependencies all met for <TaskInstance: parallel_dag.load_a scheduled__2022-08-10T00:00:00+00:00 [queued]>
[2022-08-11 20:13:25,527] {taskinstance.py:1356} INFO - 
--------------------------------------------------------------------------------
[2022-08-11 20:13:25,527] {taskinstance.py:1357} INFO - Starting attempt 1 of 1
[2022-08-11 20:13:25,528] {taskinstance.py:1358} INFO - 
--------------------------------------------------------------------------------
[2022-08-11 20:13:25,549] {taskinstance.py:1377} INFO - Executing <Task(BashOperator): load_a> on 2022-08-10 00:00:00+00:00
[2022-08-11 20:13:25,554] {standard_task_runner.py:52} INFO - Started process 622 to run task
[2022-08-11 20:13:25,560] {standard_task_runner.py:79} INFO - Running: ['***', 'tasks', 'run', 'parallel_dag', 'load_a', 'scheduled__2022-08-10T00:00:00+00:00', '--job-id', '33', '--raw', '--subdir', 'DAGS_FOLDER/parallel_dag.py', '--cfg-path', '/tmp/tmp4st3_rxx', '--error-file', '/tmp/tmpb3fji788']
[2022-08-11 20:13:25,561] {standard_task_runner.py:80} INFO - Job 33: Subtask load_a
[2022-08-11 20:13:25,631] {task_command.py:369} INFO - Running <TaskInstance: parallel_dag.load_a scheduled__2022-08-10T00:00:00+00:00 [running]> on host b9902ebfda34
[2022-08-11 20:13:25,730] {taskinstance.py:1571} INFO - Exporting the following env vars:
AIRFLOW_CTX_DAG_OWNER=***
AIRFLOW_CTX_DAG_ID=parallel_dag
AIRFLOW_CTX_TASK_ID=load_a
AIRFLOW_CTX_EXECUTION_DATE=2022-08-10T00:00:00+00:00
AIRFLOW_CTX_TRY_NUMBER=1
AIRFLOW_CTX_DAG_RUN_ID=scheduled__2022-08-10T00:00:00+00:00
[2022-08-11 20:13:25,732] {subprocess.py:62} INFO - Tmp dir root location: 
 /tmp
[2022-08-11 20:13:25,733] {subprocess.py:74} INFO - Running command: ['bash', '-c', 'sleep 10']
[2022-08-11 20:13:25,745] {subprocess.py:85} INFO - Output:
[2022-08-11 20:13:35,748] {subprocess.py:96} INFO - Command exited with return code 0
[2022-08-11 20:13:35,785] {taskinstance.py:1400} INFO - Marking task as SUCCESS. dag_id=parallel_dag, task_id=load_a, execution_date=20220810T000000, start_date=20220811T201325, end_date=20220811T201335
[2022-08-11 20:13:35,809] {local_task_job.py:156} INFO - Task exited with return code 0
[2022-08-11 20:13:35,847] {local_task_job.py:273} INFO - 0 downstream tasks scheduled from follow-on schedule check
