[2022-08-11 20:13:51,196] {taskinstance.py:1159} INFO - Dependencies all met for <TaskInstance: parallel_dag.load_a manual__2022-08-11T20:13:38.589055+00:00 [queued]>
[2022-08-11 20:13:51,210] {taskinstance.py:1159} INFO - Dependencies all met for <TaskInstance: parallel_dag.load_a manual__2022-08-11T20:13:38.589055+00:00 [queued]>
[2022-08-11 20:13:51,211] {taskinstance.py:1356} INFO - 
--------------------------------------------------------------------------------
[2022-08-11 20:13:51,211] {taskinstance.py:1357} INFO - Starting attempt 1 of 1
[2022-08-11 20:13:51,212] {taskinstance.py:1358} INFO - 
--------------------------------------------------------------------------------
[2022-08-11 20:13:51,234] {taskinstance.py:1377} INFO - Executing <Task(BashOperator): load_a> on 2022-08-11 20:13:38.589055+00:00
[2022-08-11 20:13:51,251] {standard_task_runner.py:52} INFO - Started process 652 to run task
[2022-08-11 20:13:51,256] {standard_task_runner.py:79} INFO - Running: ['***', 'tasks', 'run', 'parallel_dag', 'load_a', 'manual__2022-08-11T20:13:38.589055+00:00', '--job-id', '38', '--raw', '--subdir', 'DAGS_FOLDER/parallel_dag.py', '--cfg-path', '/tmp/tmp4y328m5p', '--error-file', '/tmp/tmpdbdbnjh_']
[2022-08-11 20:13:51,257] {standard_task_runner.py:80} INFO - Job 38: Subtask load_a
[2022-08-11 20:13:51,336] {task_command.py:369} INFO - Running <TaskInstance: parallel_dag.load_a manual__2022-08-11T20:13:38.589055+00:00 [running]> on host b9902ebfda34
[2022-08-11 20:13:51,447] {taskinstance.py:1571} INFO - Exporting the following env vars:
AIRFLOW_CTX_DAG_OWNER=***
AIRFLOW_CTX_DAG_ID=parallel_dag
AIRFLOW_CTX_TASK_ID=load_a
AIRFLOW_CTX_EXECUTION_DATE=2022-08-11T20:13:38.589055+00:00
AIRFLOW_CTX_TRY_NUMBER=1
AIRFLOW_CTX_DAG_RUN_ID=manual__2022-08-11T20:13:38.589055+00:00
[2022-08-11 20:13:51,450] {subprocess.py:62} INFO - Tmp dir root location: 
 /tmp
[2022-08-11 20:13:51,451] {subprocess.py:74} INFO - Running command: ['bash', '-c', 'sleep 10']
[2022-08-11 20:13:51,466] {subprocess.py:85} INFO - Output:
[2022-08-11 20:14:01,480] {subprocess.py:96} INFO - Command exited with return code 0
[2022-08-11 20:14:01,583] {taskinstance.py:1400} INFO - Marking task as SUCCESS. dag_id=parallel_dag, task_id=load_a, execution_date=20220811T201338, start_date=20220811T201351, end_date=20220811T201401
[2022-08-11 20:14:01,644] {local_task_job.py:156} INFO - Task exited with return code 0
[2022-08-11 20:14:01,690] {local_task_job.py:273} INFO - 0 downstream tasks scheduled from follow-on schedule check
