[2022-06-25 13:41:36,840] {taskinstance.py:1159} INFO - Dependencies all met for <TaskInstance: example_bash_operator.runme_1 scheduled__2022-06-24T00:00:00+00:00 [queued]>
[2022-06-25 13:41:36,859] {taskinstance.py:1159} INFO - Dependencies all met for <TaskInstance: example_bash_operator.runme_1 scheduled__2022-06-24T00:00:00+00:00 [queued]>
[2022-06-25 13:41:36,860] {taskinstance.py:1356} INFO - 
--------------------------------------------------------------------------------
[2022-06-25 13:41:36,861] {taskinstance.py:1357} INFO - Starting attempt 1 of 1
[2022-06-25 13:41:36,862] {taskinstance.py:1358} INFO - 
--------------------------------------------------------------------------------
[2022-06-25 13:41:36,893] {taskinstance.py:1377} INFO - Executing <Task(BashOperator): runme_1> on 2022-06-24 00:00:00+00:00
[2022-06-25 13:41:36,900] {standard_task_runner.py:52} INFO - Started process 387 to run task
[2022-06-25 13:41:36,906] {standard_task_runner.py:79} INFO - Running: ['***', 'tasks', 'run', 'example_bash_operator', 'runme_1', 'scheduled__2022-06-24T00:00:00+00:00', '--job-id', '7', '--raw', '--subdir', '/home/***/.local/lib/python3.7/site-packages/***/example_dags/example_bash_operator.py', '--cfg-path', '/tmp/tmpa0daye2g', '--error-file', '/tmp/tmp312rjn1t']
[2022-06-25 13:41:36,907] {standard_task_runner.py:80} INFO - Job 7: Subtask runme_1
[2022-06-25 13:41:37,055] {task_command.py:369} INFO - Running <TaskInstance: example_bash_operator.runme_1 scheduled__2022-06-24T00:00:00+00:00 [running]> on host d075f8448180
[2022-06-25 13:41:37,340] {taskinstance.py:1571} INFO - Exporting the following env vars:
AIRFLOW_CTX_DAG_OWNER=***
AIRFLOW_CTX_DAG_ID=example_bash_operator
AIRFLOW_CTX_TASK_ID=runme_1
AIRFLOW_CTX_EXECUTION_DATE=2022-06-24T00:00:00+00:00
AIRFLOW_CTX_TRY_NUMBER=1
AIRFLOW_CTX_DAG_RUN_ID=scheduled__2022-06-24T00:00:00+00:00
[2022-06-25 13:41:37,346] {subprocess.py:62} INFO - Tmp dir root location: 
 /tmp
[2022-06-25 13:41:37,349] {subprocess.py:74} INFO - Running command: ['bash', '-c', 'echo "example_bash_operator__runme_1__20220624" && sleep 1']
[2022-06-25 13:41:37,384] {subprocess.py:85} INFO - Output:
[2022-06-25 13:41:37,389] {subprocess.py:92} INFO - example_bash_operator__runme_1__20220624
[2022-06-25 13:41:38,393] {subprocess.py:96} INFO - Command exited with return code 0
[2022-06-25 13:41:38,473] {taskinstance.py:1400} INFO - Marking task as SUCCESS. dag_id=example_bash_operator, task_id=runme_1, execution_date=20220624T000000, start_date=20220625T134136, end_date=20220625T134138
[2022-06-25 13:41:38,529] {local_task_job.py:156} INFO - Task exited with return code 0
[2022-06-25 13:41:38,646] {local_task_job.py:273} INFO - 0 downstream tasks scheduled from follow-on schedule check
