[2022-08-11 20:50:59,231] {taskinstance.py:1159} INFO - Dependencies all met for <TaskInstance: group_dag.transform_a scheduled__2022-08-10T00:00:00+00:00 [queued]>
[2022-08-11 20:50:59,243] {taskinstance.py:1159} INFO - Dependencies all met for <TaskInstance: group_dag.transform_a scheduled__2022-08-10T00:00:00+00:00 [queued]>
[2022-08-11 20:50:59,244] {taskinstance.py:1356} INFO - 
--------------------------------------------------------------------------------
[2022-08-11 20:50:59,244] {taskinstance.py:1357} INFO - Starting attempt 1 of 1
[2022-08-11 20:50:59,244] {taskinstance.py:1358} INFO - 
--------------------------------------------------------------------------------
[2022-08-11 20:50:59,261] {taskinstance.py:1377} INFO - Executing <Task(BashOperator): transform_a> on 2022-08-10 00:00:00+00:00
[2022-08-11 20:50:59,266] {standard_task_runner.py:52} INFO - Started process 161 to run task
[2022-08-11 20:50:59,269] {standard_task_runner.py:79} INFO - Running: ['***', 'tasks', 'run', 'group_dag', 'transform_a', 'scheduled__2022-08-10T00:00:00+00:00', '--job-id', '48', '--raw', '--subdir', 'DAGS_FOLDER/group_dag.py', '--cfg-path', '/tmp/tmpaikn5jms', '--error-file', '/tmp/tmp03pbukch']
[2022-08-11 20:50:59,270] {standard_task_runner.py:80} INFO - Job 48: Subtask transform_a
[2022-08-11 20:50:59,331] {task_command.py:369} INFO - Running <TaskInstance: group_dag.transform_a scheduled__2022-08-10T00:00:00+00:00 [running]> on host d2f496809977
[2022-08-11 20:50:59,411] {taskinstance.py:1571} INFO - Exporting the following env vars:
AIRFLOW_CTX_DAG_OWNER=***
AIRFLOW_CTX_DAG_ID=group_dag
AIRFLOW_CTX_TASK_ID=transform_a
AIRFLOW_CTX_EXECUTION_DATE=2022-08-10T00:00:00+00:00
AIRFLOW_CTX_TRY_NUMBER=1
AIRFLOW_CTX_DAG_RUN_ID=scheduled__2022-08-10T00:00:00+00:00
[2022-08-11 20:50:59,412] {subprocess.py:62} INFO - Tmp dir root location: 
 /tmp
[2022-08-11 20:50:59,413] {subprocess.py:74} INFO - Running command: ['bash', '-c', 'sleep 10']
[2022-08-11 20:50:59,422] {subprocess.py:85} INFO - Output:
[2022-08-11 20:51:09,425] {subprocess.py:96} INFO - Command exited with return code 0
[2022-08-11 20:51:09,477] {taskinstance.py:1400} INFO - Marking task as SUCCESS. dag_id=group_dag, task_id=transform_a, execution_date=20220810T000000, start_date=20220811T205059, end_date=20220811T205109
[2022-08-11 20:51:09,539] {local_task_job.py:156} INFO - Task exited with return code 0
[2022-08-11 20:51:09,590] {local_task_job.py:273} INFO - 0 downstream tasks scheduled from follow-on schedule check
