[2022-08-11 20:50:59,188] {taskinstance.py:1159} INFO - Dependencies all met for <TaskInstance: group_dag.transform_c scheduled__2022-08-10T00:00:00+00:00 [queued]>
[2022-08-11 20:50:59,201] {taskinstance.py:1159} INFO - Dependencies all met for <TaskInstance: group_dag.transform_c scheduled__2022-08-10T00:00:00+00:00 [queued]>
[2022-08-11 20:50:59,201] {taskinstance.py:1356} INFO - 
--------------------------------------------------------------------------------
[2022-08-11 20:50:59,202] {taskinstance.py:1357} INFO - Starting attempt 1 of 1
[2022-08-11 20:50:59,202] {taskinstance.py:1358} INFO - 
--------------------------------------------------------------------------------
[2022-08-11 20:50:59,221] {taskinstance.py:1377} INFO - Executing <Task(BashOperator): transform_c> on 2022-08-10 00:00:00+00:00
[2022-08-11 20:50:59,225] {standard_task_runner.py:52} INFO - Started process 160 to run task
[2022-08-11 20:50:59,228] {standard_task_runner.py:79} INFO - Running: ['***', 'tasks', 'run', 'group_dag', 'transform_c', 'scheduled__2022-08-10T00:00:00+00:00', '--job-id', '47', '--raw', '--subdir', 'DAGS_FOLDER/group_dag.py', '--cfg-path', '/tmp/tmpggmqvimh', '--error-file', '/tmp/tmpid6c3elx']
[2022-08-11 20:50:59,228] {standard_task_runner.py:80} INFO - Job 47: Subtask transform_c
[2022-08-11 20:50:59,287] {task_command.py:369} INFO - Running <TaskInstance: group_dag.transform_c scheduled__2022-08-10T00:00:00+00:00 [running]> on host d2f496809977
[2022-08-11 20:50:59,370] {taskinstance.py:1571} INFO - Exporting the following env vars:
AIRFLOW_CTX_DAG_OWNER=***
AIRFLOW_CTX_DAG_ID=group_dag
AIRFLOW_CTX_TASK_ID=transform_c
AIRFLOW_CTX_EXECUTION_DATE=2022-08-10T00:00:00+00:00
AIRFLOW_CTX_TRY_NUMBER=1
AIRFLOW_CTX_DAG_RUN_ID=scheduled__2022-08-10T00:00:00+00:00
[2022-08-11 20:50:59,371] {subprocess.py:62} INFO - Tmp dir root location: 
 /tmp
[2022-08-11 20:50:59,372] {subprocess.py:74} INFO - Running command: ['bash', '-c', 'sleep 10']
[2022-08-11 20:50:59,381] {subprocess.py:85} INFO - Output:
[2022-08-11 20:51:09,385] {subprocess.py:96} INFO - Command exited with return code 0
[2022-08-11 20:51:09,427] {taskinstance.py:1400} INFO - Marking task as SUCCESS. dag_id=group_dag, task_id=transform_c, execution_date=20220810T000000, start_date=20220811T205059, end_date=20220811T205109
[2022-08-11 20:51:09,492] {local_task_job.py:156} INFO - Task exited with return code 0
[2022-08-11 20:51:09,550] {local_task_job.py:273} INFO - 0 downstream tasks scheduled from follow-on schedule check
