[2022-09-29 18:04:08,092] {taskinstance.py:1159} INFO - Dependencies all met for <TaskInstance: taskgroups_dag.tasks.transform_a scheduled__2022-09-28T00:00:00+00:00 [queued]>
[2022-09-29 18:04:08,108] {taskinstance.py:1159} INFO - Dependencies all met for <TaskInstance: taskgroups_dag.tasks.transform_a scheduled__2022-09-28T00:00:00+00:00 [queued]>
[2022-09-29 18:04:08,109] {taskinstance.py:1356} INFO - 
--------------------------------------------------------------------------------
[2022-09-29 18:04:08,109] {taskinstance.py:1357} INFO - Starting attempt 1 of 1
[2022-09-29 18:04:08,110] {taskinstance.py:1358} INFO - 
--------------------------------------------------------------------------------
[2022-09-29 18:04:08,135] {taskinstance.py:1377} INFO - Executing <Task(BashOperator): tasks.transform_a> on 2022-09-28 00:00:00+00:00
[2022-09-29 18:04:08,141] {standard_task_runner.py:52} INFO - Started process 1626 to run task
[2022-09-29 18:04:08,146] {standard_task_runner.py:79} INFO - Running: ['***', 'tasks', 'run', 'taskgroups_dag', 'tasks.transform_a', 'scheduled__2022-09-28T00:00:00+00:00', '--job-id', '58', '--raw', '--subdir', 'DAGS_FOLDER/taskgroups_dag.py', '--cfg-path', '/tmp/tmpo3kjm1is', '--error-file', '/tmp/tmps0yd6d5y']
[2022-09-29 18:04:08,147] {standard_task_runner.py:80} INFO - Job 58: Subtask tasks.transform_a
[2022-09-29 18:04:08,222] {task_command.py:369} INFO - Running <TaskInstance: taskgroups_dag.tasks.transform_a scheduled__2022-09-28T00:00:00+00:00 [running]> on host d2f496809977
[2022-09-29 18:04:08,326] {taskinstance.py:1571} INFO - Exporting the following env vars:
AIRFLOW_CTX_DAG_OWNER=***
AIRFLOW_CTX_DAG_ID=taskgroups_dag
AIRFLOW_CTX_TASK_ID=tasks.transform_a
AIRFLOW_CTX_EXECUTION_DATE=2022-09-28T00:00:00+00:00
AIRFLOW_CTX_TRY_NUMBER=1
AIRFLOW_CTX_DAG_RUN_ID=scheduled__2022-09-28T00:00:00+00:00
[2022-09-29 18:04:08,328] {subprocess.py:62} INFO - Tmp dir root location: 
 /tmp
[2022-09-29 18:04:08,329] {subprocess.py:74} INFO - Running command: ['bash', '-c', 'sleep 10']
[2022-09-29 18:04:08,342] {subprocess.py:85} INFO - Output:
[2022-09-29 18:04:18,346] {subprocess.py:96} INFO - Command exited with return code 0
[2022-09-29 18:04:18,379] {taskinstance.py:1400} INFO - Marking task as SUCCESS. dag_id=taskgroups_dag, task_id=tasks.transform_a, execution_date=20220928T000000, start_date=20220929T180408, end_date=20220929T180418
[2022-09-29 18:04:18,422] {local_task_job.py:156} INFO - Task exited with return code 0
[2022-09-29 18:04:18,451] {local_task_job.py:273} INFO - 0 downstream tasks scheduled from follow-on schedule check
