[2022-09-29 17:38:50,879] {taskinstance.py:1159} INFO - Dependencies all met for <TaskInstance: group_dag.downloads manual__2022-09-29T17:38:49.699221+00:00 [queued]>
[2022-09-29 17:38:50,897] {taskinstance.py:1159} INFO - Dependencies all met for <TaskInstance: group_dag.downloads manual__2022-09-29T17:38:49.699221+00:00 [queued]>
[2022-09-29 17:38:50,898] {taskinstance.py:1356} INFO - 
--------------------------------------------------------------------------------
[2022-09-29 17:38:50,899] {taskinstance.py:1357} INFO - Starting attempt 1 of 1
[2022-09-29 17:38:50,899] {taskinstance.py:1358} INFO - 
--------------------------------------------------------------------------------
[2022-09-29 17:38:50,929] {taskinstance.py:1377} INFO - Executing <Task(SubDagOperator): downloads> on 2022-09-29 17:38:49.699221+00:00
[2022-09-29 17:38:50,936] {standard_task_runner.py:52} INFO - Started process 257 to run task
[2022-09-29 17:38:50,943] {standard_task_runner.py:79} INFO - Running: ['***', 'tasks', 'run', 'group_dag', 'downloads', 'manual__2022-09-29T17:38:49.699221+00:00', '--job-id', '53', '--raw', '--subdir', 'DAGS_FOLDER/group_dag.py', '--cfg-path', '/tmp/tmpq23xej7h', '--error-file', '/tmp/tmpbpash_tt']
[2022-09-29 17:38:50,945] {standard_task_runner.py:80} INFO - Job 53: Subtask downloads
[2022-09-29 17:38:51,100] {task_command.py:369} INFO - Running <TaskInstance: group_dag.downloads manual__2022-09-29T17:38:49.699221+00:00 [running]> on host 6a3c37965d15
[2022-09-29 17:38:51,205] {taskinstance.py:1571} INFO - Exporting the following env vars:
AIRFLOW_CTX_DAG_OWNER=***
AIRFLOW_CTX_DAG_ID=group_dag
AIRFLOW_CTX_TASK_ID=downloads
AIRFLOW_CTX_EXECUTION_DATE=2022-09-29T17:38:49.699221+00:00
AIRFLOW_CTX_TRY_NUMBER=1
AIRFLOW_CTX_DAG_RUN_ID=manual__2022-09-29T17:38:49.699221+00:00
[2022-09-29 17:38:51,206] {warnings.py:110} WARNING - /home/***/.local/lib/python3.7/site-packages/***/utils/context.py:202: AirflowContextDeprecationWarning: Accessing 'execution_date' from the template is deprecated and will be removed in a future version. Please use 'data_interval_start' or 'logical_date' instead.
  warnings.warn(_create_deprecation_warning(key, self._deprecation_replacements[key]))

[2022-09-29 17:38:51,245] {subdag.py:176} INFO - Created DagRun: scheduled__2022-09-29T17:38:49.699221+00:00
[2022-09-29 23:39:11,154] {taskinstance.py:1153} INFO - Dependencies not met for <TaskInstance: group_dag.downloads manual__2022-09-29T17:38:49.699221+00:00 [running]>, dependency 'Task Instance State' FAILED: Task is in the 'running' state.
[2022-09-29 23:39:11,165] {taskinstance.py:1153} INFO - Dependencies not met for <TaskInstance: group_dag.downloads manual__2022-09-29T17:38:49.699221+00:00 [running]>, dependency 'Task Instance Not Running' FAILED: Task is in the running state
[2022-09-29 23:39:11,169] {local_task_job.py:101} INFO - Task is not able to be run
