[2022-08-11 20:50:37,253] {taskinstance.py:1159} INFO - Dependencies all met for <TaskInstance: group_dag.download_c scheduled__2022-08-10T00:00:00+00:00 [queued]>
[2022-08-11 20:50:37,271] {taskinstance.py:1159} INFO - Dependencies all met for <TaskInstance: group_dag.download_c scheduled__2022-08-10T00:00:00+00:00 [queued]>
[2022-08-11 20:50:37,272] {taskinstance.py:1356} INFO - 
--------------------------------------------------------------------------------
[2022-08-11 20:50:37,272] {taskinstance.py:1357} INFO - Starting attempt 1 of 1
[2022-08-11 20:50:37,273] {taskinstance.py:1358} INFO - 
--------------------------------------------------------------------------------
[2022-08-11 20:50:37,303] {taskinstance.py:1377} INFO - Executing <Task(BashOperator): download_c> on 2022-08-10 00:00:00+00:00
[2022-08-11 20:50:37,313] {standard_task_runner.py:52} INFO - Started process 132 to run task
[2022-08-11 20:50:37,317] {standard_task_runner.py:79} INFO - Running: ['***', 'tasks', 'run', 'group_dag', 'download_c', 'scheduled__2022-08-10T00:00:00+00:00', '--job-id', '45', '--raw', '--subdir', 'DAGS_FOLDER/group_dag.py', '--cfg-path', '/tmp/tmp8desxjjl', '--error-file', '/tmp/tmpz69z5fdj']
[2022-08-11 20:50:37,317] {standard_task_runner.py:80} INFO - Job 45: Subtask download_c
[2022-08-11 20:50:37,550] {task_command.py:369} INFO - Running <TaskInstance: group_dag.download_c scheduled__2022-08-10T00:00:00+00:00 [running]> on host d2f496809977
[2022-08-11 20:50:37,706] {taskinstance.py:1571} INFO - Exporting the following env vars:
AIRFLOW_CTX_DAG_OWNER=***
AIRFLOW_CTX_DAG_ID=group_dag
AIRFLOW_CTX_TASK_ID=download_c
AIRFLOW_CTX_EXECUTION_DATE=2022-08-10T00:00:00+00:00
AIRFLOW_CTX_TRY_NUMBER=1
AIRFLOW_CTX_DAG_RUN_ID=scheduled__2022-08-10T00:00:00+00:00
[2022-08-11 20:50:37,709] {subprocess.py:62} INFO - Tmp dir root location: 
 /tmp
[2022-08-11 20:50:37,710] {subprocess.py:74} INFO - Running command: ['bash', '-c', 'sleep 10']
[2022-08-11 20:50:37,729] {subprocess.py:85} INFO - Output:
[2022-08-11 20:50:47,736] {subprocess.py:96} INFO - Command exited with return code 0
[2022-08-11 20:50:47,782] {taskinstance.py:1400} INFO - Marking task as SUCCESS. dag_id=group_dag, task_id=download_c, execution_date=20220810T000000, start_date=20220811T205037, end_date=20220811T205047
[2022-08-11 20:50:47,816] {local_task_job.py:156} INFO - Task exited with return code 0
[2022-08-11 20:50:47,867] {local_task_job.py:273} INFO - 1 downstream tasks scheduled from follow-on schedule check
