[2022-09-29 18:03:44,357] {taskinstance.py:1159} INFO - Dependencies all met for <TaskInstance: taskgroups_dag.downloads.download_a scheduled__2022-09-28T00:00:00+00:00 [queued]>
[2022-09-29 18:03:44,388] {taskinstance.py:1159} INFO - Dependencies all met for <TaskInstance: taskgroups_dag.downloads.download_a scheduled__2022-09-28T00:00:00+00:00 [queued]>
[2022-09-29 18:03:44,390] {taskinstance.py:1356} INFO - 
--------------------------------------------------------------------------------
[2022-09-29 18:03:44,391] {taskinstance.py:1357} INFO - Starting attempt 1 of 1
[2022-09-29 18:03:44,391] {taskinstance.py:1358} INFO - 
--------------------------------------------------------------------------------
[2022-09-29 18:03:44,430] {taskinstance.py:1377} INFO - Executing <Task(BashOperator): downloads.download_a> on 2022-09-28 00:00:00+00:00
[2022-09-29 18:03:44,435] {standard_task_runner.py:52} INFO - Started process 1351 to run task
[2022-09-29 18:03:44,441] {standard_task_runner.py:79} INFO - Running: ['***', 'tasks', 'run', 'taskgroups_dag', 'downloads.download_a', 'scheduled__2022-09-28T00:00:00+00:00', '--job-id', '56', '--raw', '--subdir', 'DAGS_FOLDER/taskgroups_dag.py', '--cfg-path', '/tmp/tmphmpcci69', '--error-file', '/tmp/tmpiazud3cr']
[2022-09-29 18:03:44,442] {standard_task_runner.py:80} INFO - Job 56: Subtask downloads.download_a
[2022-09-29 18:03:44,541] {task_command.py:369} INFO - Running <TaskInstance: taskgroups_dag.downloads.download_a scheduled__2022-09-28T00:00:00+00:00 [running]> on host 6a3c37965d15
[2022-09-29 18:03:44,838] {taskinstance.py:1571} INFO - Exporting the following env vars:
AIRFLOW_CTX_DAG_OWNER=***
AIRFLOW_CTX_DAG_ID=taskgroups_dag
AIRFLOW_CTX_TASK_ID=downloads.download_a
AIRFLOW_CTX_EXECUTION_DATE=2022-09-28T00:00:00+00:00
AIRFLOW_CTX_TRY_NUMBER=1
AIRFLOW_CTX_DAG_RUN_ID=scheduled__2022-09-28T00:00:00+00:00
[2022-09-29 18:03:44,843] {subprocess.py:62} INFO - Tmp dir root location: 
 /tmp
[2022-09-29 18:03:44,846] {subprocess.py:74} INFO - Running command: ['bash', '-c', 'sleep 10']
[2022-09-29 18:03:44,865] {subprocess.py:85} INFO - Output:
[2022-09-29 18:03:54,871] {subprocess.py:96} INFO - Command exited with return code 0
[2022-09-29 18:03:54,931] {taskinstance.py:1400} INFO - Marking task as SUCCESS. dag_id=taskgroups_dag, task_id=downloads.download_a, execution_date=20220928T000000, start_date=20220929T180344, end_date=20220929T180354
[2022-09-29 18:03:55,000] {local_task_job.py:156} INFO - Task exited with return code 0
[2022-09-29 18:03:55,073] {local_task_job.py:273} INFO - 1 downstream tasks scheduled from follow-on schedule check
