[2022-08-11 20:13:14,226] {taskinstance.py:1159} INFO - Dependencies all met for <TaskInstance: parallel_dag.extract_b scheduled__2022-08-10T00:00:00+00:00 [queued]>
[2022-08-11 20:13:14,236] {taskinstance.py:1159} INFO - Dependencies all met for <TaskInstance: parallel_dag.extract_b scheduled__2022-08-10T00:00:00+00:00 [queued]>
[2022-08-11 20:13:14,237] {taskinstance.py:1356} INFO - 
--------------------------------------------------------------------------------
[2022-08-11 20:13:14,237] {taskinstance.py:1357} INFO - Starting attempt 1 of 1
[2022-08-11 20:13:14,238] {taskinstance.py:1358} INFO - 
--------------------------------------------------------------------------------
[2022-08-11 20:13:14,255] {taskinstance.py:1377} INFO - Executing <Task(BashOperator): extract_b> on 2022-08-10 00:00:00+00:00
[2022-08-11 20:13:14,260] {standard_task_runner.py:52} INFO - Started process 608 to run task
[2022-08-11 20:13:14,264] {standard_task_runner.py:79} INFO - Running: ['***', 'tasks', 'run', 'parallel_dag', 'extract_b', 'scheduled__2022-08-10T00:00:00+00:00', '--job-id', '31', '--raw', '--subdir', 'DAGS_FOLDER/parallel_dag.py', '--cfg-path', '/tmp/tmpgp1f01xy', '--error-file', '/tmp/tmpumt76n_b']
[2022-08-11 20:13:14,265] {standard_task_runner.py:80} INFO - Job 31: Subtask extract_b
[2022-08-11 20:13:14,323] {task_command.py:369} INFO - Running <TaskInstance: parallel_dag.extract_b scheduled__2022-08-10T00:00:00+00:00 [running]> on host b9902ebfda34
[2022-08-11 20:13:14,405] {taskinstance.py:1571} INFO - Exporting the following env vars:
AIRFLOW_CTX_DAG_OWNER=***
AIRFLOW_CTX_DAG_ID=parallel_dag
AIRFLOW_CTX_TASK_ID=extract_b
AIRFLOW_CTX_EXECUTION_DATE=2022-08-10T00:00:00+00:00
AIRFLOW_CTX_TRY_NUMBER=1
AIRFLOW_CTX_DAG_RUN_ID=scheduled__2022-08-10T00:00:00+00:00
[2022-08-11 20:13:14,406] {subprocess.py:62} INFO - Tmp dir root location: 
 /tmp
[2022-08-11 20:13:14,407] {subprocess.py:74} INFO - Running command: ['bash', '-c', 'sleep 10']
[2022-08-11 20:13:14,418] {subprocess.py:85} INFO - Output:
[2022-08-11 20:13:24,427] {subprocess.py:96} INFO - Command exited with return code 0
[2022-08-11 20:13:24,490] {taskinstance.py:1400} INFO - Marking task as SUCCESS. dag_id=parallel_dag, task_id=extract_b, execution_date=20220810T000000, start_date=20220811T201314, end_date=20220811T201324
[2022-08-11 20:13:24,564] {local_task_job.py:156} INFO - Task exited with return code 0
[2022-08-11 20:13:24,613] {local_task_job.py:273} INFO - 1 downstream tasks scheduled from follow-on schedule check
