[2022-09-29 17:38:42,734] {taskinstance.py:1159} INFO - Dependencies all met for <TaskInstance: group_dag.downloads scheduled__2022-09-28T00:00:00+00:00 [queued]>
[2022-09-29 17:38:42,744] {taskinstance.py:1159} INFO - Dependencies all met for <TaskInstance: group_dag.downloads scheduled__2022-09-28T00:00:00+00:00 [queued]>
[2022-09-29 17:38:42,745] {taskinstance.py:1356} INFO - 
--------------------------------------------------------------------------------
[2022-09-29 17:38:42,745] {taskinstance.py:1357} INFO - Starting attempt 1 of 1
[2022-09-29 17:38:42,748] {taskinstance.py:1358} INFO - 
--------------------------------------------------------------------------------
[2022-09-29 17:38:42,769] {taskinstance.py:1377} INFO - Executing <Task(SubDagOperator): downloads> on 2022-09-28 00:00:00+00:00
[2022-09-29 17:38:42,774] {standard_task_runner.py:52} INFO - Started process 246 to run task
[2022-09-29 17:38:42,777] {standard_task_runner.py:79} INFO - Running: ['***', 'tasks', 'run', 'group_dag', 'downloads', 'scheduled__2022-09-28T00:00:00+00:00', '--job-id', '52', '--raw', '--subdir', 'DAGS_FOLDER/group_dag.py', '--cfg-path', '/tmp/tmpo6cjztxa', '--error-file', '/tmp/tmp6pr29798']
[2022-09-29 17:38:42,780] {standard_task_runner.py:80} INFO - Job 52: Subtask downloads
[2022-09-29 17:38:42,844] {task_command.py:369} INFO - Running <TaskInstance: group_dag.downloads scheduled__2022-09-28T00:00:00+00:00 [running]> on host 6a3c37965d15
[2022-09-29 17:38:42,932] {taskinstance.py:1571} INFO - Exporting the following env vars:
AIRFLOW_CTX_DAG_OWNER=***
AIRFLOW_CTX_DAG_ID=group_dag
AIRFLOW_CTX_TASK_ID=downloads
AIRFLOW_CTX_EXECUTION_DATE=2022-09-28T00:00:00+00:00
AIRFLOW_CTX_TRY_NUMBER=1
AIRFLOW_CTX_DAG_RUN_ID=scheduled__2022-09-28T00:00:00+00:00
[2022-09-29 17:38:42,934] {warnings.py:110} WARNING - /home/***/.local/lib/python3.7/site-packages/***/utils/context.py:202: AirflowContextDeprecationWarning: Accessing 'execution_date' from the template is deprecated and will be removed in a future version. Please use 'data_interval_start' or 'logical_date' instead.
  warnings.warn(_create_deprecation_warning(key, self._deprecation_replacements[key]))

[2022-09-29 17:38:42,969] {subdag.py:176} INFO - Created DagRun: scheduled__2022-09-28T00:00:00+00:00
[2022-09-29 23:39:11,214] {taskinstance.py:1153} INFO - Dependencies not met for <TaskInstance: group_dag.downloads scheduled__2022-09-28T00:00:00+00:00 [running]>, dependency 'Task Instance State' FAILED: Task is in the 'running' state.
[2022-09-29 23:39:11,248] {taskinstance.py:1153} INFO - Dependencies not met for <TaskInstance: group_dag.downloads scheduled__2022-09-28T00:00:00+00:00 [running]>, dependency 'Task Instance Not Running' FAILED: Task is in the running state
[2022-09-29 23:39:11,251] {local_task_job.py:101} INFO - Task is not able to be run
