[2022-08-11 20:13:51,245] {taskinstance.py:1159} INFO - Dependencies all met for <TaskInstance: parallel_dag.load_b manual__2022-08-11T20:13:38.589055+00:00 [queued]>
[2022-08-11 20:13:51,261] {taskinstance.py:1159} INFO - Dependencies all met for <TaskInstance: parallel_dag.load_b manual__2022-08-11T20:13:38.589055+00:00 [queued]>
[2022-08-11 20:13:51,261] {taskinstance.py:1356} INFO - 
--------------------------------------------------------------------------------
[2022-08-11 20:13:51,262] {taskinstance.py:1357} INFO - Starting attempt 1 of 1
[2022-08-11 20:13:51,262] {taskinstance.py:1358} INFO - 
--------------------------------------------------------------------------------
[2022-08-11 20:13:51,289] {taskinstance.py:1377} INFO - Executing <Task(BashOperator): load_b> on 2022-08-11 20:13:38.589055+00:00
[2022-08-11 20:13:51,295] {standard_task_runner.py:52} INFO - Started process 653 to run task
[2022-08-11 20:13:51,299] {standard_task_runner.py:79} INFO - Running: ['***', 'tasks', 'run', 'parallel_dag', 'load_b', 'manual__2022-08-11T20:13:38.589055+00:00', '--job-id', '39', '--raw', '--subdir', 'DAGS_FOLDER/parallel_dag.py', '--cfg-path', '/tmp/tmpqkz04bzb', '--error-file', '/tmp/tmpsbqhm1i_']
[2022-08-11 20:13:51,300] {standard_task_runner.py:80} INFO - Job 39: Subtask load_b
[2022-08-11 20:13:51,369] {task_command.py:369} INFO - Running <TaskInstance: parallel_dag.load_b manual__2022-08-11T20:13:38.589055+00:00 [running]> on host b9902ebfda34
[2022-08-11 20:13:51,485] {taskinstance.py:1571} INFO - Exporting the following env vars:
AIRFLOW_CTX_DAG_OWNER=***
AIRFLOW_CTX_DAG_ID=parallel_dag
AIRFLOW_CTX_TASK_ID=load_b
AIRFLOW_CTX_EXECUTION_DATE=2022-08-11T20:13:38.589055+00:00
AIRFLOW_CTX_TRY_NUMBER=1
AIRFLOW_CTX_DAG_RUN_ID=manual__2022-08-11T20:13:38.589055+00:00
[2022-08-11 20:13:51,487] {subprocess.py:62} INFO - Tmp dir root location: 
 /tmp
[2022-08-11 20:13:51,489] {subprocess.py:74} INFO - Running command: ['bash', '-c', 'sleep 10']
[2022-08-11 20:13:51,500] {subprocess.py:85} INFO - Output:
[2022-08-11 20:14:01,508] {subprocess.py:96} INFO - Command exited with return code 0
[2022-08-11 20:14:01,604] {taskinstance.py:1400} INFO - Marking task as SUCCESS. dag_id=parallel_dag, task_id=load_b, execution_date=20220811T201338, start_date=20220811T201351, end_date=20220811T201401
[2022-08-11 20:14:01,629] {local_task_job.py:156} INFO - Task exited with return code 0
[2022-08-11 20:14:01,671] {local_task_job.py:273} INFO - 1 downstream tasks scheduled from follow-on schedule check
