[2022-08-11 20:13:14,187] {taskinstance.py:1159} INFO - Dependencies all met for <TaskInstance: parallel_dag.extract_a scheduled__2022-08-10T00:00:00+00:00 [queued]>
[2022-08-11 20:13:14,197] {taskinstance.py:1159} INFO - Dependencies all met for <TaskInstance: parallel_dag.extract_a scheduled__2022-08-10T00:00:00+00:00 [queued]>
[2022-08-11 20:13:14,198] {taskinstance.py:1356} INFO - 
--------------------------------------------------------------------------------
[2022-08-11 20:13:14,198] {taskinstance.py:1357} INFO - Starting attempt 1 of 1
[2022-08-11 20:13:14,198] {taskinstance.py:1358} INFO - 
--------------------------------------------------------------------------------
[2022-08-11 20:13:14,216] {taskinstance.py:1377} INFO - Executing <Task(BashOperator): extract_a> on 2022-08-10 00:00:00+00:00
[2022-08-11 20:13:14,220] {standard_task_runner.py:52} INFO - Started process 607 to run task
[2022-08-11 20:13:14,223] {standard_task_runner.py:79} INFO - Running: ['***', 'tasks', 'run', 'parallel_dag', 'extract_a', 'scheduled__2022-08-10T00:00:00+00:00', '--job-id', '32', '--raw', '--subdir', 'DAGS_FOLDER/parallel_dag.py', '--cfg-path', '/tmp/tmp7ht34aef', '--error-file', '/tmp/tmpkm75j1my']
[2022-08-11 20:13:14,224] {standard_task_runner.py:80} INFO - Job 32: Subtask extract_a
[2022-08-11 20:13:14,282] {task_command.py:369} INFO - Running <TaskInstance: parallel_dag.extract_a scheduled__2022-08-10T00:00:00+00:00 [running]> on host b9902ebfda34
[2022-08-11 20:13:14,368] {taskinstance.py:1571} INFO - Exporting the following env vars:
AIRFLOW_CTX_DAG_OWNER=***
AIRFLOW_CTX_DAG_ID=parallel_dag
AIRFLOW_CTX_TASK_ID=extract_a
AIRFLOW_CTX_EXECUTION_DATE=2022-08-10T00:00:00+00:00
AIRFLOW_CTX_TRY_NUMBER=1
AIRFLOW_CTX_DAG_RUN_ID=scheduled__2022-08-10T00:00:00+00:00
[2022-08-11 20:13:14,369] {subprocess.py:62} INFO - Tmp dir root location: 
 /tmp
[2022-08-11 20:13:14,371] {subprocess.py:74} INFO - Running command: ['bash', '-c', 'sleep 10']
[2022-08-11 20:13:14,382] {subprocess.py:85} INFO - Output:
[2022-08-11 20:13:24,412] {subprocess.py:96} INFO - Command exited with return code 0
[2022-08-11 20:13:24,516] {taskinstance.py:1400} INFO - Marking task as SUCCESS. dag_id=parallel_dag, task_id=extract_a, execution_date=20220810T000000, start_date=20220811T201314, end_date=20220811T201324
[2022-08-11 20:13:24,567] {local_task_job.py:156} INFO - Task exited with return code 0
[2022-08-11 20:13:24,645] {local_task_job.py:273} INFO - 1 downstream tasks scheduled from follow-on schedule check
