[2022-09-29 18:03:43,460] {taskinstance.py:1159} INFO - Dependencies all met for <TaskInstance: taskgroups_dag.downloads.download_b scheduled__2022-09-28T00:00:00+00:00 [queued]>
[2022-09-29 18:03:43,484] {taskinstance.py:1159} INFO - Dependencies all met for <TaskInstance: taskgroups_dag.downloads.download_b scheduled__2022-09-28T00:00:00+00:00 [queued]>
[2022-09-29 18:03:43,485] {taskinstance.py:1356} INFO - 
--------------------------------------------------------------------------------
[2022-09-29 18:03:43,486] {taskinstance.py:1357} INFO - Starting attempt 1 of 1
[2022-09-29 18:03:43,487] {taskinstance.py:1358} INFO - 
--------------------------------------------------------------------------------
[2022-09-29 18:03:43,527] {taskinstance.py:1377} INFO - Executing <Task(BashOperator): downloads.download_b> on 2022-09-28 00:00:00+00:00
[2022-09-29 18:03:43,536] {standard_task_runner.py:52} INFO - Started process 1604 to run task
[2022-09-29 18:03:43,548] {standard_task_runner.py:79} INFO - Running: ['***', 'tasks', 'run', 'taskgroups_dag', 'downloads.download_b', 'scheduled__2022-09-28T00:00:00+00:00', '--job-id', '55', '--raw', '--subdir', 'DAGS_FOLDER/taskgroups_dag.py', '--cfg-path', '/tmp/tmpt7ffb07s', '--error-file', '/tmp/tmplg_epezw']
[2022-09-29 18:03:43,549] {standard_task_runner.py:80} INFO - Job 55: Subtask downloads.download_b
[2022-09-29 18:03:43,715] {task_command.py:369} INFO - Running <TaskInstance: taskgroups_dag.downloads.download_b scheduled__2022-09-28T00:00:00+00:00 [running]> on host d2f496809977
[2022-09-29 18:03:43,978] {taskinstance.py:1571} INFO - Exporting the following env vars:
AIRFLOW_CTX_DAG_OWNER=***
AIRFLOW_CTX_DAG_ID=taskgroups_dag
AIRFLOW_CTX_TASK_ID=downloads.download_b
AIRFLOW_CTX_EXECUTION_DATE=2022-09-28T00:00:00+00:00
AIRFLOW_CTX_TRY_NUMBER=1
AIRFLOW_CTX_DAG_RUN_ID=scheduled__2022-09-28T00:00:00+00:00
[2022-09-29 18:03:43,982] {subprocess.py:62} INFO - Tmp dir root location: 
 /tmp
[2022-09-29 18:03:43,988] {subprocess.py:74} INFO - Running command: ['bash', '-c', 'sleep 10']
[2022-09-29 18:03:44,027] {subprocess.py:85} INFO - Output:
[2022-09-29 18:03:54,041] {subprocess.py:96} INFO - Command exited with return code 0
[2022-09-29 18:03:54,112] {taskinstance.py:1400} INFO - Marking task as SUCCESS. dag_id=taskgroups_dag, task_id=downloads.download_b, execution_date=20220928T000000, start_date=20220929T180343, end_date=20220929T180354
[2022-09-29 18:03:54,169] {local_task_job.py:156} INFO - Task exited with return code 0
[2022-09-29 18:03:54,334] {local_task_job.py:273} INFO - 0 downstream tasks scheduled from follow-on schedule check
