[2022-06-27 02:14:11,864] {processor.py:153} INFO - Started process (PID=9900) to work on /home/airflow/.local/lib/python3.7/site-packages/airflow/example_dags/example_external_task_marker_dag.py
[2022-06-27 02:14:11,866] {processor.py:641} INFO - Processing file /home/airflow/.local/lib/python3.7/site-packages/airflow/example_dags/example_external_task_marker_dag.py for tasks to queue
[2022-06-27 02:14:11,868] {logging_mixin.py:115} INFO - [2022-06-27 02:14:11,868] {dagbag.py:507} INFO - Filling up the DagBag from /home/airflow/.local/lib/python3.7/site-packages/airflow/example_dags/example_external_task_marker_dag.py
[2022-06-27 02:14:11,881] {processor.py:651} INFO - DAG(s) dict_keys(['example_external_task_marker_parent', 'example_external_task_marker_child']) retrieved from /home/airflow/.local/lib/python3.7/site-packages/airflow/example_dags/example_external_task_marker_dag.py
[2022-06-27 02:14:12,043] {logging_mixin.py:115} INFO - [2022-06-27 02:14:12,043] {dag.py:2371} INFO - Sync 2 DAGs
[2022-06-27 02:14:12,135] {logging_mixin.py:115} INFO - [2022-06-27 02:14:12,135] {dag.py:2919} INFO - Setting next_dagrun for example_external_task_marker_child to None, run_after=None
[2022-06-27 02:14:12,137] {logging_mixin.py:115} INFO - [2022-06-27 02:14:12,136] {dag.py:2919} INFO - Setting next_dagrun for example_external_task_marker_parent to None, run_after=None
[2022-06-27 02:14:12,195] {processor.py:161} INFO - Processing /home/airflow/.local/lib/python3.7/site-packages/airflow/example_dags/example_external_task_marker_dag.py took 0.339 seconds
[2022-06-27 02:14:42,944] {processor.py:153} INFO - Started process (PID=9954) to work on /home/airflow/.local/lib/python3.7/site-packages/airflow/example_dags/example_external_task_marker_dag.py
[2022-06-27 02:14:42,945] {processor.py:641} INFO - Processing file /home/airflow/.local/lib/python3.7/site-packages/airflow/example_dags/example_external_task_marker_dag.py for tasks to queue
[2022-06-27 02:14:42,947] {logging_mixin.py:115} INFO - [2022-06-27 02:14:42,947] {dagbag.py:507} INFO - Filling up the DagBag from /home/airflow/.local/lib/python3.7/site-packages/airflow/example_dags/example_external_task_marker_dag.py
[2022-06-27 02:14:42,955] {processor.py:651} INFO - DAG(s) dict_keys(['example_external_task_marker_parent', 'example_external_task_marker_child']) retrieved from /home/airflow/.local/lib/python3.7/site-packages/airflow/example_dags/example_external_task_marker_dag.py
[2022-06-27 02:14:43,054] {logging_mixin.py:115} INFO - [2022-06-27 02:14:43,054] {dag.py:2371} INFO - Sync 2 DAGs
[2022-06-27 02:14:43,104] {logging_mixin.py:115} INFO - [2022-06-27 02:14:43,104] {dag.py:2919} INFO - Setting next_dagrun for example_external_task_marker_child to None, run_after=None
[2022-06-27 02:14:43,105] {logging_mixin.py:115} INFO - [2022-06-27 02:14:43,105] {dag.py:2919} INFO - Setting next_dagrun for example_external_task_marker_parent to None, run_after=None
[2022-06-27 02:14:43,147] {processor.py:161} INFO - Processing /home/airflow/.local/lib/python3.7/site-packages/airflow/example_dags/example_external_task_marker_dag.py took 0.211 seconds
[2022-06-27 02:15:13,311] {processor.py:153} INFO - Started process (PID=10008) to work on /home/airflow/.local/lib/python3.7/site-packages/airflow/example_dags/example_external_task_marker_dag.py
[2022-06-27 02:15:13,313] {processor.py:641} INFO - Processing file /home/airflow/.local/lib/python3.7/site-packages/airflow/example_dags/example_external_task_marker_dag.py for tasks to queue
[2022-06-27 02:15:13,314] {logging_mixin.py:115} INFO - [2022-06-27 02:15:13,314] {dagbag.py:507} INFO - Filling up the DagBag from /home/airflow/.local/lib/python3.7/site-packages/airflow/example_dags/example_external_task_marker_dag.py
[2022-06-27 02:15:13,324] {processor.py:651} INFO - DAG(s) dict_keys(['example_external_task_marker_parent', 'example_external_task_marker_child']) retrieved from /home/airflow/.local/lib/python3.7/site-packages/airflow/example_dags/example_external_task_marker_dag.py
[2022-06-27 02:15:13,421] {logging_mixin.py:115} INFO - [2022-06-27 02:15:13,421] {dag.py:2371} INFO - Sync 2 DAGs
[2022-06-27 02:15:13,472] {logging_mixin.py:115} INFO - [2022-06-27 02:15:13,472] {dag.py:2919} INFO - Setting next_dagrun for example_external_task_marker_child to None, run_after=None
[2022-06-27 02:15:13,473] {logging_mixin.py:115} INFO - [2022-06-27 02:15:13,473] {dag.py:2919} INFO - Setting next_dagrun for example_external_task_marker_parent to None, run_after=None
[2022-06-27 02:15:13,524] {processor.py:161} INFO - Processing /home/airflow/.local/lib/python3.7/site-packages/airflow/example_dags/example_external_task_marker_dag.py took 0.219 seconds
[2022-06-27 02:15:43,852] {processor.py:153} INFO - Started process (PID=10071) to work on /home/airflow/.local/lib/python3.7/site-packages/airflow/example_dags/example_external_task_marker_dag.py
[2022-06-27 02:15:43,854] {processor.py:641} INFO - Processing file /home/airflow/.local/lib/python3.7/site-packages/airflow/example_dags/example_external_task_marker_dag.py for tasks to queue
[2022-06-27 02:15:43,855] {logging_mixin.py:115} INFO - [2022-06-27 02:15:43,855] {dagbag.py:507} INFO - Filling up the DagBag from /home/airflow/.local/lib/python3.7/site-packages/airflow/example_dags/example_external_task_marker_dag.py
[2022-06-27 02:15:43,863] {processor.py:651} INFO - DAG(s) dict_keys(['example_external_task_marker_parent', 'example_external_task_marker_child']) retrieved from /home/airflow/.local/lib/python3.7/site-packages/airflow/example_dags/example_external_task_marker_dag.py
[2022-06-27 02:15:43,957] {logging_mixin.py:115} INFO - [2022-06-27 02:15:43,957] {dag.py:2371} INFO - Sync 2 DAGs
[2022-06-27 02:15:43,995] {logging_mixin.py:115} INFO - [2022-06-27 02:15:43,995] {dag.py:2919} INFO - Setting next_dagrun for example_external_task_marker_child to None, run_after=None
[2022-06-27 02:15:43,996] {logging_mixin.py:115} INFO - [2022-06-27 02:15:43,996] {dag.py:2919} INFO - Setting next_dagrun for example_external_task_marker_parent to None, run_after=None
[2022-06-27 02:15:44,058] {processor.py:161} INFO - Processing /home/airflow/.local/lib/python3.7/site-packages/airflow/example_dags/example_external_task_marker_dag.py took 0.211 seconds
[2022-06-27 02:16:14,401] {processor.py:153} INFO - Started process (PID=10125) to work on /home/airflow/.local/lib/python3.7/site-packages/airflow/example_dags/example_external_task_marker_dag.py
[2022-06-27 02:16:14,402] {processor.py:641} INFO - Processing file /home/airflow/.local/lib/python3.7/site-packages/airflow/example_dags/example_external_task_marker_dag.py for tasks to queue
[2022-06-27 02:16:14,403] {logging_mixin.py:115} INFO - [2022-06-27 02:16:14,403] {dagbag.py:507} INFO - Filling up the DagBag from /home/airflow/.local/lib/python3.7/site-packages/airflow/example_dags/example_external_task_marker_dag.py
[2022-06-27 02:16:14,411] {processor.py:651} INFO - DAG(s) dict_keys(['example_external_task_marker_parent', 'example_external_task_marker_child']) retrieved from /home/airflow/.local/lib/python3.7/site-packages/airflow/example_dags/example_external_task_marker_dag.py
[2022-06-27 02:16:14,501] {logging_mixin.py:115} INFO - [2022-06-27 02:16:14,501] {dag.py:2371} INFO - Sync 2 DAGs
[2022-06-27 02:16:14,546] {logging_mixin.py:115} INFO - [2022-06-27 02:16:14,546] {dag.py:2919} INFO - Setting next_dagrun for example_external_task_marker_child to None, run_after=None
[2022-06-27 02:16:14,547] {logging_mixin.py:115} INFO - [2022-06-27 02:16:14,547] {dag.py:2919} INFO - Setting next_dagrun for example_external_task_marker_parent to None, run_after=None
[2022-06-27 02:16:14,592] {processor.py:161} INFO - Processing /home/airflow/.local/lib/python3.7/site-packages/airflow/example_dags/example_external_task_marker_dag.py took 0.197 seconds
[2022-06-27 02:16:45,363] {processor.py:153} INFO - Started process (PID=10188) to work on /home/airflow/.local/lib/python3.7/site-packages/airflow/example_dags/example_external_task_marker_dag.py
[2022-06-27 02:16:45,364] {processor.py:641} INFO - Processing file /home/airflow/.local/lib/python3.7/site-packages/airflow/example_dags/example_external_task_marker_dag.py for tasks to queue
[2022-06-27 02:16:45,366] {logging_mixin.py:115} INFO - [2022-06-27 02:16:45,366] {dagbag.py:507} INFO - Filling up the DagBag from /home/airflow/.local/lib/python3.7/site-packages/airflow/example_dags/example_external_task_marker_dag.py
[2022-06-27 02:16:45,374] {processor.py:651} INFO - DAG(s) dict_keys(['example_external_task_marker_parent', 'example_external_task_marker_child']) retrieved from /home/airflow/.local/lib/python3.7/site-packages/airflow/example_dags/example_external_task_marker_dag.py
[2022-06-27 02:16:45,453] {logging_mixin.py:115} INFO - [2022-06-27 02:16:45,453] {dag.py:2371} INFO - Sync 2 DAGs
[2022-06-27 02:16:45,488] {logging_mixin.py:115} INFO - [2022-06-27 02:16:45,487] {dag.py:2919} INFO - Setting next_dagrun for example_external_task_marker_child to None, run_after=None
[2022-06-27 02:16:45,489] {logging_mixin.py:115} INFO - [2022-06-27 02:16:45,489] {dag.py:2919} INFO - Setting next_dagrun for example_external_task_marker_parent to None, run_after=None
[2022-06-27 02:16:45,530] {processor.py:161} INFO - Processing /home/airflow/.local/lib/python3.7/site-packages/airflow/example_dags/example_external_task_marker_dag.py took 0.172 seconds
[2022-06-27 02:17:16,237] {processor.py:153} INFO - Started process (PID=10242) to work on /home/airflow/.local/lib/python3.7/site-packages/airflow/example_dags/example_external_task_marker_dag.py
[2022-06-27 02:17:16,239] {processor.py:641} INFO - Processing file /home/airflow/.local/lib/python3.7/site-packages/airflow/example_dags/example_external_task_marker_dag.py for tasks to queue
[2022-06-27 02:17:16,240] {logging_mixin.py:115} INFO - [2022-06-27 02:17:16,240] {dagbag.py:507} INFO - Filling up the DagBag from /home/airflow/.local/lib/python3.7/site-packages/airflow/example_dags/example_external_task_marker_dag.py
[2022-06-27 02:17:16,249] {processor.py:651} INFO - DAG(s) dict_keys(['example_external_task_marker_parent', 'example_external_task_marker_child']) retrieved from /home/airflow/.local/lib/python3.7/site-packages/airflow/example_dags/example_external_task_marker_dag.py
[2022-06-27 02:17:16,332] {logging_mixin.py:115} INFO - [2022-06-27 02:17:16,332] {dag.py:2371} INFO - Sync 2 DAGs
[2022-06-27 02:17:16,369] {logging_mixin.py:115} INFO - [2022-06-27 02:17:16,369] {dag.py:2919} INFO - Setting next_dagrun for example_external_task_marker_child to None, run_after=None
[2022-06-27 02:17:16,370] {logging_mixin.py:115} INFO - [2022-06-27 02:17:16,370] {dag.py:2919} INFO - Setting next_dagrun for example_external_task_marker_parent to None, run_after=None
[2022-06-27 02:17:16,392] {processor.py:161} INFO - Processing /home/airflow/.local/lib/python3.7/site-packages/airflow/example_dags/example_external_task_marker_dag.py took 0.161 seconds
[2022-06-27 02:17:46,874] {processor.py:153} INFO - Started process (PID=10305) to work on /home/airflow/.local/lib/python3.7/site-packages/airflow/example_dags/example_external_task_marker_dag.py
[2022-06-27 02:17:46,875] {processor.py:641} INFO - Processing file /home/airflow/.local/lib/python3.7/site-packages/airflow/example_dags/example_external_task_marker_dag.py for tasks to queue
[2022-06-27 02:17:46,877] {logging_mixin.py:115} INFO - [2022-06-27 02:17:46,877] {dagbag.py:507} INFO - Filling up the DagBag from /home/airflow/.local/lib/python3.7/site-packages/airflow/example_dags/example_external_task_marker_dag.py
[2022-06-27 02:17:46,885] {processor.py:651} INFO - DAG(s) dict_keys(['example_external_task_marker_parent', 'example_external_task_marker_child']) retrieved from /home/airflow/.local/lib/python3.7/site-packages/airflow/example_dags/example_external_task_marker_dag.py
[2022-06-27 02:17:46,984] {logging_mixin.py:115} INFO - [2022-06-27 02:17:46,984] {dag.py:2371} INFO - Sync 2 DAGs
[2022-06-27 02:17:47,030] {logging_mixin.py:115} INFO - [2022-06-27 02:17:47,030] {dag.py:2919} INFO - Setting next_dagrun for example_external_task_marker_child to None, run_after=None
[2022-06-27 02:17:47,031] {logging_mixin.py:115} INFO - [2022-06-27 02:17:47,031] {dag.py:2919} INFO - Setting next_dagrun for example_external_task_marker_parent to None, run_after=None
[2022-06-27 02:17:47,065] {processor.py:161} INFO - Processing /home/airflow/.local/lib/python3.7/site-packages/airflow/example_dags/example_external_task_marker_dag.py took 0.197 seconds
[2022-06-27 02:18:17,913] {processor.py:153} INFO - Started process (PID=10359) to work on /home/airflow/.local/lib/python3.7/site-packages/airflow/example_dags/example_external_task_marker_dag.py
[2022-06-27 02:18:17,914] {processor.py:641} INFO - Processing file /home/airflow/.local/lib/python3.7/site-packages/airflow/example_dags/example_external_task_marker_dag.py for tasks to queue
[2022-06-27 02:18:17,916] {logging_mixin.py:115} INFO - [2022-06-27 02:18:17,916] {dagbag.py:507} INFO - Filling up the DagBag from /home/airflow/.local/lib/python3.7/site-packages/airflow/example_dags/example_external_task_marker_dag.py
[2022-06-27 02:18:17,923] {processor.py:651} INFO - DAG(s) dict_keys(['example_external_task_marker_parent', 'example_external_task_marker_child']) retrieved from /home/airflow/.local/lib/python3.7/site-packages/airflow/example_dags/example_external_task_marker_dag.py
[2022-06-27 02:18:18,006] {logging_mixin.py:115} INFO - [2022-06-27 02:18:18,005] {dag.py:2371} INFO - Sync 2 DAGs
[2022-06-27 02:18:18,046] {logging_mixin.py:115} INFO - [2022-06-27 02:18:18,045] {dag.py:2919} INFO - Setting next_dagrun for example_external_task_marker_child to None, run_after=None
[2022-06-27 02:18:18,046] {logging_mixin.py:115} INFO - [2022-06-27 02:18:18,046] {dag.py:2919} INFO - Setting next_dagrun for example_external_task_marker_parent to None, run_after=None
[2022-06-27 02:18:18,089] {processor.py:161} INFO - Processing /home/airflow/.local/lib/python3.7/site-packages/airflow/example_dags/example_external_task_marker_dag.py took 0.181 seconds
[2022-06-27 02:18:48,232] {processor.py:153} INFO - Started process (PID=10422) to work on /home/airflow/.local/lib/python3.7/site-packages/airflow/example_dags/example_external_task_marker_dag.py
[2022-06-27 02:18:48,234] {processor.py:641} INFO - Processing file /home/airflow/.local/lib/python3.7/site-packages/airflow/example_dags/example_external_task_marker_dag.py for tasks to queue
[2022-06-27 02:18:48,235] {logging_mixin.py:115} INFO - [2022-06-27 02:18:48,235] {dagbag.py:507} INFO - Filling up the DagBag from /home/airflow/.local/lib/python3.7/site-packages/airflow/example_dags/example_external_task_marker_dag.py
[2022-06-27 02:18:48,243] {processor.py:651} INFO - DAG(s) dict_keys(['example_external_task_marker_parent', 'example_external_task_marker_child']) retrieved from /home/airflow/.local/lib/python3.7/site-packages/airflow/example_dags/example_external_task_marker_dag.py
[2022-06-27 02:18:48,326] {logging_mixin.py:115} INFO - [2022-06-27 02:18:48,325] {dag.py:2371} INFO - Sync 2 DAGs
[2022-06-27 02:18:48,362] {logging_mixin.py:115} INFO - [2022-06-27 02:18:48,362] {dag.py:2919} INFO - Setting next_dagrun for example_external_task_marker_child to None, run_after=None
[2022-06-27 02:18:48,363] {logging_mixin.py:115} INFO - [2022-06-27 02:18:48,363] {dag.py:2919} INFO - Setting next_dagrun for example_external_task_marker_parent to None, run_after=None
[2022-06-27 02:18:48,391] {processor.py:161} INFO - Processing /home/airflow/.local/lib/python3.7/site-packages/airflow/example_dags/example_external_task_marker_dag.py took 0.164 seconds
[2022-06-27 02:19:18,685] {processor.py:153} INFO - Started process (PID=10476) to work on /home/airflow/.local/lib/python3.7/site-packages/airflow/example_dags/example_external_task_marker_dag.py
[2022-06-27 02:19:18,687] {processor.py:641} INFO - Processing file /home/airflow/.local/lib/python3.7/site-packages/airflow/example_dags/example_external_task_marker_dag.py for tasks to queue
[2022-06-27 02:19:18,688] {logging_mixin.py:115} INFO - [2022-06-27 02:19:18,688] {dagbag.py:507} INFO - Filling up the DagBag from /home/airflow/.local/lib/python3.7/site-packages/airflow/example_dags/example_external_task_marker_dag.py
[2022-06-27 02:19:18,697] {processor.py:651} INFO - DAG(s) dict_keys(['example_external_task_marker_parent', 'example_external_task_marker_child']) retrieved from /home/airflow/.local/lib/python3.7/site-packages/airflow/example_dags/example_external_task_marker_dag.py
[2022-06-27 02:19:18,790] {logging_mixin.py:115} INFO - [2022-06-27 02:19:18,790] {dag.py:2371} INFO - Sync 2 DAGs
[2022-06-27 02:19:18,833] {logging_mixin.py:115} INFO - [2022-06-27 02:19:18,832] {dag.py:2919} INFO - Setting next_dagrun for example_external_task_marker_child to None, run_after=None
[2022-06-27 02:19:18,834] {logging_mixin.py:115} INFO - [2022-06-27 02:19:18,833] {dag.py:2919} INFO - Setting next_dagrun for example_external_task_marker_parent to None, run_after=None
[2022-06-27 02:19:18,887] {processor.py:161} INFO - Processing /home/airflow/.local/lib/python3.7/site-packages/airflow/example_dags/example_external_task_marker_dag.py took 0.208 seconds
[2022-06-27 02:19:49,215] {processor.py:153} INFO - Started process (PID=10539) to work on /home/airflow/.local/lib/python3.7/site-packages/airflow/example_dags/example_external_task_marker_dag.py
[2022-06-27 02:19:49,216] {processor.py:641} INFO - Processing file /home/airflow/.local/lib/python3.7/site-packages/airflow/example_dags/example_external_task_marker_dag.py for tasks to queue
[2022-06-27 02:19:49,218] {logging_mixin.py:115} INFO - [2022-06-27 02:19:49,218] {dagbag.py:507} INFO - Filling up the DagBag from /home/airflow/.local/lib/python3.7/site-packages/airflow/example_dags/example_external_task_marker_dag.py
[2022-06-27 02:19:49,228] {processor.py:651} INFO - DAG(s) dict_keys(['example_external_task_marker_parent', 'example_external_task_marker_child']) retrieved from /home/airflow/.local/lib/python3.7/site-packages/airflow/example_dags/example_external_task_marker_dag.py
[2022-06-27 02:19:49,317] {logging_mixin.py:115} INFO - [2022-06-27 02:19:49,317] {dag.py:2371} INFO - Sync 2 DAGs
[2022-06-27 02:19:49,351] {logging_mixin.py:115} INFO - [2022-06-27 02:19:49,351] {dag.py:2919} INFO - Setting next_dagrun for example_external_task_marker_child to None, run_after=None
[2022-06-27 02:19:49,352] {logging_mixin.py:115} INFO - [2022-06-27 02:19:49,352] {dag.py:2919} INFO - Setting next_dagrun for example_external_task_marker_parent to None, run_after=None
[2022-06-27 02:19:49,385] {processor.py:161} INFO - Processing /home/airflow/.local/lib/python3.7/site-packages/airflow/example_dags/example_external_task_marker_dag.py took 0.176 seconds
[2022-06-27 02:20:19,734] {processor.py:153} INFO - Started process (PID=10593) to work on /home/airflow/.local/lib/python3.7/site-packages/airflow/example_dags/example_external_task_marker_dag.py
[2022-06-27 02:20:19,736] {processor.py:641} INFO - Processing file /home/airflow/.local/lib/python3.7/site-packages/airflow/example_dags/example_external_task_marker_dag.py for tasks to queue
[2022-06-27 02:20:19,737] {logging_mixin.py:115} INFO - [2022-06-27 02:20:19,737] {dagbag.py:507} INFO - Filling up the DagBag from /home/airflow/.local/lib/python3.7/site-packages/airflow/example_dags/example_external_task_marker_dag.py
[2022-06-27 02:20:19,743] {processor.py:651} INFO - DAG(s) dict_keys(['example_external_task_marker_parent', 'example_external_task_marker_child']) retrieved from /home/airflow/.local/lib/python3.7/site-packages/airflow/example_dags/example_external_task_marker_dag.py
[2022-06-27 02:20:19,816] {logging_mixin.py:115} INFO - [2022-06-27 02:20:19,816] {dag.py:2371} INFO - Sync 2 DAGs
[2022-06-27 02:20:19,846] {logging_mixin.py:115} INFO - [2022-06-27 02:20:19,846] {dag.py:2919} INFO - Setting next_dagrun for example_external_task_marker_child to None, run_after=None
[2022-06-27 02:20:19,847] {logging_mixin.py:115} INFO - [2022-06-27 02:20:19,847] {dag.py:2919} INFO - Setting next_dagrun for example_external_task_marker_parent to None, run_after=None
[2022-06-27 02:20:19,873] {processor.py:161} INFO - Processing /home/airflow/.local/lib/python3.7/site-packages/airflow/example_dags/example_external_task_marker_dag.py took 0.145 seconds
[2022-06-27 02:20:50,448] {processor.py:153} INFO - Started process (PID=10657) to work on /home/airflow/.local/lib/python3.7/site-packages/airflow/example_dags/example_external_task_marker_dag.py
[2022-06-27 02:20:50,449] {processor.py:641} INFO - Processing file /home/airflow/.local/lib/python3.7/site-packages/airflow/example_dags/example_external_task_marker_dag.py for tasks to queue
[2022-06-27 02:20:50,451] {logging_mixin.py:115} INFO - [2022-06-27 02:20:50,451] {dagbag.py:507} INFO - Filling up the DagBag from /home/airflow/.local/lib/python3.7/site-packages/airflow/example_dags/example_external_task_marker_dag.py
[2022-06-27 02:20:50,459] {processor.py:651} INFO - DAG(s) dict_keys(['example_external_task_marker_parent', 'example_external_task_marker_child']) retrieved from /home/airflow/.local/lib/python3.7/site-packages/airflow/example_dags/example_external_task_marker_dag.py
[2022-06-27 02:20:50,552] {logging_mixin.py:115} INFO - [2022-06-27 02:20:50,552] {dag.py:2371} INFO - Sync 2 DAGs
[2022-06-27 02:20:50,599] {logging_mixin.py:115} INFO - [2022-06-27 02:20:50,598] {dag.py:2919} INFO - Setting next_dagrun for example_external_task_marker_child to None, run_after=None
[2022-06-27 02:20:50,600] {logging_mixin.py:115} INFO - [2022-06-27 02:20:50,600] {dag.py:2919} INFO - Setting next_dagrun for example_external_task_marker_parent to None, run_after=None
[2022-06-27 02:20:50,642] {processor.py:161} INFO - Processing /home/airflow/.local/lib/python3.7/site-packages/airflow/example_dags/example_external_task_marker_dag.py took 0.200 seconds
[2022-06-27 02:21:20,763] {processor.py:153} INFO - Started process (PID=10711) to work on /home/airflow/.local/lib/python3.7/site-packages/airflow/example_dags/example_external_task_marker_dag.py
[2022-06-27 02:21:20,765] {processor.py:641} INFO - Processing file /home/airflow/.local/lib/python3.7/site-packages/airflow/example_dags/example_external_task_marker_dag.py for tasks to queue
[2022-06-27 02:21:20,766] {logging_mixin.py:115} INFO - [2022-06-27 02:21:20,766] {dagbag.py:507} INFO - Filling up the DagBag from /home/airflow/.local/lib/python3.7/site-packages/airflow/example_dags/example_external_task_marker_dag.py
[2022-06-27 02:21:20,774] {processor.py:651} INFO - DAG(s) dict_keys(['example_external_task_marker_parent', 'example_external_task_marker_child']) retrieved from /home/airflow/.local/lib/python3.7/site-packages/airflow/example_dags/example_external_task_marker_dag.py
[2022-06-27 02:21:20,847] {logging_mixin.py:115} INFO - [2022-06-27 02:21:20,847] {dag.py:2371} INFO - Sync 2 DAGs
[2022-06-27 02:21:20,882] {logging_mixin.py:115} INFO - [2022-06-27 02:21:20,881] {dag.py:2919} INFO - Setting next_dagrun for example_external_task_marker_child to None, run_after=None
[2022-06-27 02:21:20,883] {logging_mixin.py:115} INFO - [2022-06-27 02:21:20,882] {dag.py:2919} INFO - Setting next_dagrun for example_external_task_marker_parent to None, run_after=None
[2022-06-27 02:21:20,906] {processor.py:161} INFO - Processing /home/airflow/.local/lib/python3.7/site-packages/airflow/example_dags/example_external_task_marker_dag.py took 0.147 seconds
[2022-06-27 02:21:51,616] {processor.py:153} INFO - Started process (PID=10772) to work on /home/airflow/.local/lib/python3.7/site-packages/airflow/example_dags/example_external_task_marker_dag.py
[2022-06-27 02:21:51,618] {processor.py:641} INFO - Processing file /home/airflow/.local/lib/python3.7/site-packages/airflow/example_dags/example_external_task_marker_dag.py for tasks to queue
[2022-06-27 02:21:51,619] {logging_mixin.py:115} INFO - [2022-06-27 02:21:51,619] {dagbag.py:507} INFO - Filling up the DagBag from /home/airflow/.local/lib/python3.7/site-packages/airflow/example_dags/example_external_task_marker_dag.py
[2022-06-27 02:21:51,626] {processor.py:651} INFO - DAG(s) dict_keys(['example_external_task_marker_parent', 'example_external_task_marker_child']) retrieved from /home/airflow/.local/lib/python3.7/site-packages/airflow/example_dags/example_external_task_marker_dag.py
[2022-06-27 02:21:51,712] {logging_mixin.py:115} INFO - [2022-06-27 02:21:51,712] {dag.py:2371} INFO - Sync 2 DAGs
[2022-06-27 02:21:51,754] {logging_mixin.py:115} INFO - [2022-06-27 02:21:51,754] {dag.py:2919} INFO - Setting next_dagrun for example_external_task_marker_child to None, run_after=None
[2022-06-27 02:21:51,755] {logging_mixin.py:115} INFO - [2022-06-27 02:21:51,755] {dag.py:2919} INFO - Setting next_dagrun for example_external_task_marker_parent to None, run_after=None
[2022-06-27 02:21:51,780] {processor.py:161} INFO - Processing /home/airflow/.local/lib/python3.7/site-packages/airflow/example_dags/example_external_task_marker_dag.py took 0.168 seconds
[2022-06-27 02:22:21,917] {processor.py:153} INFO - Started process (PID=10828) to work on /home/airflow/.local/lib/python3.7/site-packages/airflow/example_dags/example_external_task_marker_dag.py
[2022-06-27 02:22:21,918] {processor.py:641} INFO - Processing file /home/airflow/.local/lib/python3.7/site-packages/airflow/example_dags/example_external_task_marker_dag.py for tasks to queue
[2022-06-27 02:22:21,920] {logging_mixin.py:115} INFO - [2022-06-27 02:22:21,919] {dagbag.py:507} INFO - Filling up the DagBag from /home/airflow/.local/lib/python3.7/site-packages/airflow/example_dags/example_external_task_marker_dag.py
[2022-06-27 02:22:21,928] {processor.py:651} INFO - DAG(s) dict_keys(['example_external_task_marker_parent', 'example_external_task_marker_child']) retrieved from /home/airflow/.local/lib/python3.7/site-packages/airflow/example_dags/example_external_task_marker_dag.py
[2022-06-27 02:22:22,004] {logging_mixin.py:115} INFO - [2022-06-27 02:22:22,004] {dag.py:2371} INFO - Sync 2 DAGs
[2022-06-27 02:22:22,039] {logging_mixin.py:115} INFO - [2022-06-27 02:22:22,038] {dag.py:2919} INFO - Setting next_dagrun for example_external_task_marker_child to None, run_after=None
[2022-06-27 02:22:22,040] {logging_mixin.py:115} INFO - [2022-06-27 02:22:22,039] {dag.py:2919} INFO - Setting next_dagrun for example_external_task_marker_parent to None, run_after=None
[2022-06-27 02:22:22,063] {processor.py:161} INFO - Processing /home/airflow/.local/lib/python3.7/site-packages/airflow/example_dags/example_external_task_marker_dag.py took 0.151 seconds
[2022-06-27 02:22:52,501] {processor.py:153} INFO - Started process (PID=10882) to work on /home/airflow/.local/lib/python3.7/site-packages/airflow/example_dags/example_external_task_marker_dag.py
[2022-06-27 02:22:52,503] {processor.py:641} INFO - Processing file /home/airflow/.local/lib/python3.7/site-packages/airflow/example_dags/example_external_task_marker_dag.py for tasks to queue
[2022-06-27 02:22:52,504] {logging_mixin.py:115} INFO - [2022-06-27 02:22:52,504] {dagbag.py:507} INFO - Filling up the DagBag from /home/airflow/.local/lib/python3.7/site-packages/airflow/example_dags/example_external_task_marker_dag.py
[2022-06-27 02:22:52,514] {processor.py:651} INFO - DAG(s) dict_keys(['example_external_task_marker_parent', 'example_external_task_marker_child']) retrieved from /home/airflow/.local/lib/python3.7/site-packages/airflow/example_dags/example_external_task_marker_dag.py
[2022-06-27 02:22:52,599] {logging_mixin.py:115} INFO - [2022-06-27 02:22:52,599] {dag.py:2371} INFO - Sync 2 DAGs
[2022-06-27 02:22:52,636] {logging_mixin.py:115} INFO - [2022-06-27 02:22:52,636] {dag.py:2919} INFO - Setting next_dagrun for example_external_task_marker_child to None, run_after=None
[2022-06-27 02:22:52,637] {logging_mixin.py:115} INFO - [2022-06-27 02:22:52,637] {dag.py:2919} INFO - Setting next_dagrun for example_external_task_marker_parent to None, run_after=None
[2022-06-27 02:22:52,666] {processor.py:161} INFO - Processing /home/airflow/.local/lib/python3.7/site-packages/airflow/example_dags/example_external_task_marker_dag.py took 0.170 seconds
[2022-06-27 02:23:23,237] {processor.py:153} INFO - Started process (PID=10945) to work on /home/airflow/.local/lib/python3.7/site-packages/airflow/example_dags/example_external_task_marker_dag.py
[2022-06-27 02:23:23,239] {processor.py:641} INFO - Processing file /home/airflow/.local/lib/python3.7/site-packages/airflow/example_dags/example_external_task_marker_dag.py for tasks to queue
[2022-06-27 02:23:23,241] {logging_mixin.py:115} INFO - [2022-06-27 02:23:23,240] {dagbag.py:507} INFO - Filling up the DagBag from /home/airflow/.local/lib/python3.7/site-packages/airflow/example_dags/example_external_task_marker_dag.py
[2022-06-27 02:23:23,251] {processor.py:651} INFO - DAG(s) dict_keys(['example_external_task_marker_parent', 'example_external_task_marker_child']) retrieved from /home/airflow/.local/lib/python3.7/site-packages/airflow/example_dags/example_external_task_marker_dag.py
[2022-06-27 02:23:23,352] {logging_mixin.py:115} INFO - [2022-06-27 02:23:23,352] {dag.py:2371} INFO - Sync 2 DAGs
[2022-06-27 02:23:23,405] {logging_mixin.py:115} INFO - [2022-06-27 02:23:23,405] {dag.py:2919} INFO - Setting next_dagrun for example_external_task_marker_child to None, run_after=None
[2022-06-27 02:23:23,407] {logging_mixin.py:115} INFO - [2022-06-27 02:23:23,406] {dag.py:2919} INFO - Setting next_dagrun for example_external_task_marker_parent to None, run_after=None
[2022-06-27 02:23:23,434] {processor.py:161} INFO - Processing /home/airflow/.local/lib/python3.7/site-packages/airflow/example_dags/example_external_task_marker_dag.py took 0.203 seconds
[2022-06-27 02:23:53,949] {processor.py:153} INFO - Started process (PID=10999) to work on /home/airflow/.local/lib/python3.7/site-packages/airflow/example_dags/example_external_task_marker_dag.py
[2022-06-27 02:23:53,950] {processor.py:641} INFO - Processing file /home/airflow/.local/lib/python3.7/site-packages/airflow/example_dags/example_external_task_marker_dag.py for tasks to queue
[2022-06-27 02:23:53,951] {logging_mixin.py:115} INFO - [2022-06-27 02:23:53,951] {dagbag.py:507} INFO - Filling up the DagBag from /home/airflow/.local/lib/python3.7/site-packages/airflow/example_dags/example_external_task_marker_dag.py
[2022-06-27 02:23:53,959] {processor.py:651} INFO - DAG(s) dict_keys(['example_external_task_marker_parent', 'example_external_task_marker_child']) retrieved from /home/airflow/.local/lib/python3.7/site-packages/airflow/example_dags/example_external_task_marker_dag.py
[2022-06-27 02:23:54,055] {logging_mixin.py:115} INFO - [2022-06-27 02:23:54,054] {dag.py:2371} INFO - Sync 2 DAGs
[2022-06-27 02:23:54,094] {logging_mixin.py:115} INFO - [2022-06-27 02:23:54,094] {dag.py:2919} INFO - Setting next_dagrun for example_external_task_marker_child to None, run_after=None
[2022-06-27 02:23:54,095] {logging_mixin.py:115} INFO - [2022-06-27 02:23:54,095] {dag.py:2919} INFO - Setting next_dagrun for example_external_task_marker_parent to None, run_after=None
[2022-06-27 02:23:54,121] {processor.py:161} INFO - Processing /home/airflow/.local/lib/python3.7/site-packages/airflow/example_dags/example_external_task_marker_dag.py took 0.178 seconds
[2022-06-27 02:24:24,267] {processor.py:153} INFO - Started process (PID=11062) to work on /home/airflow/.local/lib/python3.7/site-packages/airflow/example_dags/example_external_task_marker_dag.py
[2022-06-27 02:24:24,269] {processor.py:641} INFO - Processing file /home/airflow/.local/lib/python3.7/site-packages/airflow/example_dags/example_external_task_marker_dag.py for tasks to queue
[2022-06-27 02:24:24,270] {logging_mixin.py:115} INFO - [2022-06-27 02:24:24,270] {dagbag.py:507} INFO - Filling up the DagBag from /home/airflow/.local/lib/python3.7/site-packages/airflow/example_dags/example_external_task_marker_dag.py
[2022-06-27 02:24:24,278] {processor.py:651} INFO - DAG(s) dict_keys(['example_external_task_marker_parent', 'example_external_task_marker_child']) retrieved from /home/airflow/.local/lib/python3.7/site-packages/airflow/example_dags/example_external_task_marker_dag.py
[2022-06-27 02:24:24,352] {logging_mixin.py:115} INFO - [2022-06-27 02:24:24,352] {dag.py:2371} INFO - Sync 2 DAGs
[2022-06-27 02:24:24,386] {logging_mixin.py:115} INFO - [2022-06-27 02:24:24,386] {dag.py:2919} INFO - Setting next_dagrun for example_external_task_marker_child to None, run_after=None
[2022-06-27 02:24:24,387] {logging_mixin.py:115} INFO - [2022-06-27 02:24:24,387] {dag.py:2919} INFO - Setting next_dagrun for example_external_task_marker_parent to None, run_after=None
[2022-06-27 02:24:24,420] {processor.py:161} INFO - Processing /home/airflow/.local/lib/python3.7/site-packages/airflow/example_dags/example_external_task_marker_dag.py took 0.158 seconds
