[2022-06-27 02:14:02,022] {processor.py:153} INFO - Started process (PID=9868) to work on /home/airflow/.local/lib/python3.7/site-packages/airflow/example_dags/example_time_delta_sensor_async.py
[2022-06-27 02:14:02,025] {processor.py:641} INFO - Processing file /home/airflow/.local/lib/python3.7/site-packages/airflow/example_dags/example_time_delta_sensor_async.py for tasks to queue
[2022-06-27 02:14:02,032] {logging_mixin.py:115} INFO - [2022-06-27 02:14:02,031] {dagbag.py:507} INFO - Filling up the DagBag from /home/airflow/.local/lib/python3.7/site-packages/airflow/example_dags/example_time_delta_sensor_async.py
[2022-06-27 02:14:02,077] {processor.py:651} INFO - DAG(s) dict_keys(['example_time_delta_sensor_async']) retrieved from /home/airflow/.local/lib/python3.7/site-packages/airflow/example_dags/example_time_delta_sensor_async.py
[2022-06-27 02:14:02,439] {logging_mixin.py:115} INFO - [2022-06-27 02:14:02,439] {dag.py:2371} INFO - Sync 1 DAGs
[2022-06-27 02:14:02,570] {logging_mixin.py:115} INFO - [2022-06-27 02:14:02,570] {dag.py:2919} INFO - Setting next_dagrun for example_time_delta_sensor_async to None, run_after=None
[2022-06-27 02:14:02,659] {processor.py:161} INFO - Processing /home/airflow/.local/lib/python3.7/site-packages/airflow/example_dags/example_time_delta_sensor_async.py took 0.656 seconds
[2022-06-27 02:14:33,300] {processor.py:153} INFO - Started process (PID=9921) to work on /home/airflow/.local/lib/python3.7/site-packages/airflow/example_dags/example_time_delta_sensor_async.py
[2022-06-27 02:14:33,301] {processor.py:641} INFO - Processing file /home/airflow/.local/lib/python3.7/site-packages/airflow/example_dags/example_time_delta_sensor_async.py for tasks to queue
[2022-06-27 02:14:33,303] {logging_mixin.py:115} INFO - [2022-06-27 02:14:33,303] {dagbag.py:507} INFO - Filling up the DagBag from /home/airflow/.local/lib/python3.7/site-packages/airflow/example_dags/example_time_delta_sensor_async.py
[2022-06-27 02:14:33,315] {processor.py:651} INFO - DAG(s) dict_keys(['example_time_delta_sensor_async']) retrieved from /home/airflow/.local/lib/python3.7/site-packages/airflow/example_dags/example_time_delta_sensor_async.py
[2022-06-27 02:14:33,403] {logging_mixin.py:115} INFO - [2022-06-27 02:14:33,403] {dag.py:2371} INFO - Sync 1 DAGs
[2022-06-27 02:14:33,452] {logging_mixin.py:115} INFO - [2022-06-27 02:14:33,452] {dag.py:2919} INFO - Setting next_dagrun for example_time_delta_sensor_async to None, run_after=None
[2022-06-27 02:14:33,493] {processor.py:161} INFO - Processing /home/airflow/.local/lib/python3.7/site-packages/airflow/example_dags/example_time_delta_sensor_async.py took 0.199 seconds
[2022-06-27 02:15:04,464] {processor.py:153} INFO - Started process (PID=9984) to work on /home/airflow/.local/lib/python3.7/site-packages/airflow/example_dags/example_time_delta_sensor_async.py
[2022-06-27 02:15:04,465] {processor.py:641} INFO - Processing file /home/airflow/.local/lib/python3.7/site-packages/airflow/example_dags/example_time_delta_sensor_async.py for tasks to queue
[2022-06-27 02:15:04,467] {logging_mixin.py:115} INFO - [2022-06-27 02:15:04,467] {dagbag.py:507} INFO - Filling up the DagBag from /home/airflow/.local/lib/python3.7/site-packages/airflow/example_dags/example_time_delta_sensor_async.py
[2022-06-27 02:15:04,483] {processor.py:651} INFO - DAG(s) dict_keys(['example_time_delta_sensor_async']) retrieved from /home/airflow/.local/lib/python3.7/site-packages/airflow/example_dags/example_time_delta_sensor_async.py
[2022-06-27 02:15:04,593] {logging_mixin.py:115} INFO - [2022-06-27 02:15:04,592] {dag.py:2371} INFO - Sync 1 DAGs
[2022-06-27 02:15:04,652] {logging_mixin.py:115} INFO - [2022-06-27 02:15:04,652] {dag.py:2919} INFO - Setting next_dagrun for example_time_delta_sensor_async to None, run_after=None
[2022-06-27 02:15:04,685] {processor.py:161} INFO - Processing /home/airflow/.local/lib/python3.7/site-packages/airflow/example_dags/example_time_delta_sensor_async.py took 0.227 seconds
[2022-06-27 02:15:34,748] {processor.py:153} INFO - Started process (PID=10038) to work on /home/airflow/.local/lib/python3.7/site-packages/airflow/example_dags/example_time_delta_sensor_async.py
[2022-06-27 02:15:34,750] {processor.py:641} INFO - Processing file /home/airflow/.local/lib/python3.7/site-packages/airflow/example_dags/example_time_delta_sensor_async.py for tasks to queue
[2022-06-27 02:15:34,752] {logging_mixin.py:115} INFO - [2022-06-27 02:15:34,752] {dagbag.py:507} INFO - Filling up the DagBag from /home/airflow/.local/lib/python3.7/site-packages/airflow/example_dags/example_time_delta_sensor_async.py
[2022-06-27 02:15:34,762] {processor.py:651} INFO - DAG(s) dict_keys(['example_time_delta_sensor_async']) retrieved from /home/airflow/.local/lib/python3.7/site-packages/airflow/example_dags/example_time_delta_sensor_async.py
[2022-06-27 02:15:34,844] {logging_mixin.py:115} INFO - [2022-06-27 02:15:34,844] {dag.py:2371} INFO - Sync 1 DAGs
[2022-06-27 02:15:34,883] {logging_mixin.py:115} INFO - [2022-06-27 02:15:34,883] {dag.py:2919} INFO - Setting next_dagrun for example_time_delta_sensor_async to None, run_after=None
[2022-06-27 02:15:34,906] {processor.py:161} INFO - Processing /home/airflow/.local/lib/python3.7/site-packages/airflow/example_dags/example_time_delta_sensor_async.py took 0.164 seconds
[2022-06-27 02:16:05,098] {processor.py:153} INFO - Started process (PID=10092) to work on /home/airflow/.local/lib/python3.7/site-packages/airflow/example_dags/example_time_delta_sensor_async.py
[2022-06-27 02:16:05,099] {processor.py:641} INFO - Processing file /home/airflow/.local/lib/python3.7/site-packages/airflow/example_dags/example_time_delta_sensor_async.py for tasks to queue
[2022-06-27 02:16:05,101] {logging_mixin.py:115} INFO - [2022-06-27 02:16:05,101] {dagbag.py:507} INFO - Filling up the DagBag from /home/airflow/.local/lib/python3.7/site-packages/airflow/example_dags/example_time_delta_sensor_async.py
[2022-06-27 02:16:05,109] {processor.py:651} INFO - DAG(s) dict_keys(['example_time_delta_sensor_async']) retrieved from /home/airflow/.local/lib/python3.7/site-packages/airflow/example_dags/example_time_delta_sensor_async.py
[2022-06-27 02:16:05,354] {logging_mixin.py:115} INFO - [2022-06-27 02:16:05,353] {dag.py:2371} INFO - Sync 1 DAGs
[2022-06-27 02:16:05,398] {logging_mixin.py:115} INFO - [2022-06-27 02:16:05,397] {dag.py:2919} INFO - Setting next_dagrun for example_time_delta_sensor_async to None, run_after=None
[2022-06-27 02:16:05,423] {processor.py:161} INFO - Processing /home/airflow/.local/lib/python3.7/site-packages/airflow/example_dags/example_time_delta_sensor_async.py took 0.331 seconds
[2022-06-27 02:16:35,901] {processor.py:153} INFO - Started process (PID=10155) to work on /home/airflow/.local/lib/python3.7/site-packages/airflow/example_dags/example_time_delta_sensor_async.py
[2022-06-27 02:16:35,903] {processor.py:641} INFO - Processing file /home/airflow/.local/lib/python3.7/site-packages/airflow/example_dags/example_time_delta_sensor_async.py for tasks to queue
[2022-06-27 02:16:35,904] {logging_mixin.py:115} INFO - [2022-06-27 02:16:35,904] {dagbag.py:507} INFO - Filling up the DagBag from /home/airflow/.local/lib/python3.7/site-packages/airflow/example_dags/example_time_delta_sensor_async.py
[2022-06-27 02:16:35,917] {processor.py:651} INFO - DAG(s) dict_keys(['example_time_delta_sensor_async']) retrieved from /home/airflow/.local/lib/python3.7/site-packages/airflow/example_dags/example_time_delta_sensor_async.py
[2022-06-27 02:16:35,981] {logging_mixin.py:115} INFO - [2022-06-27 02:16:35,981] {dag.py:2371} INFO - Sync 1 DAGs
[2022-06-27 02:16:36,016] {logging_mixin.py:115} INFO - [2022-06-27 02:16:36,015] {dag.py:2919} INFO - Setting next_dagrun for example_time_delta_sensor_async to None, run_after=None
[2022-06-27 02:16:36,058] {processor.py:161} INFO - Processing /home/airflow/.local/lib/python3.7/site-packages/airflow/example_dags/example_time_delta_sensor_async.py took 0.163 seconds
[2022-06-27 02:17:06,753] {processor.py:153} INFO - Started process (PID=10218) to work on /home/airflow/.local/lib/python3.7/site-packages/airflow/example_dags/example_time_delta_sensor_async.py
[2022-06-27 02:17:06,754] {processor.py:641} INFO - Processing file /home/airflow/.local/lib/python3.7/site-packages/airflow/example_dags/example_time_delta_sensor_async.py for tasks to queue
[2022-06-27 02:17:06,756] {logging_mixin.py:115} INFO - [2022-06-27 02:17:06,756] {dagbag.py:507} INFO - Filling up the DagBag from /home/airflow/.local/lib/python3.7/site-packages/airflow/example_dags/example_time_delta_sensor_async.py
[2022-06-27 02:17:06,765] {processor.py:651} INFO - DAG(s) dict_keys(['example_time_delta_sensor_async']) retrieved from /home/airflow/.local/lib/python3.7/site-packages/airflow/example_dags/example_time_delta_sensor_async.py
[2022-06-27 02:17:06,844] {logging_mixin.py:115} INFO - [2022-06-27 02:17:06,843] {dag.py:2371} INFO - Sync 1 DAGs
[2022-06-27 02:17:06,892] {logging_mixin.py:115} INFO - [2022-06-27 02:17:06,891] {dag.py:2919} INFO - Setting next_dagrun for example_time_delta_sensor_async to None, run_after=None
[2022-06-27 02:17:06,918] {processor.py:161} INFO - Processing /home/airflow/.local/lib/python3.7/site-packages/airflow/example_dags/example_time_delta_sensor_async.py took 0.170 seconds
[2022-06-27 02:17:37,588] {processor.py:153} INFO - Started process (PID=10272) to work on /home/airflow/.local/lib/python3.7/site-packages/airflow/example_dags/example_time_delta_sensor_async.py
[2022-06-27 02:17:37,589] {processor.py:641} INFO - Processing file /home/airflow/.local/lib/python3.7/site-packages/airflow/example_dags/example_time_delta_sensor_async.py for tasks to queue
[2022-06-27 02:17:37,591] {logging_mixin.py:115} INFO - [2022-06-27 02:17:37,591] {dagbag.py:507} INFO - Filling up the DagBag from /home/airflow/.local/lib/python3.7/site-packages/airflow/example_dags/example_time_delta_sensor_async.py
[2022-06-27 02:17:37,602] {processor.py:651} INFO - DAG(s) dict_keys(['example_time_delta_sensor_async']) retrieved from /home/airflow/.local/lib/python3.7/site-packages/airflow/example_dags/example_time_delta_sensor_async.py
[2022-06-27 02:17:37,676] {logging_mixin.py:115} INFO - [2022-06-27 02:17:37,675] {dag.py:2371} INFO - Sync 1 DAGs
[2022-06-27 02:17:37,718] {logging_mixin.py:115} INFO - [2022-06-27 02:17:37,718] {dag.py:2919} INFO - Setting next_dagrun for example_time_delta_sensor_async to None, run_after=None
[2022-06-27 02:17:37,740] {processor.py:161} INFO - Processing /home/airflow/.local/lib/python3.7/site-packages/airflow/example_dags/example_time_delta_sensor_async.py took 0.158 seconds
[2022-06-27 02:18:08,424] {processor.py:153} INFO - Started process (PID=10335) to work on /home/airflow/.local/lib/python3.7/site-packages/airflow/example_dags/example_time_delta_sensor_async.py
[2022-06-27 02:18:08,427] {processor.py:641} INFO - Processing file /home/airflow/.local/lib/python3.7/site-packages/airflow/example_dags/example_time_delta_sensor_async.py for tasks to queue
[2022-06-27 02:18:08,428] {logging_mixin.py:115} INFO - [2022-06-27 02:18:08,428] {dagbag.py:507} INFO - Filling up the DagBag from /home/airflow/.local/lib/python3.7/site-packages/airflow/example_dags/example_time_delta_sensor_async.py
[2022-06-27 02:18:08,437] {processor.py:651} INFO - DAG(s) dict_keys(['example_time_delta_sensor_async']) retrieved from /home/airflow/.local/lib/python3.7/site-packages/airflow/example_dags/example_time_delta_sensor_async.py
[2022-06-27 02:18:08,514] {logging_mixin.py:115} INFO - [2022-06-27 02:18:08,514] {dag.py:2371} INFO - Sync 1 DAGs
[2022-06-27 02:18:08,575] {logging_mixin.py:115} INFO - [2022-06-27 02:18:08,574] {dag.py:2919} INFO - Setting next_dagrun for example_time_delta_sensor_async to None, run_after=None
[2022-06-27 02:18:08,604] {processor.py:161} INFO - Processing /home/airflow/.local/lib/python3.7/site-packages/airflow/example_dags/example_time_delta_sensor_async.py took 0.184 seconds
[2022-06-27 02:18:39,135] {processor.py:153} INFO - Started process (PID=10389) to work on /home/airflow/.local/lib/python3.7/site-packages/airflow/example_dags/example_time_delta_sensor_async.py
[2022-06-27 02:18:39,137] {processor.py:641} INFO - Processing file /home/airflow/.local/lib/python3.7/site-packages/airflow/example_dags/example_time_delta_sensor_async.py for tasks to queue
[2022-06-27 02:18:39,139] {logging_mixin.py:115} INFO - [2022-06-27 02:18:39,139] {dagbag.py:507} INFO - Filling up the DagBag from /home/airflow/.local/lib/python3.7/site-packages/airflow/example_dags/example_time_delta_sensor_async.py
[2022-06-27 02:18:39,150] {processor.py:651} INFO - DAG(s) dict_keys(['example_time_delta_sensor_async']) retrieved from /home/airflow/.local/lib/python3.7/site-packages/airflow/example_dags/example_time_delta_sensor_async.py
[2022-06-27 02:18:39,219] {logging_mixin.py:115} INFO - [2022-06-27 02:18:39,219] {dag.py:2371} INFO - Sync 1 DAGs
[2022-06-27 02:18:39,253] {logging_mixin.py:115} INFO - [2022-06-27 02:18:39,253] {dag.py:2919} INFO - Setting next_dagrun for example_time_delta_sensor_async to None, run_after=None
[2022-06-27 02:18:39,290] {processor.py:161} INFO - Processing /home/airflow/.local/lib/python3.7/site-packages/airflow/example_dags/example_time_delta_sensor_async.py took 0.161 seconds
[2022-06-27 02:19:09,588] {processor.py:153} INFO - Started process (PID=10450) to work on /home/airflow/.local/lib/python3.7/site-packages/airflow/example_dags/example_time_delta_sensor_async.py
[2022-06-27 02:19:09,590] {processor.py:641} INFO - Processing file /home/airflow/.local/lib/python3.7/site-packages/airflow/example_dags/example_time_delta_sensor_async.py for tasks to queue
[2022-06-27 02:19:09,591] {logging_mixin.py:115} INFO - [2022-06-27 02:19:09,591] {dagbag.py:507} INFO - Filling up the DagBag from /home/airflow/.local/lib/python3.7/site-packages/airflow/example_dags/example_time_delta_sensor_async.py
[2022-06-27 02:19:09,603] {processor.py:651} INFO - DAG(s) dict_keys(['example_time_delta_sensor_async']) retrieved from /home/airflow/.local/lib/python3.7/site-packages/airflow/example_dags/example_time_delta_sensor_async.py
[2022-06-27 02:19:09,679] {logging_mixin.py:115} INFO - [2022-06-27 02:19:09,679] {dag.py:2371} INFO - Sync 1 DAGs
[2022-06-27 02:19:09,719] {logging_mixin.py:115} INFO - [2022-06-27 02:19:09,719] {dag.py:2919} INFO - Setting next_dagrun for example_time_delta_sensor_async to None, run_after=None
[2022-06-27 02:19:09,746] {processor.py:161} INFO - Processing /home/airflow/.local/lib/python3.7/site-packages/airflow/example_dags/example_time_delta_sensor_async.py took 0.165 seconds
[2022-06-27 02:19:40,006] {processor.py:153} INFO - Started process (PID=10506) to work on /home/airflow/.local/lib/python3.7/site-packages/airflow/example_dags/example_time_delta_sensor_async.py
[2022-06-27 02:19:40,008] {processor.py:641} INFO - Processing file /home/airflow/.local/lib/python3.7/site-packages/airflow/example_dags/example_time_delta_sensor_async.py for tasks to queue
[2022-06-27 02:19:40,010] {logging_mixin.py:115} INFO - [2022-06-27 02:19:40,009] {dagbag.py:507} INFO - Filling up the DagBag from /home/airflow/.local/lib/python3.7/site-packages/airflow/example_dags/example_time_delta_sensor_async.py
[2022-06-27 02:19:40,020] {processor.py:651} INFO - DAG(s) dict_keys(['example_time_delta_sensor_async']) retrieved from /home/airflow/.local/lib/python3.7/site-packages/airflow/example_dags/example_time_delta_sensor_async.py
[2022-06-27 02:19:40,086] {logging_mixin.py:115} INFO - [2022-06-27 02:19:40,086] {dag.py:2371} INFO - Sync 1 DAGs
[2022-06-27 02:19:40,120] {logging_mixin.py:115} INFO - [2022-06-27 02:19:40,120] {dag.py:2919} INFO - Setting next_dagrun for example_time_delta_sensor_async to None, run_after=None
[2022-06-27 02:19:40,145] {processor.py:161} INFO - Processing /home/airflow/.local/lib/python3.7/site-packages/airflow/example_dags/example_time_delta_sensor_async.py took 0.146 seconds
[2022-06-27 02:20:10,555] {processor.py:153} INFO - Started process (PID=10560) to work on /home/airflow/.local/lib/python3.7/site-packages/airflow/example_dags/example_time_delta_sensor_async.py
[2022-06-27 02:20:10,556] {processor.py:641} INFO - Processing file /home/airflow/.local/lib/python3.7/site-packages/airflow/example_dags/example_time_delta_sensor_async.py for tasks to queue
[2022-06-27 02:20:10,558] {logging_mixin.py:115} INFO - [2022-06-27 02:20:10,558] {dagbag.py:507} INFO - Filling up the DagBag from /home/airflow/.local/lib/python3.7/site-packages/airflow/example_dags/example_time_delta_sensor_async.py
[2022-06-27 02:20:10,569] {processor.py:651} INFO - DAG(s) dict_keys(['example_time_delta_sensor_async']) retrieved from /home/airflow/.local/lib/python3.7/site-packages/airflow/example_dags/example_time_delta_sensor_async.py
[2022-06-27 02:20:10,657] {logging_mixin.py:115} INFO - [2022-06-27 02:20:10,657] {dag.py:2371} INFO - Sync 1 DAGs
[2022-06-27 02:20:10,697] {logging_mixin.py:115} INFO - [2022-06-27 02:20:10,697] {dag.py:2919} INFO - Setting next_dagrun for example_time_delta_sensor_async to None, run_after=None
[2022-06-27 02:20:10,722] {processor.py:161} INFO - Processing /home/airflow/.local/lib/python3.7/site-packages/airflow/example_dags/example_time_delta_sensor_async.py took 0.172 seconds
[2022-06-27 02:20:41,253] {processor.py:153} INFO - Started process (PID=10623) to work on /home/airflow/.local/lib/python3.7/site-packages/airflow/example_dags/example_time_delta_sensor_async.py
[2022-06-27 02:20:41,255] {processor.py:641} INFO - Processing file /home/airflow/.local/lib/python3.7/site-packages/airflow/example_dags/example_time_delta_sensor_async.py for tasks to queue
[2022-06-27 02:20:41,257] {logging_mixin.py:115} INFO - [2022-06-27 02:20:41,257] {dagbag.py:507} INFO - Filling up the DagBag from /home/airflow/.local/lib/python3.7/site-packages/airflow/example_dags/example_time_delta_sensor_async.py
[2022-06-27 02:20:41,268] {processor.py:651} INFO - DAG(s) dict_keys(['example_time_delta_sensor_async']) retrieved from /home/airflow/.local/lib/python3.7/site-packages/airflow/example_dags/example_time_delta_sensor_async.py
[2022-06-27 02:20:41,343] {logging_mixin.py:115} INFO - [2022-06-27 02:20:41,343] {dag.py:2371} INFO - Sync 1 DAGs
[2022-06-27 02:20:41,375] {logging_mixin.py:115} INFO - [2022-06-27 02:20:41,375] {dag.py:2919} INFO - Setting next_dagrun for example_time_delta_sensor_async to None, run_after=None
[2022-06-27 02:20:41,397] {processor.py:161} INFO - Processing /home/airflow/.local/lib/python3.7/site-packages/airflow/example_dags/example_time_delta_sensor_async.py took 0.157 seconds
[2022-06-27 02:21:11,732] {processor.py:153} INFO - Started process (PID=10678) to work on /home/airflow/.local/lib/python3.7/site-packages/airflow/example_dags/example_time_delta_sensor_async.py
[2022-06-27 02:21:11,733] {processor.py:641} INFO - Processing file /home/airflow/.local/lib/python3.7/site-packages/airflow/example_dags/example_time_delta_sensor_async.py for tasks to queue
[2022-06-27 02:21:11,734] {logging_mixin.py:115} INFO - [2022-06-27 02:21:11,734] {dagbag.py:507} INFO - Filling up the DagBag from /home/airflow/.local/lib/python3.7/site-packages/airflow/example_dags/example_time_delta_sensor_async.py
[2022-06-27 02:21:11,743] {processor.py:651} INFO - DAG(s) dict_keys(['example_time_delta_sensor_async']) retrieved from /home/airflow/.local/lib/python3.7/site-packages/airflow/example_dags/example_time_delta_sensor_async.py
[2022-06-27 02:21:11,817] {logging_mixin.py:115} INFO - [2022-06-27 02:21:11,816] {dag.py:2371} INFO - Sync 1 DAGs
[2022-06-27 02:21:11,855] {logging_mixin.py:115} INFO - [2022-06-27 02:21:11,855] {dag.py:2919} INFO - Setting next_dagrun for example_time_delta_sensor_async to None, run_after=None
[2022-06-27 02:21:11,883] {processor.py:161} INFO - Processing /home/airflow/.local/lib/python3.7/site-packages/airflow/example_dags/example_time_delta_sensor_async.py took 0.156 seconds
[2022-06-27 02:21:42,231] {processor.py:153} INFO - Started process (PID=10741) to work on /home/airflow/.local/lib/python3.7/site-packages/airflow/example_dags/example_time_delta_sensor_async.py
[2022-06-27 02:21:42,233] {processor.py:641} INFO - Processing file /home/airflow/.local/lib/python3.7/site-packages/airflow/example_dags/example_time_delta_sensor_async.py for tasks to queue
[2022-06-27 02:21:42,234] {logging_mixin.py:115} INFO - [2022-06-27 02:21:42,234] {dagbag.py:507} INFO - Filling up the DagBag from /home/airflow/.local/lib/python3.7/site-packages/airflow/example_dags/example_time_delta_sensor_async.py
[2022-06-27 02:21:42,247] {processor.py:651} INFO - DAG(s) dict_keys(['example_time_delta_sensor_async']) retrieved from /home/airflow/.local/lib/python3.7/site-packages/airflow/example_dags/example_time_delta_sensor_async.py
[2022-06-27 02:21:42,358] {logging_mixin.py:115} INFO - [2022-06-27 02:21:42,357] {dag.py:2371} INFO - Sync 1 DAGs
[2022-06-27 02:21:42,412] {logging_mixin.py:115} INFO - [2022-06-27 02:21:42,412] {dag.py:2919} INFO - Setting next_dagrun for example_time_delta_sensor_async to None, run_after=None
[2022-06-27 02:21:42,446] {processor.py:161} INFO - Processing /home/airflow/.local/lib/python3.7/site-packages/airflow/example_dags/example_time_delta_sensor_async.py took 0.222 seconds
[2022-06-27 02:22:12,913] {processor.py:153} INFO - Started process (PID=10795) to work on /home/airflow/.local/lib/python3.7/site-packages/airflow/example_dags/example_time_delta_sensor_async.py
[2022-06-27 02:22:12,914] {processor.py:641} INFO - Processing file /home/airflow/.local/lib/python3.7/site-packages/airflow/example_dags/example_time_delta_sensor_async.py for tasks to queue
[2022-06-27 02:22:12,916] {logging_mixin.py:115} INFO - [2022-06-27 02:22:12,916] {dagbag.py:507} INFO - Filling up the DagBag from /home/airflow/.local/lib/python3.7/site-packages/airflow/example_dags/example_time_delta_sensor_async.py
[2022-06-27 02:22:12,925] {processor.py:651} INFO - DAG(s) dict_keys(['example_time_delta_sensor_async']) retrieved from /home/airflow/.local/lib/python3.7/site-packages/airflow/example_dags/example_time_delta_sensor_async.py
[2022-06-27 02:22:13,000] {logging_mixin.py:115} INFO - [2022-06-27 02:22:13,000] {dag.py:2371} INFO - Sync 1 DAGs
[2022-06-27 02:22:13,042] {logging_mixin.py:115} INFO - [2022-06-27 02:22:13,042] {dag.py:2919} INFO - Setting next_dagrun for example_time_delta_sensor_async to None, run_after=None
[2022-06-27 02:22:13,071] {processor.py:161} INFO - Processing /home/airflow/.local/lib/python3.7/site-packages/airflow/example_dags/example_time_delta_sensor_async.py took 0.163 seconds
[2022-06-27 02:22:43,354] {processor.py:153} INFO - Started process (PID=10858) to work on /home/airflow/.local/lib/python3.7/site-packages/airflow/example_dags/example_time_delta_sensor_async.py
[2022-06-27 02:22:43,356] {processor.py:641} INFO - Processing file /home/airflow/.local/lib/python3.7/site-packages/airflow/example_dags/example_time_delta_sensor_async.py for tasks to queue
[2022-06-27 02:22:43,358] {logging_mixin.py:115} INFO - [2022-06-27 02:22:43,358] {dagbag.py:507} INFO - Filling up the DagBag from /home/airflow/.local/lib/python3.7/site-packages/airflow/example_dags/example_time_delta_sensor_async.py
[2022-06-27 02:22:43,372] {processor.py:651} INFO - DAG(s) dict_keys(['example_time_delta_sensor_async']) retrieved from /home/airflow/.local/lib/python3.7/site-packages/airflow/example_dags/example_time_delta_sensor_async.py
[2022-06-27 02:22:43,447] {logging_mixin.py:115} INFO - [2022-06-27 02:22:43,447] {dag.py:2371} INFO - Sync 1 DAGs
[2022-06-27 02:22:43,496] {logging_mixin.py:115} INFO - [2022-06-27 02:22:43,496] {dag.py:2919} INFO - Setting next_dagrun for example_time_delta_sensor_async to None, run_after=None
[2022-06-27 02:22:43,524] {processor.py:161} INFO - Processing /home/airflow/.local/lib/python3.7/site-packages/airflow/example_dags/example_time_delta_sensor_async.py took 0.174 seconds
[2022-06-27 02:23:13,874] {processor.py:153} INFO - Started process (PID=10912) to work on /home/airflow/.local/lib/python3.7/site-packages/airflow/example_dags/example_time_delta_sensor_async.py
[2022-06-27 02:23:13,876] {processor.py:641} INFO - Processing file /home/airflow/.local/lib/python3.7/site-packages/airflow/example_dags/example_time_delta_sensor_async.py for tasks to queue
[2022-06-27 02:23:13,877] {logging_mixin.py:115} INFO - [2022-06-27 02:23:13,877] {dagbag.py:507} INFO - Filling up the DagBag from /home/airflow/.local/lib/python3.7/site-packages/airflow/example_dags/example_time_delta_sensor_async.py
[2022-06-27 02:23:13,887] {processor.py:651} INFO - DAG(s) dict_keys(['example_time_delta_sensor_async']) retrieved from /home/airflow/.local/lib/python3.7/site-packages/airflow/example_dags/example_time_delta_sensor_async.py
[2022-06-27 02:23:13,960] {logging_mixin.py:115} INFO - [2022-06-27 02:23:13,960] {dag.py:2371} INFO - Sync 1 DAGs
[2022-06-27 02:23:13,998] {logging_mixin.py:115} INFO - [2022-06-27 02:23:13,998] {dag.py:2919} INFO - Setting next_dagrun for example_time_delta_sensor_async to None, run_after=None
[2022-06-27 02:23:14,029] {processor.py:161} INFO - Processing /home/airflow/.local/lib/python3.7/site-packages/airflow/example_dags/example_time_delta_sensor_async.py took 0.160 seconds
[2022-06-27 02:23:44,455] {processor.py:153} INFO - Started process (PID=10975) to work on /home/airflow/.local/lib/python3.7/site-packages/airflow/example_dags/example_time_delta_sensor_async.py
[2022-06-27 02:23:44,456] {processor.py:641} INFO - Processing file /home/airflow/.local/lib/python3.7/site-packages/airflow/example_dags/example_time_delta_sensor_async.py for tasks to queue
[2022-06-27 02:23:44,458] {logging_mixin.py:115} INFO - [2022-06-27 02:23:44,458] {dagbag.py:507} INFO - Filling up the DagBag from /home/airflow/.local/lib/python3.7/site-packages/airflow/example_dags/example_time_delta_sensor_async.py
[2022-06-27 02:23:44,468] {processor.py:651} INFO - DAG(s) dict_keys(['example_time_delta_sensor_async']) retrieved from /home/airflow/.local/lib/python3.7/site-packages/airflow/example_dags/example_time_delta_sensor_async.py
[2022-06-27 02:23:44,542] {logging_mixin.py:115} INFO - [2022-06-27 02:23:44,542] {dag.py:2371} INFO - Sync 1 DAGs
[2022-06-27 02:23:44,578] {logging_mixin.py:115} INFO - [2022-06-27 02:23:44,577] {dag.py:2919} INFO - Setting next_dagrun for example_time_delta_sensor_async to None, run_after=None
[2022-06-27 02:23:44,601] {processor.py:161} INFO - Processing /home/airflow/.local/lib/python3.7/site-packages/airflow/example_dags/example_time_delta_sensor_async.py took 0.154 seconds
[2022-06-27 02:24:15,325] {processor.py:153} INFO - Started process (PID=11029) to work on /home/airflow/.local/lib/python3.7/site-packages/airflow/example_dags/example_time_delta_sensor_async.py
[2022-06-27 02:24:15,326] {processor.py:641} INFO - Processing file /home/airflow/.local/lib/python3.7/site-packages/airflow/example_dags/example_time_delta_sensor_async.py for tasks to queue
[2022-06-27 02:24:15,327] {logging_mixin.py:115} INFO - [2022-06-27 02:24:15,327] {dagbag.py:507} INFO - Filling up the DagBag from /home/airflow/.local/lib/python3.7/site-packages/airflow/example_dags/example_time_delta_sensor_async.py
[2022-06-27 02:24:15,336] {processor.py:651} INFO - DAG(s) dict_keys(['example_time_delta_sensor_async']) retrieved from /home/airflow/.local/lib/python3.7/site-packages/airflow/example_dags/example_time_delta_sensor_async.py
[2022-06-27 02:24:15,422] {logging_mixin.py:115} INFO - [2022-06-27 02:24:15,421] {dag.py:2371} INFO - Sync 1 DAGs
[2022-06-27 02:24:15,466] {logging_mixin.py:115} INFO - [2022-06-27 02:24:15,465] {dag.py:2919} INFO - Setting next_dagrun for example_time_delta_sensor_async to None, run_after=None
[2022-06-27 02:24:15,492] {processor.py:161} INFO - Processing /home/airflow/.local/lib/python3.7/site-packages/airflow/example_dags/example_time_delta_sensor_async.py took 0.174 seconds
