[2022-06-27 02:13:56,878] {processor.py:153} INFO - Started process (PID=9858) to work on /home/airflow/.local/lib/python3.7/site-packages/airflow/example_dags/example_dag_decorator.py
[2022-06-27 02:13:56,936] {processor.py:641} INFO - Processing file /home/airflow/.local/lib/python3.7/site-packages/airflow/example_dags/example_dag_decorator.py for tasks to queue
[2022-06-27 02:13:56,991] {logging_mixin.py:115} INFO - [2022-06-27 02:13:56,991] {dagbag.py:507} INFO - Filling up the DagBag from /home/airflow/.local/lib/python3.7/site-packages/airflow/example_dags/example_dag_decorator.py
[2022-06-27 02:13:57,237] {processor.py:651} INFO - DAG(s) dict_keys(['example_dag_decorator']) retrieved from /home/airflow/.local/lib/python3.7/site-packages/airflow/example_dags/example_dag_decorator.py
[2022-06-27 02:13:57,716] {logging_mixin.py:115} INFO - [2022-06-27 02:13:57,716] {dag.py:2371} INFO - Sync 1 DAGs
[2022-06-27 02:13:57,889] {logging_mixin.py:115} INFO - [2022-06-27 02:13:57,889] {dag.py:2919} INFO - Setting next_dagrun for example_dag_decorator to None, run_after=None
[2022-06-27 02:13:58,109] {processor.py:161} INFO - Processing /home/airflow/.local/lib/python3.7/site-packages/airflow/example_dags/example_dag_decorator.py took 1.253 seconds
[2022-06-27 02:14:28,977] {processor.py:153} INFO - Started process (PID=9911) to work on /home/airflow/.local/lib/python3.7/site-packages/airflow/example_dags/example_dag_decorator.py
[2022-06-27 02:14:28,979] {processor.py:641} INFO - Processing file /home/airflow/.local/lib/python3.7/site-packages/airflow/example_dags/example_dag_decorator.py for tasks to queue
[2022-06-27 02:14:28,981] {logging_mixin.py:115} INFO - [2022-06-27 02:14:28,981] {dagbag.py:507} INFO - Filling up the DagBag from /home/airflow/.local/lib/python3.7/site-packages/airflow/example_dags/example_dag_decorator.py
[2022-06-27 02:14:29,027] {processor.py:651} INFO - DAG(s) dict_keys(['example_dag_decorator']) retrieved from /home/airflow/.local/lib/python3.7/site-packages/airflow/example_dags/example_dag_decorator.py
[2022-06-27 02:14:29,156] {logging_mixin.py:115} INFO - [2022-06-27 02:14:29,156] {dag.py:2371} INFO - Sync 1 DAGs
[2022-06-27 02:14:29,194] {logging_mixin.py:115} INFO - [2022-06-27 02:14:29,193] {dag.py:2919} INFO - Setting next_dagrun for example_dag_decorator to None, run_after=None
[2022-06-27 02:14:29,225] {processor.py:161} INFO - Processing /home/airflow/.local/lib/python3.7/site-packages/airflow/example_dags/example_dag_decorator.py took 0.257 seconds
[2022-06-27 02:14:59,291] {processor.py:153} INFO - Started process (PID=9965) to work on /home/airflow/.local/lib/python3.7/site-packages/airflow/example_dags/example_dag_decorator.py
[2022-06-27 02:14:59,293] {processor.py:641} INFO - Processing file /home/airflow/.local/lib/python3.7/site-packages/airflow/example_dags/example_dag_decorator.py for tasks to queue
[2022-06-27 02:14:59,294] {logging_mixin.py:115} INFO - [2022-06-27 02:14:59,294] {dagbag.py:507} INFO - Filling up the DagBag from /home/airflow/.local/lib/python3.7/site-packages/airflow/example_dags/example_dag_decorator.py
[2022-06-27 02:14:59,338] {processor.py:651} INFO - DAG(s) dict_keys(['example_dag_decorator']) retrieved from /home/airflow/.local/lib/python3.7/site-packages/airflow/example_dags/example_dag_decorator.py
[2022-06-27 02:14:59,385] {logging_mixin.py:115} INFO - [2022-06-27 02:14:59,385] {dag.py:2371} INFO - Sync 1 DAGs
[2022-06-27 02:14:59,424] {logging_mixin.py:115} INFO - [2022-06-27 02:14:59,424] {dag.py:2919} INFO - Setting next_dagrun for example_dag_decorator to None, run_after=None
[2022-06-27 02:14:59,459] {processor.py:161} INFO - Processing /home/airflow/.local/lib/python3.7/site-packages/airflow/example_dags/example_dag_decorator.py took 0.174 seconds
[2022-06-27 02:15:29,667] {processor.py:153} INFO - Started process (PID=10028) to work on /home/airflow/.local/lib/python3.7/site-packages/airflow/example_dags/example_dag_decorator.py
[2022-06-27 02:15:29,669] {processor.py:641} INFO - Processing file /home/airflow/.local/lib/python3.7/site-packages/airflow/example_dags/example_dag_decorator.py for tasks to queue
[2022-06-27 02:15:29,671] {logging_mixin.py:115} INFO - [2022-06-27 02:15:29,671] {dagbag.py:507} INFO - Filling up the DagBag from /home/airflow/.local/lib/python3.7/site-packages/airflow/example_dags/example_dag_decorator.py
[2022-06-27 02:15:29,716] {processor.py:651} INFO - DAG(s) dict_keys(['example_dag_decorator']) retrieved from /home/airflow/.local/lib/python3.7/site-packages/airflow/example_dags/example_dag_decorator.py
[2022-06-27 02:15:29,846] {logging_mixin.py:115} INFO - [2022-06-27 02:15:29,846] {dag.py:2371} INFO - Sync 1 DAGs
[2022-06-27 02:15:29,881] {logging_mixin.py:115} INFO - [2022-06-27 02:15:29,881] {dag.py:2919} INFO - Setting next_dagrun for example_dag_decorator to None, run_after=None
[2022-06-27 02:15:29,935] {processor.py:161} INFO - Processing /home/airflow/.local/lib/python3.7/site-packages/airflow/example_dags/example_dag_decorator.py took 0.273 seconds
[2022-06-27 02:16:00,223] {processor.py:153} INFO - Started process (PID=10082) to work on /home/airflow/.local/lib/python3.7/site-packages/airflow/example_dags/example_dag_decorator.py
[2022-06-27 02:16:00,225] {processor.py:641} INFO - Processing file /home/airflow/.local/lib/python3.7/site-packages/airflow/example_dags/example_dag_decorator.py for tasks to queue
[2022-06-27 02:16:00,227] {logging_mixin.py:115} INFO - [2022-06-27 02:16:00,227] {dagbag.py:507} INFO - Filling up the DagBag from /home/airflow/.local/lib/python3.7/site-packages/airflow/example_dags/example_dag_decorator.py
[2022-06-27 02:16:00,269] {processor.py:651} INFO - DAG(s) dict_keys(['example_dag_decorator']) retrieved from /home/airflow/.local/lib/python3.7/site-packages/airflow/example_dags/example_dag_decorator.py
[2022-06-27 02:16:00,314] {logging_mixin.py:115} INFO - [2022-06-27 02:16:00,314] {dag.py:2371} INFO - Sync 1 DAGs
[2022-06-27 02:16:00,345] {logging_mixin.py:115} INFO - [2022-06-27 02:16:00,345] {dag.py:2919} INFO - Setting next_dagrun for example_dag_decorator to None, run_after=None
[2022-06-27 02:16:00,375] {processor.py:161} INFO - Processing /home/airflow/.local/lib/python3.7/site-packages/airflow/example_dags/example_dag_decorator.py took 0.157 seconds
[2022-06-27 02:16:30,742] {processor.py:153} INFO - Started process (PID=10145) to work on /home/airflow/.local/lib/python3.7/site-packages/airflow/example_dags/example_dag_decorator.py
[2022-06-27 02:16:30,743] {processor.py:641} INFO - Processing file /home/airflow/.local/lib/python3.7/site-packages/airflow/example_dags/example_dag_decorator.py for tasks to queue
[2022-06-27 02:16:30,746] {logging_mixin.py:115} INFO - [2022-06-27 02:16:30,745] {dagbag.py:507} INFO - Filling up the DagBag from /home/airflow/.local/lib/python3.7/site-packages/airflow/example_dags/example_dag_decorator.py
[2022-06-27 02:16:30,808] {processor.py:651} INFO - DAG(s) dict_keys(['example_dag_decorator']) retrieved from /home/airflow/.local/lib/python3.7/site-packages/airflow/example_dags/example_dag_decorator.py
[2022-06-27 02:16:30,984] {logging_mixin.py:115} INFO - [2022-06-27 02:16:30,984] {dag.py:2371} INFO - Sync 1 DAGs
[2022-06-27 02:16:31,022] {logging_mixin.py:115} INFO - [2022-06-27 02:16:31,022] {dag.py:2919} INFO - Setting next_dagrun for example_dag_decorator to None, run_after=None
[2022-06-27 02:16:31,050] {processor.py:161} INFO - Processing /home/airflow/.local/lib/python3.7/site-packages/airflow/example_dags/example_dag_decorator.py took 0.315 seconds
[2022-06-27 02:17:01,715] {processor.py:153} INFO - Started process (PID=10199) to work on /home/airflow/.local/lib/python3.7/site-packages/airflow/example_dags/example_dag_decorator.py
[2022-06-27 02:17:01,717] {processor.py:641} INFO - Processing file /home/airflow/.local/lib/python3.7/site-packages/airflow/example_dags/example_dag_decorator.py for tasks to queue
[2022-06-27 02:17:01,719] {logging_mixin.py:115} INFO - [2022-06-27 02:17:01,719] {dagbag.py:507} INFO - Filling up the DagBag from /home/airflow/.local/lib/python3.7/site-packages/airflow/example_dags/example_dag_decorator.py
[2022-06-27 02:17:01,763] {processor.py:651} INFO - DAG(s) dict_keys(['example_dag_decorator']) retrieved from /home/airflow/.local/lib/python3.7/site-packages/airflow/example_dags/example_dag_decorator.py
[2022-06-27 02:17:01,878] {logging_mixin.py:115} INFO - [2022-06-27 02:17:01,878] {dag.py:2371} INFO - Sync 1 DAGs
[2022-06-27 02:17:01,912] {logging_mixin.py:115} INFO - [2022-06-27 02:17:01,912] {dag.py:2919} INFO - Setting next_dagrun for example_dag_decorator to None, run_after=None
[2022-06-27 02:17:01,944] {processor.py:161} INFO - Processing /home/airflow/.local/lib/python3.7/site-packages/airflow/example_dags/example_dag_decorator.py took 0.238 seconds
[2022-06-27 02:17:32,538] {processor.py:153} INFO - Started process (PID=10262) to work on /home/airflow/.local/lib/python3.7/site-packages/airflow/example_dags/example_dag_decorator.py
[2022-06-27 02:17:32,540] {processor.py:641} INFO - Processing file /home/airflow/.local/lib/python3.7/site-packages/airflow/example_dags/example_dag_decorator.py for tasks to queue
[2022-06-27 02:17:32,541] {logging_mixin.py:115} INFO - [2022-06-27 02:17:32,541] {dagbag.py:507} INFO - Filling up the DagBag from /home/airflow/.local/lib/python3.7/site-packages/airflow/example_dags/example_dag_decorator.py
[2022-06-27 02:17:32,580] {processor.py:651} INFO - DAG(s) dict_keys(['example_dag_decorator']) retrieved from /home/airflow/.local/lib/python3.7/site-packages/airflow/example_dags/example_dag_decorator.py
[2022-06-27 02:17:32,710] {logging_mixin.py:115} INFO - [2022-06-27 02:17:32,710] {dag.py:2371} INFO - Sync 1 DAGs
[2022-06-27 02:17:32,746] {logging_mixin.py:115} INFO - [2022-06-27 02:17:32,745] {dag.py:2919} INFO - Setting next_dagrun for example_dag_decorator to None, run_after=None
[2022-06-27 02:17:32,774] {processor.py:161} INFO - Processing /home/airflow/.local/lib/python3.7/site-packages/airflow/example_dags/example_dag_decorator.py took 0.240 seconds
[2022-06-27 02:18:03,233] {processor.py:153} INFO - Started process (PID=10316) to work on /home/airflow/.local/lib/python3.7/site-packages/airflow/example_dags/example_dag_decorator.py
[2022-06-27 02:18:03,234] {processor.py:641} INFO - Processing file /home/airflow/.local/lib/python3.7/site-packages/airflow/example_dags/example_dag_decorator.py for tasks to queue
[2022-06-27 02:18:03,236] {logging_mixin.py:115} INFO - [2022-06-27 02:18:03,236] {dagbag.py:507} INFO - Filling up the DagBag from /home/airflow/.local/lib/python3.7/site-packages/airflow/example_dags/example_dag_decorator.py
[2022-06-27 02:18:03,286] {processor.py:651} INFO - DAG(s) dict_keys(['example_dag_decorator']) retrieved from /home/airflow/.local/lib/python3.7/site-packages/airflow/example_dags/example_dag_decorator.py
[2022-06-27 02:18:03,329] {logging_mixin.py:115} INFO - [2022-06-27 02:18:03,329] {dag.py:2371} INFO - Sync 1 DAGs
[2022-06-27 02:18:03,365] {logging_mixin.py:115} INFO - [2022-06-27 02:18:03,365] {dag.py:2919} INFO - Setting next_dagrun for example_dag_decorator to None, run_after=None
[2022-06-27 02:18:03,406] {processor.py:161} INFO - Processing /home/airflow/.local/lib/python3.7/site-packages/airflow/example_dags/example_dag_decorator.py took 0.179 seconds
[2022-06-27 02:18:34,264] {processor.py:153} INFO - Started process (PID=10379) to work on /home/airflow/.local/lib/python3.7/site-packages/airflow/example_dags/example_dag_decorator.py
[2022-06-27 02:18:34,265] {processor.py:641} INFO - Processing file /home/airflow/.local/lib/python3.7/site-packages/airflow/example_dags/example_dag_decorator.py for tasks to queue
[2022-06-27 02:18:34,267] {logging_mixin.py:115} INFO - [2022-06-27 02:18:34,267] {dagbag.py:507} INFO - Filling up the DagBag from /home/airflow/.local/lib/python3.7/site-packages/airflow/example_dags/example_dag_decorator.py
[2022-06-27 02:18:34,305] {processor.py:651} INFO - DAG(s) dict_keys(['example_dag_decorator']) retrieved from /home/airflow/.local/lib/python3.7/site-packages/airflow/example_dags/example_dag_decorator.py
[2022-06-27 02:18:34,447] {logging_mixin.py:115} INFO - [2022-06-27 02:18:34,447] {dag.py:2371} INFO - Sync 1 DAGs
[2022-06-27 02:18:34,480] {logging_mixin.py:115} INFO - [2022-06-27 02:18:34,480] {dag.py:2919} INFO - Setting next_dagrun for example_dag_decorator to None, run_after=None
[2022-06-27 02:18:34,507] {processor.py:161} INFO - Processing /home/airflow/.local/lib/python3.7/site-packages/airflow/example_dags/example_dag_decorator.py took 0.248 seconds
[2022-06-27 02:19:04,659] {processor.py:153} INFO - Started process (PID=10433) to work on /home/airflow/.local/lib/python3.7/site-packages/airflow/example_dags/example_dag_decorator.py
[2022-06-27 02:19:04,661] {processor.py:641} INFO - Processing file /home/airflow/.local/lib/python3.7/site-packages/airflow/example_dags/example_dag_decorator.py for tasks to queue
[2022-06-27 02:19:04,663] {logging_mixin.py:115} INFO - [2022-06-27 02:19:04,662] {dagbag.py:507} INFO - Filling up the DagBag from /home/airflow/.local/lib/python3.7/site-packages/airflow/example_dags/example_dag_decorator.py
[2022-06-27 02:19:04,711] {processor.py:651} INFO - DAG(s) dict_keys(['example_dag_decorator']) retrieved from /home/airflow/.local/lib/python3.7/site-packages/airflow/example_dags/example_dag_decorator.py
[2022-06-27 02:19:04,834] {logging_mixin.py:115} INFO - [2022-06-27 02:19:04,834] {dag.py:2371} INFO - Sync 1 DAGs
[2022-06-27 02:19:04,868] {logging_mixin.py:115} INFO - [2022-06-27 02:19:04,868] {dag.py:2919} INFO - Setting next_dagrun for example_dag_decorator to None, run_after=None
[2022-06-27 02:19:04,916] {processor.py:161} INFO - Processing /home/airflow/.local/lib/python3.7/site-packages/airflow/example_dags/example_dag_decorator.py took 0.262 seconds
[2022-06-27 02:19:35,039] {processor.py:153} INFO - Started process (PID=10496) to work on /home/airflow/.local/lib/python3.7/site-packages/airflow/example_dags/example_dag_decorator.py
[2022-06-27 02:19:35,040] {processor.py:641} INFO - Processing file /home/airflow/.local/lib/python3.7/site-packages/airflow/example_dags/example_dag_decorator.py for tasks to queue
[2022-06-27 02:19:35,042] {logging_mixin.py:115} INFO - [2022-06-27 02:19:35,042] {dagbag.py:507} INFO - Filling up the DagBag from /home/airflow/.local/lib/python3.7/site-packages/airflow/example_dags/example_dag_decorator.py
[2022-06-27 02:19:35,082] {processor.py:651} INFO - DAG(s) dict_keys(['example_dag_decorator']) retrieved from /home/airflow/.local/lib/python3.7/site-packages/airflow/example_dags/example_dag_decorator.py
[2022-06-27 02:19:35,199] {logging_mixin.py:115} INFO - [2022-06-27 02:19:35,199] {dag.py:2371} INFO - Sync 1 DAGs
[2022-06-27 02:19:35,233] {logging_mixin.py:115} INFO - [2022-06-27 02:19:35,233] {dag.py:2919} INFO - Setting next_dagrun for example_dag_decorator to None, run_after=None
[2022-06-27 02:19:35,263] {processor.py:161} INFO - Processing /home/airflow/.local/lib/python3.7/site-packages/airflow/example_dags/example_dag_decorator.py took 0.229 seconds
[2022-06-27 02:20:05,556] {processor.py:153} INFO - Started process (PID=10550) to work on /home/airflow/.local/lib/python3.7/site-packages/airflow/example_dags/example_dag_decorator.py
[2022-06-27 02:20:05,558] {processor.py:641} INFO - Processing file /home/airflow/.local/lib/python3.7/site-packages/airflow/example_dags/example_dag_decorator.py for tasks to queue
[2022-06-27 02:20:05,560] {logging_mixin.py:115} INFO - [2022-06-27 02:20:05,560] {dagbag.py:507} INFO - Filling up the DagBag from /home/airflow/.local/lib/python3.7/site-packages/airflow/example_dags/example_dag_decorator.py
[2022-06-27 02:20:05,610] {processor.py:651} INFO - DAG(s) dict_keys(['example_dag_decorator']) retrieved from /home/airflow/.local/lib/python3.7/site-packages/airflow/example_dags/example_dag_decorator.py
[2022-06-27 02:20:05,717] {logging_mixin.py:115} INFO - [2022-06-27 02:20:05,717] {dag.py:2371} INFO - Sync 1 DAGs
[2022-06-27 02:20:05,754] {logging_mixin.py:115} INFO - [2022-06-27 02:20:05,753] {dag.py:2919} INFO - Setting next_dagrun for example_dag_decorator to None, run_after=None
[2022-06-27 02:20:05,779] {processor.py:161} INFO - Processing /home/airflow/.local/lib/python3.7/site-packages/airflow/example_dags/example_dag_decorator.py took 0.230 seconds
[2022-06-27 02:20:36,045] {processor.py:153} INFO - Started process (PID=10611) to work on /home/airflow/.local/lib/python3.7/site-packages/airflow/example_dags/example_dag_decorator.py
[2022-06-27 02:20:36,047] {processor.py:641} INFO - Processing file /home/airflow/.local/lib/python3.7/site-packages/airflow/example_dags/example_dag_decorator.py for tasks to queue
[2022-06-27 02:20:36,049] {logging_mixin.py:115} INFO - [2022-06-27 02:20:36,048] {dagbag.py:507} INFO - Filling up the DagBag from /home/airflow/.local/lib/python3.7/site-packages/airflow/example_dags/example_dag_decorator.py
[2022-06-27 02:20:36,089] {processor.py:651} INFO - DAG(s) dict_keys(['example_dag_decorator']) retrieved from /home/airflow/.local/lib/python3.7/site-packages/airflow/example_dags/example_dag_decorator.py
[2022-06-27 02:20:36,234] {logging_mixin.py:115} INFO - [2022-06-27 02:20:36,234] {dag.py:2371} INFO - Sync 1 DAGs
[2022-06-27 02:20:36,278] {logging_mixin.py:115} INFO - [2022-06-27 02:20:36,278] {dag.py:2919} INFO - Setting next_dagrun for example_dag_decorator to None, run_after=None
[2022-06-27 02:20:36,303] {processor.py:161} INFO - Processing /home/airflow/.local/lib/python3.7/site-packages/airflow/example_dags/example_dag_decorator.py took 0.263 seconds
[2022-06-27 02:21:06,837] {processor.py:153} INFO - Started process (PID=10668) to work on /home/airflow/.local/lib/python3.7/site-packages/airflow/example_dags/example_dag_decorator.py
[2022-06-27 02:21:06,839] {processor.py:641} INFO - Processing file /home/airflow/.local/lib/python3.7/site-packages/airflow/example_dags/example_dag_decorator.py for tasks to queue
[2022-06-27 02:21:06,841] {logging_mixin.py:115} INFO - [2022-06-27 02:21:06,841] {dagbag.py:507} INFO - Filling up the DagBag from /home/airflow/.local/lib/python3.7/site-packages/airflow/example_dags/example_dag_decorator.py
[2022-06-27 02:21:06,888] {processor.py:651} INFO - DAG(s) dict_keys(['example_dag_decorator']) retrieved from /home/airflow/.local/lib/python3.7/site-packages/airflow/example_dags/example_dag_decorator.py
[2022-06-27 02:21:06,993] {logging_mixin.py:115} INFO - [2022-06-27 02:21:06,993] {dag.py:2371} INFO - Sync 1 DAGs
[2022-06-27 02:21:07,021] {logging_mixin.py:115} INFO - [2022-06-27 02:21:07,021] {dag.py:2919} INFO - Setting next_dagrun for example_dag_decorator to None, run_after=None
[2022-06-27 02:21:07,053] {processor.py:161} INFO - Processing /home/airflow/.local/lib/python3.7/site-packages/airflow/example_dags/example_dag_decorator.py took 0.224 seconds
[2022-06-27 02:21:37,202] {processor.py:153} INFO - Started process (PID=10722) to work on /home/airflow/.local/lib/python3.7/site-packages/airflow/example_dags/example_dag_decorator.py
[2022-06-27 02:21:37,204] {processor.py:641} INFO - Processing file /home/airflow/.local/lib/python3.7/site-packages/airflow/example_dags/example_dag_decorator.py for tasks to queue
[2022-06-27 02:21:37,205] {logging_mixin.py:115} INFO - [2022-06-27 02:21:37,205] {dagbag.py:507} INFO - Filling up the DagBag from /home/airflow/.local/lib/python3.7/site-packages/airflow/example_dags/example_dag_decorator.py
[2022-06-27 02:21:37,256] {processor.py:651} INFO - DAG(s) dict_keys(['example_dag_decorator']) retrieved from /home/airflow/.local/lib/python3.7/site-packages/airflow/example_dags/example_dag_decorator.py
[2022-06-27 02:21:37,426] {logging_mixin.py:115} INFO - [2022-06-27 02:21:37,426] {dag.py:2371} INFO - Sync 1 DAGs
[2022-06-27 02:21:37,472] {logging_mixin.py:115} INFO - [2022-06-27 02:21:37,472] {dag.py:2919} INFO - Setting next_dagrun for example_dag_decorator to None, run_after=None
[2022-06-27 02:21:37,502] {processor.py:161} INFO - Processing /home/airflow/.local/lib/python3.7/site-packages/airflow/example_dags/example_dag_decorator.py took 0.306 seconds
[2022-06-27 02:22:07,940] {processor.py:153} INFO - Started process (PID=10785) to work on /home/airflow/.local/lib/python3.7/site-packages/airflow/example_dags/example_dag_decorator.py
[2022-06-27 02:22:07,942] {processor.py:641} INFO - Processing file /home/airflow/.local/lib/python3.7/site-packages/airflow/example_dags/example_dag_decorator.py for tasks to queue
[2022-06-27 02:22:07,943] {logging_mixin.py:115} INFO - [2022-06-27 02:22:07,943] {dagbag.py:507} INFO - Filling up the DagBag from /home/airflow/.local/lib/python3.7/site-packages/airflow/example_dags/example_dag_decorator.py
[2022-06-27 02:22:07,982] {processor.py:651} INFO - DAG(s) dict_keys(['example_dag_decorator']) retrieved from /home/airflow/.local/lib/python3.7/site-packages/airflow/example_dags/example_dag_decorator.py
[2022-06-27 02:22:08,114] {logging_mixin.py:115} INFO - [2022-06-27 02:22:08,114] {dag.py:2371} INFO - Sync 1 DAGs
[2022-06-27 02:22:08,170] {logging_mixin.py:115} INFO - [2022-06-27 02:22:08,169] {dag.py:2919} INFO - Setting next_dagrun for example_dag_decorator to None, run_after=None
[2022-06-27 02:22:08,205] {processor.py:161} INFO - Processing /home/airflow/.local/lib/python3.7/site-packages/airflow/example_dags/example_dag_decorator.py took 0.272 seconds
[2022-06-27 02:22:38,425] {processor.py:153} INFO - Started process (PID=10840) to work on /home/airflow/.local/lib/python3.7/site-packages/airflow/example_dags/example_dag_decorator.py
[2022-06-27 02:22:38,426] {processor.py:641} INFO - Processing file /home/airflow/.local/lib/python3.7/site-packages/airflow/example_dags/example_dag_decorator.py for tasks to queue
[2022-06-27 02:22:38,428] {logging_mixin.py:115} INFO - [2022-06-27 02:22:38,427] {dagbag.py:507} INFO - Filling up the DagBag from /home/airflow/.local/lib/python3.7/site-packages/airflow/example_dags/example_dag_decorator.py
[2022-06-27 02:22:38,472] {processor.py:651} INFO - DAG(s) dict_keys(['example_dag_decorator']) retrieved from /home/airflow/.local/lib/python3.7/site-packages/airflow/example_dags/example_dag_decorator.py
[2022-06-27 02:22:38,632] {logging_mixin.py:115} INFO - [2022-06-27 02:22:38,632] {dag.py:2371} INFO - Sync 1 DAGs
[2022-06-27 02:22:38,671] {logging_mixin.py:115} INFO - [2022-06-27 02:22:38,671] {dag.py:2919} INFO - Setting next_dagrun for example_dag_decorator to None, run_after=None
[2022-06-27 02:22:38,707] {processor.py:161} INFO - Processing /home/airflow/.local/lib/python3.7/site-packages/airflow/example_dags/example_dag_decorator.py took 0.286 seconds
[2022-06-27 02:23:08,829] {processor.py:153} INFO - Started process (PID=10902) to work on /home/airflow/.local/lib/python3.7/site-packages/airflow/example_dags/example_dag_decorator.py
[2022-06-27 02:23:08,830] {processor.py:641} INFO - Processing file /home/airflow/.local/lib/python3.7/site-packages/airflow/example_dags/example_dag_decorator.py for tasks to queue
[2022-06-27 02:23:08,832] {logging_mixin.py:115} INFO - [2022-06-27 02:23:08,832] {dagbag.py:507} INFO - Filling up the DagBag from /home/airflow/.local/lib/python3.7/site-packages/airflow/example_dags/example_dag_decorator.py
[2022-06-27 02:23:08,883] {processor.py:651} INFO - DAG(s) dict_keys(['example_dag_decorator']) retrieved from /home/airflow/.local/lib/python3.7/site-packages/airflow/example_dags/example_dag_decorator.py
[2022-06-27 02:23:09,003] {logging_mixin.py:115} INFO - [2022-06-27 02:23:09,003] {dag.py:2371} INFO - Sync 1 DAGs
[2022-06-27 02:23:09,037] {logging_mixin.py:115} INFO - [2022-06-27 02:23:09,037] {dag.py:2919} INFO - Setting next_dagrun for example_dag_decorator to None, run_after=None
[2022-06-27 02:23:09,064] {processor.py:161} INFO - Processing /home/airflow/.local/lib/python3.7/site-packages/airflow/example_dags/example_dag_decorator.py took 0.243 seconds
[2022-06-27 02:23:39,588] {processor.py:153} INFO - Started process (PID=10956) to work on /home/airflow/.local/lib/python3.7/site-packages/airflow/example_dags/example_dag_decorator.py
[2022-06-27 02:23:39,589] {processor.py:641} INFO - Processing file /home/airflow/.local/lib/python3.7/site-packages/airflow/example_dags/example_dag_decorator.py for tasks to queue
[2022-06-27 02:23:39,591] {logging_mixin.py:115} INFO - [2022-06-27 02:23:39,591] {dagbag.py:507} INFO - Filling up the DagBag from /home/airflow/.local/lib/python3.7/site-packages/airflow/example_dags/example_dag_decorator.py
[2022-06-27 02:23:39,630] {processor.py:651} INFO - DAG(s) dict_keys(['example_dag_decorator']) retrieved from /home/airflow/.local/lib/python3.7/site-packages/airflow/example_dags/example_dag_decorator.py
[2022-06-27 02:23:39,743] {logging_mixin.py:115} INFO - [2022-06-27 02:23:39,743] {dag.py:2371} INFO - Sync 1 DAGs
[2022-06-27 02:23:39,777] {logging_mixin.py:115} INFO - [2022-06-27 02:23:39,777] {dag.py:2919} INFO - Setting next_dagrun for example_dag_decorator to None, run_after=None
[2022-06-27 02:23:39,814] {processor.py:161} INFO - Processing /home/airflow/.local/lib/python3.7/site-packages/airflow/example_dags/example_dag_decorator.py took 0.231 seconds
[2022-06-27 02:24:10,315] {processor.py:153} INFO - Started process (PID=11019) to work on /home/airflow/.local/lib/python3.7/site-packages/airflow/example_dags/example_dag_decorator.py
[2022-06-27 02:24:10,317] {processor.py:641} INFO - Processing file /home/airflow/.local/lib/python3.7/site-packages/airflow/example_dags/example_dag_decorator.py for tasks to queue
[2022-06-27 02:24:10,320] {logging_mixin.py:115} INFO - [2022-06-27 02:24:10,320] {dagbag.py:507} INFO - Filling up the DagBag from /home/airflow/.local/lib/python3.7/site-packages/airflow/example_dags/example_dag_decorator.py
[2022-06-27 02:24:10,356] {processor.py:651} INFO - DAG(s) dict_keys(['example_dag_decorator']) retrieved from /home/airflow/.local/lib/python3.7/site-packages/airflow/example_dags/example_dag_decorator.py
[2022-06-27 02:24:10,481] {logging_mixin.py:115} INFO - [2022-06-27 02:24:10,481] {dag.py:2371} INFO - Sync 1 DAGs
[2022-06-27 02:24:10,512] {logging_mixin.py:115} INFO - [2022-06-27 02:24:10,512] {dag.py:2919} INFO - Setting next_dagrun for example_dag_decorator to None, run_after=None
[2022-06-27 02:24:10,541] {processor.py:161} INFO - Processing /home/airflow/.local/lib/python3.7/site-packages/airflow/example_dags/example_dag_decorator.py took 0.231 seconds
[2022-06-27 02:24:40,654] {processor.py:153} INFO - Started process (PID=11073) to work on /home/airflow/.local/lib/python3.7/site-packages/airflow/example_dags/example_dag_decorator.py
[2022-06-27 02:24:40,656] {processor.py:641} INFO - Processing file /home/airflow/.local/lib/python3.7/site-packages/airflow/example_dags/example_dag_decorator.py for tasks to queue
[2022-06-27 02:24:40,658] {logging_mixin.py:115} INFO - [2022-06-27 02:24:40,658] {dagbag.py:507} INFO - Filling up the DagBag from /home/airflow/.local/lib/python3.7/site-packages/airflow/example_dags/example_dag_decorator.py
[2022-06-27 02:24:40,751] {processor.py:651} INFO - DAG(s) dict_keys(['example_dag_decorator']) retrieved from /home/airflow/.local/lib/python3.7/site-packages/airflow/example_dags/example_dag_decorator.py
[2022-06-27 02:24:41,007] {logging_mixin.py:115} INFO - [2022-06-27 02:24:41,007] {dag.py:2371} INFO - Sync 1 DAGs
[2022-06-27 02:24:41,090] {logging_mixin.py:115} INFO - [2022-06-27 02:24:41,089] {dag.py:2919} INFO - Setting next_dagrun for example_dag_decorator to None, run_after=None
[2022-06-27 02:24:41,165] {processor.py:161} INFO - Processing /home/airflow/.local/lib/python3.7/site-packages/airflow/example_dags/example_dag_decorator.py took 0.522 seconds
