[2022-06-27 02:14:02,793] {processor.py:153} INFO - Started process (PID=9870) to work on /home/airflow/.local/lib/python3.7/site-packages/airflow/example_dags/example_branch_datetime_operator.py
[2022-06-27 02:14:02,796] {processor.py:641} INFO - Processing file /home/airflow/.local/lib/python3.7/site-packages/airflow/example_dags/example_branch_datetime_operator.py for tasks to queue
[2022-06-27 02:14:02,809] {logging_mixin.py:115} INFO - [2022-06-27 02:14:02,808] {dagbag.py:507} INFO - Filling up the DagBag from /home/airflow/.local/lib/python3.7/site-packages/airflow/example_dags/example_branch_datetime_operator.py
[2022-06-27 02:14:02,906] {processor.py:651} INFO - DAG(s) dict_keys(['example_branch_datetime_operator_2']) retrieved from /home/airflow/.local/lib/python3.7/site-packages/airflow/example_dags/example_branch_datetime_operator.py
[2022-06-27 02:14:03,098] {logging_mixin.py:115} INFO - [2022-06-27 02:14:03,097] {dag.py:2371} INFO - Sync 1 DAGs
[2022-06-27 02:14:03,255] {logging_mixin.py:115} INFO - [2022-06-27 02:14:03,252] {dag.py:2919} INFO - Setting next_dagrun for example_branch_datetime_operator_2 to 2022-06-26T00:00:00+00:00, run_after=2022-06-27T00:00:00+00:00
[2022-06-27 02:14:03,421] {processor.py:161} INFO - Processing /home/airflow/.local/lib/python3.7/site-packages/airflow/example_dags/example_branch_datetime_operator.py took 0.650 seconds
[2022-06-27 02:14:33,564] {processor.py:153} INFO - Started process (PID=9923) to work on /home/airflow/.local/lib/python3.7/site-packages/airflow/example_dags/example_branch_datetime_operator.py
[2022-06-27 02:14:33,567] {processor.py:641} INFO - Processing file /home/airflow/.local/lib/python3.7/site-packages/airflow/example_dags/example_branch_datetime_operator.py for tasks to queue
[2022-06-27 02:14:33,569] {logging_mixin.py:115} INFO - [2022-06-27 02:14:33,569] {dagbag.py:507} INFO - Filling up the DagBag from /home/airflow/.local/lib/python3.7/site-packages/airflow/example_dags/example_branch_datetime_operator.py
[2022-06-27 02:14:33,602] {processor.py:651} INFO - DAG(s) dict_keys(['example_branch_datetime_operator_2']) retrieved from /home/airflow/.local/lib/python3.7/site-packages/airflow/example_dags/example_branch_datetime_operator.py
[2022-06-27 02:14:33,693] {logging_mixin.py:115} INFO - [2022-06-27 02:14:33,692] {dag.py:2371} INFO - Sync 1 DAGs
[2022-06-27 02:14:33,788] {logging_mixin.py:115} INFO - [2022-06-27 02:14:33,787] {dag.py:2919} INFO - Setting next_dagrun for example_branch_datetime_operator_2 to 2022-06-26T00:00:00+00:00, run_after=2022-06-27T00:00:00+00:00
[2022-06-27 02:14:33,824] {processor.py:161} INFO - Processing /home/airflow/.local/lib/python3.7/site-packages/airflow/example_dags/example_branch_datetime_operator.py took 0.269 seconds
[2022-06-27 02:15:04,729] {processor.py:153} INFO - Started process (PID=9986) to work on /home/airflow/.local/lib/python3.7/site-packages/airflow/example_dags/example_branch_datetime_operator.py
[2022-06-27 02:15:04,731] {processor.py:641} INFO - Processing file /home/airflow/.local/lib/python3.7/site-packages/airflow/example_dags/example_branch_datetime_operator.py for tasks to queue
[2022-06-27 02:15:04,733] {logging_mixin.py:115} INFO - [2022-06-27 02:15:04,732] {dagbag.py:507} INFO - Filling up the DagBag from /home/airflow/.local/lib/python3.7/site-packages/airflow/example_dags/example_branch_datetime_operator.py
[2022-06-27 02:15:04,756] {processor.py:651} INFO - DAG(s) dict_keys(['example_branch_datetime_operator_2']) retrieved from /home/airflow/.local/lib/python3.7/site-packages/airflow/example_dags/example_branch_datetime_operator.py
[2022-06-27 02:15:04,828] {logging_mixin.py:115} INFO - [2022-06-27 02:15:04,828] {dag.py:2371} INFO - Sync 1 DAGs
[2022-06-27 02:15:04,911] {logging_mixin.py:115} INFO - [2022-06-27 02:15:04,911] {dag.py:2919} INFO - Setting next_dagrun for example_branch_datetime_operator_2 to 2022-06-26T00:00:00+00:00, run_after=2022-06-27T00:00:00+00:00
[2022-06-27 02:15:04,951] {processor.py:161} INFO - Processing /home/airflow/.local/lib/python3.7/site-packages/airflow/example_dags/example_branch_datetime_operator.py took 0.231 seconds
[2022-06-27 02:15:35,950] {processor.py:153} INFO - Started process (PID=10040) to work on /home/airflow/.local/lib/python3.7/site-packages/airflow/example_dags/example_branch_datetime_operator.py
[2022-06-27 02:15:35,951] {processor.py:641} INFO - Processing file /home/airflow/.local/lib/python3.7/site-packages/airflow/example_dags/example_branch_datetime_operator.py for tasks to queue
[2022-06-27 02:15:35,953] {logging_mixin.py:115} INFO - [2022-06-27 02:15:35,953] {dagbag.py:507} INFO - Filling up the DagBag from /home/airflow/.local/lib/python3.7/site-packages/airflow/example_dags/example_branch_datetime_operator.py
[2022-06-27 02:15:35,968] {processor.py:651} INFO - DAG(s) dict_keys(['example_branch_datetime_operator_2']) retrieved from /home/airflow/.local/lib/python3.7/site-packages/airflow/example_dags/example_branch_datetime_operator.py
[2022-06-27 02:15:36,013] {logging_mixin.py:115} INFO - [2022-06-27 02:15:36,012] {dag.py:2371} INFO - Sync 1 DAGs
[2022-06-27 02:15:36,049] {logging_mixin.py:115} INFO - [2022-06-27 02:15:36,049] {dag.py:2919} INFO - Setting next_dagrun for example_branch_datetime_operator_2 to 2022-06-26T00:00:00+00:00, run_after=2022-06-27T00:00:00+00:00
[2022-06-27 02:15:36,084] {processor.py:161} INFO - Processing /home/airflow/.local/lib/python3.7/site-packages/airflow/example_dags/example_branch_datetime_operator.py took 0.140 seconds
[2022-06-27 02:16:06,439] {processor.py:153} INFO - Started process (PID=10103) to work on /home/airflow/.local/lib/python3.7/site-packages/airflow/example_dags/example_branch_datetime_operator.py
[2022-06-27 02:16:06,441] {processor.py:641} INFO - Processing file /home/airflow/.local/lib/python3.7/site-packages/airflow/example_dags/example_branch_datetime_operator.py for tasks to queue
[2022-06-27 02:16:06,443] {logging_mixin.py:115} INFO - [2022-06-27 02:16:06,442] {dagbag.py:507} INFO - Filling up the DagBag from /home/airflow/.local/lib/python3.7/site-packages/airflow/example_dags/example_branch_datetime_operator.py
[2022-06-27 02:16:06,459] {processor.py:651} INFO - DAG(s) dict_keys(['example_branch_datetime_operator_2']) retrieved from /home/airflow/.local/lib/python3.7/site-packages/airflow/example_dags/example_branch_datetime_operator.py
[2022-06-27 02:16:06,503] {logging_mixin.py:115} INFO - [2022-06-27 02:16:06,503] {dag.py:2371} INFO - Sync 1 DAGs
[2022-06-27 02:16:06,548] {logging_mixin.py:115} INFO - [2022-06-27 02:16:06,548] {dag.py:2919} INFO - Setting next_dagrun for example_branch_datetime_operator_2 to 2022-06-26T00:00:00+00:00, run_after=2022-06-27T00:00:00+00:00
[2022-06-27 02:16:06,581] {processor.py:161} INFO - Processing /home/airflow/.local/lib/python3.7/site-packages/airflow/example_dags/example_branch_datetime_operator.py took 0.148 seconds
[2022-06-27 02:16:37,127] {processor.py:153} INFO - Started process (PID=10157) to work on /home/airflow/.local/lib/python3.7/site-packages/airflow/example_dags/example_branch_datetime_operator.py
[2022-06-27 02:16:37,129] {processor.py:641} INFO - Processing file /home/airflow/.local/lib/python3.7/site-packages/airflow/example_dags/example_branch_datetime_operator.py for tasks to queue
[2022-06-27 02:16:37,131] {logging_mixin.py:115} INFO - [2022-06-27 02:16:37,131] {dagbag.py:507} INFO - Filling up the DagBag from /home/airflow/.local/lib/python3.7/site-packages/airflow/example_dags/example_branch_datetime_operator.py
[2022-06-27 02:16:37,148] {processor.py:651} INFO - DAG(s) dict_keys(['example_branch_datetime_operator_2']) retrieved from /home/airflow/.local/lib/python3.7/site-packages/airflow/example_dags/example_branch_datetime_operator.py
[2022-06-27 02:16:37,201] {logging_mixin.py:115} INFO - [2022-06-27 02:16:37,200] {dag.py:2371} INFO - Sync 1 DAGs
[2022-06-27 02:16:37,248] {logging_mixin.py:115} INFO - [2022-06-27 02:16:37,247] {dag.py:2919} INFO - Setting next_dagrun for example_branch_datetime_operator_2 to 2022-06-26T00:00:00+00:00, run_after=2022-06-27T00:00:00+00:00
[2022-06-27 02:16:37,280] {processor.py:161} INFO - Processing /home/airflow/.local/lib/python3.7/site-packages/airflow/example_dags/example_branch_datetime_operator.py took 0.159 seconds
[2022-06-27 02:17:07,952] {processor.py:153} INFO - Started process (PID=10220) to work on /home/airflow/.local/lib/python3.7/site-packages/airflow/example_dags/example_branch_datetime_operator.py
[2022-06-27 02:17:07,953] {processor.py:641} INFO - Processing file /home/airflow/.local/lib/python3.7/site-packages/airflow/example_dags/example_branch_datetime_operator.py for tasks to queue
[2022-06-27 02:17:07,955] {logging_mixin.py:115} INFO - [2022-06-27 02:17:07,955] {dagbag.py:507} INFO - Filling up the DagBag from /home/airflow/.local/lib/python3.7/site-packages/airflow/example_dags/example_branch_datetime_operator.py
[2022-06-27 02:17:07,970] {processor.py:651} INFO - DAG(s) dict_keys(['example_branch_datetime_operator_2']) retrieved from /home/airflow/.local/lib/python3.7/site-packages/airflow/example_dags/example_branch_datetime_operator.py
[2022-06-27 02:17:08,045] {logging_mixin.py:115} INFO - [2022-06-27 02:17:08,045] {dag.py:2371} INFO - Sync 1 DAGs
[2022-06-27 02:17:08,108] {logging_mixin.py:115} INFO - [2022-06-27 02:17:08,107] {dag.py:2919} INFO - Setting next_dagrun for example_branch_datetime_operator_2 to 2022-06-26T00:00:00+00:00, run_after=2022-06-27T00:00:00+00:00
[2022-06-27 02:17:08,146] {processor.py:161} INFO - Processing /home/airflow/.local/lib/python3.7/site-packages/airflow/example_dags/example_branch_datetime_operator.py took 0.199 seconds
[2022-06-27 02:17:38,623] {processor.py:153} INFO - Started process (PID=10274) to work on /home/airflow/.local/lib/python3.7/site-packages/airflow/example_dags/example_branch_datetime_operator.py
[2022-06-27 02:17:38,624] {processor.py:641} INFO - Processing file /home/airflow/.local/lib/python3.7/site-packages/airflow/example_dags/example_branch_datetime_operator.py for tasks to queue
[2022-06-27 02:17:38,626] {logging_mixin.py:115} INFO - [2022-06-27 02:17:38,626] {dagbag.py:507} INFO - Filling up the DagBag from /home/airflow/.local/lib/python3.7/site-packages/airflow/example_dags/example_branch_datetime_operator.py
[2022-06-27 02:17:38,645] {processor.py:651} INFO - DAG(s) dict_keys(['example_branch_datetime_operator_2']) retrieved from /home/airflow/.local/lib/python3.7/site-packages/airflow/example_dags/example_branch_datetime_operator.py
[2022-06-27 02:17:38,699] {logging_mixin.py:115} INFO - [2022-06-27 02:17:38,699] {dag.py:2371} INFO - Sync 1 DAGs
[2022-06-27 02:17:38,752] {logging_mixin.py:115} INFO - [2022-06-27 02:17:38,752] {dag.py:2919} INFO - Setting next_dagrun for example_branch_datetime_operator_2 to 2022-06-26T00:00:00+00:00, run_after=2022-06-27T00:00:00+00:00
[2022-06-27 02:17:38,804] {processor.py:161} INFO - Processing /home/airflow/.local/lib/python3.7/site-packages/airflow/example_dags/example_branch_datetime_operator.py took 0.187 seconds
[2022-06-27 02:18:09,636] {processor.py:153} INFO - Started process (PID=10337) to work on /home/airflow/.local/lib/python3.7/site-packages/airflow/example_dags/example_branch_datetime_operator.py
[2022-06-27 02:18:09,637] {processor.py:641} INFO - Processing file /home/airflow/.local/lib/python3.7/site-packages/airflow/example_dags/example_branch_datetime_operator.py for tasks to queue
[2022-06-27 02:18:09,639] {logging_mixin.py:115} INFO - [2022-06-27 02:18:09,639] {dagbag.py:507} INFO - Filling up the DagBag from /home/airflow/.local/lib/python3.7/site-packages/airflow/example_dags/example_branch_datetime_operator.py
[2022-06-27 02:18:09,666] {processor.py:651} INFO - DAG(s) dict_keys(['example_branch_datetime_operator_2']) retrieved from /home/airflow/.local/lib/python3.7/site-packages/airflow/example_dags/example_branch_datetime_operator.py
[2022-06-27 02:18:09,718] {logging_mixin.py:115} INFO - [2022-06-27 02:18:09,717] {dag.py:2371} INFO - Sync 1 DAGs
[2022-06-27 02:18:09,765] {logging_mixin.py:115} INFO - [2022-06-27 02:18:09,765] {dag.py:2919} INFO - Setting next_dagrun for example_branch_datetime_operator_2 to 2022-06-26T00:00:00+00:00, run_after=2022-06-27T00:00:00+00:00
[2022-06-27 02:18:09,790] {processor.py:161} INFO - Processing /home/airflow/.local/lib/python3.7/site-packages/airflow/example_dags/example_branch_datetime_operator.py took 0.162 seconds
[2022-06-27 02:18:40,287] {processor.py:153} INFO - Started process (PID=10391) to work on /home/airflow/.local/lib/python3.7/site-packages/airflow/example_dags/example_branch_datetime_operator.py
[2022-06-27 02:18:40,289] {processor.py:641} INFO - Processing file /home/airflow/.local/lib/python3.7/site-packages/airflow/example_dags/example_branch_datetime_operator.py for tasks to queue
[2022-06-27 02:18:40,290] {logging_mixin.py:115} INFO - [2022-06-27 02:18:40,290] {dagbag.py:507} INFO - Filling up the DagBag from /home/airflow/.local/lib/python3.7/site-packages/airflow/example_dags/example_branch_datetime_operator.py
[2022-06-27 02:18:40,306] {processor.py:651} INFO - DAG(s) dict_keys(['example_branch_datetime_operator_2']) retrieved from /home/airflow/.local/lib/python3.7/site-packages/airflow/example_dags/example_branch_datetime_operator.py
[2022-06-27 02:18:40,358] {logging_mixin.py:115} INFO - [2022-06-27 02:18:40,358] {dag.py:2371} INFO - Sync 1 DAGs
[2022-06-27 02:18:40,399] {logging_mixin.py:115} INFO - [2022-06-27 02:18:40,398] {dag.py:2919} INFO - Setting next_dagrun for example_branch_datetime_operator_2 to 2022-06-26T00:00:00+00:00, run_after=2022-06-27T00:00:00+00:00
[2022-06-27 02:18:40,427] {processor.py:161} INFO - Processing /home/airflow/.local/lib/python3.7/site-packages/airflow/example_dags/example_branch_datetime_operator.py took 0.145 seconds
[2022-06-27 02:19:10,798] {processor.py:153} INFO - Started process (PID=10454) to work on /home/airflow/.local/lib/python3.7/site-packages/airflow/example_dags/example_branch_datetime_operator.py
[2022-06-27 02:19:10,799] {processor.py:641} INFO - Processing file /home/airflow/.local/lib/python3.7/site-packages/airflow/example_dags/example_branch_datetime_operator.py for tasks to queue
[2022-06-27 02:19:10,801] {logging_mixin.py:115} INFO - [2022-06-27 02:19:10,800] {dagbag.py:507} INFO - Filling up the DagBag from /home/airflow/.local/lib/python3.7/site-packages/airflow/example_dags/example_branch_datetime_operator.py
[2022-06-27 02:19:10,819] {processor.py:651} INFO - DAG(s) dict_keys(['example_branch_datetime_operator_2']) retrieved from /home/airflow/.local/lib/python3.7/site-packages/airflow/example_dags/example_branch_datetime_operator.py
[2022-06-27 02:19:10,870] {logging_mixin.py:115} INFO - [2022-06-27 02:19:10,869] {dag.py:2371} INFO - Sync 1 DAGs
[2022-06-27 02:19:10,914] {logging_mixin.py:115} INFO - [2022-06-27 02:19:10,914] {dag.py:2919} INFO - Setting next_dagrun for example_branch_datetime_operator_2 to 2022-06-26T00:00:00+00:00, run_after=2022-06-27T00:00:00+00:00
[2022-06-27 02:19:10,941] {processor.py:161} INFO - Processing /home/airflow/.local/lib/python3.7/site-packages/airflow/example_dags/example_branch_datetime_operator.py took 0.148 seconds
[2022-06-27 02:19:41,217] {processor.py:153} INFO - Started process (PID=10508) to work on /home/airflow/.local/lib/python3.7/site-packages/airflow/example_dags/example_branch_datetime_operator.py
[2022-06-27 02:19:41,220] {processor.py:641} INFO - Processing file /home/airflow/.local/lib/python3.7/site-packages/airflow/example_dags/example_branch_datetime_operator.py for tasks to queue
[2022-06-27 02:19:41,222] {logging_mixin.py:115} INFO - [2022-06-27 02:19:41,222] {dagbag.py:507} INFO - Filling up the DagBag from /home/airflow/.local/lib/python3.7/site-packages/airflow/example_dags/example_branch_datetime_operator.py
[2022-06-27 02:19:41,244] {processor.py:651} INFO - DAG(s) dict_keys(['example_branch_datetime_operator_2']) retrieved from /home/airflow/.local/lib/python3.7/site-packages/airflow/example_dags/example_branch_datetime_operator.py
[2022-06-27 02:19:41,439] {logging_mixin.py:115} INFO - [2022-06-27 02:19:41,439] {dag.py:2371} INFO - Sync 1 DAGs
[2022-06-27 02:19:41,507] {logging_mixin.py:115} INFO - [2022-06-27 02:19:41,506] {dag.py:2919} INFO - Setting next_dagrun for example_branch_datetime_operator_2 to 2022-06-26T00:00:00+00:00, run_after=2022-06-27T00:00:00+00:00
[2022-06-27 02:19:41,533] {processor.py:161} INFO - Processing /home/airflow/.local/lib/python3.7/site-packages/airflow/example_dags/example_branch_datetime_operator.py took 0.323 seconds
[2022-06-27 02:20:11,759] {processor.py:153} INFO - Started process (PID=10571) to work on /home/airflow/.local/lib/python3.7/site-packages/airflow/example_dags/example_branch_datetime_operator.py
[2022-06-27 02:20:11,761] {processor.py:641} INFO - Processing file /home/airflow/.local/lib/python3.7/site-packages/airflow/example_dags/example_branch_datetime_operator.py for tasks to queue
[2022-06-27 02:20:11,762] {logging_mixin.py:115} INFO - [2022-06-27 02:20:11,762] {dagbag.py:507} INFO - Filling up the DagBag from /home/airflow/.local/lib/python3.7/site-packages/airflow/example_dags/example_branch_datetime_operator.py
[2022-06-27 02:20:11,780] {processor.py:651} INFO - DAG(s) dict_keys(['example_branch_datetime_operator_2']) retrieved from /home/airflow/.local/lib/python3.7/site-packages/airflow/example_dags/example_branch_datetime_operator.py
[2022-06-27 02:20:11,831] {logging_mixin.py:115} INFO - [2022-06-27 02:20:11,831] {dag.py:2371} INFO - Sync 1 DAGs
[2022-06-27 02:20:11,885] {logging_mixin.py:115} INFO - [2022-06-27 02:20:11,885] {dag.py:2919} INFO - Setting next_dagrun for example_branch_datetime_operator_2 to 2022-06-26T00:00:00+00:00, run_after=2022-06-27T00:00:00+00:00
[2022-06-27 02:20:11,911] {processor.py:161} INFO - Processing /home/airflow/.local/lib/python3.7/site-packages/airflow/example_dags/example_branch_datetime_operator.py took 0.157 seconds
[2022-06-27 02:20:42,456] {processor.py:153} INFO - Started process (PID=10625) to work on /home/airflow/.local/lib/python3.7/site-packages/airflow/example_dags/example_branch_datetime_operator.py
[2022-06-27 02:20:42,458] {processor.py:641} INFO - Processing file /home/airflow/.local/lib/python3.7/site-packages/airflow/example_dags/example_branch_datetime_operator.py for tasks to queue
[2022-06-27 02:20:42,460] {logging_mixin.py:115} INFO - [2022-06-27 02:20:42,459] {dagbag.py:507} INFO - Filling up the DagBag from /home/airflow/.local/lib/python3.7/site-packages/airflow/example_dags/example_branch_datetime_operator.py
[2022-06-27 02:20:42,472] {processor.py:651} INFO - DAG(s) dict_keys(['example_branch_datetime_operator_2']) retrieved from /home/airflow/.local/lib/python3.7/site-packages/airflow/example_dags/example_branch_datetime_operator.py
[2022-06-27 02:20:42,515] {logging_mixin.py:115} INFO - [2022-06-27 02:20:42,515] {dag.py:2371} INFO - Sync 1 DAGs
[2022-06-27 02:20:42,551] {logging_mixin.py:115} INFO - [2022-06-27 02:20:42,551] {dag.py:2919} INFO - Setting next_dagrun for example_branch_datetime_operator_2 to 2022-06-26T00:00:00+00:00, run_after=2022-06-27T00:00:00+00:00
[2022-06-27 02:20:42,579] {processor.py:161} INFO - Processing /home/airflow/.local/lib/python3.7/site-packages/airflow/example_dags/example_branch_datetime_operator.py took 0.130 seconds
[2022-06-27 02:21:12,923] {processor.py:153} INFO - Started process (PID=10680) to work on /home/airflow/.local/lib/python3.7/site-packages/airflow/example_dags/example_branch_datetime_operator.py
[2022-06-27 02:21:12,925] {processor.py:641} INFO - Processing file /home/airflow/.local/lib/python3.7/site-packages/airflow/example_dags/example_branch_datetime_operator.py for tasks to queue
[2022-06-27 02:21:12,926] {logging_mixin.py:115} INFO - [2022-06-27 02:21:12,926] {dagbag.py:507} INFO - Filling up the DagBag from /home/airflow/.local/lib/python3.7/site-packages/airflow/example_dags/example_branch_datetime_operator.py
[2022-06-27 02:21:12,941] {processor.py:651} INFO - DAG(s) dict_keys(['example_branch_datetime_operator_2']) retrieved from /home/airflow/.local/lib/python3.7/site-packages/airflow/example_dags/example_branch_datetime_operator.py
[2022-06-27 02:21:12,985] {logging_mixin.py:115} INFO - [2022-06-27 02:21:12,985] {dag.py:2371} INFO - Sync 1 DAGs
[2022-06-27 02:21:13,029] {logging_mixin.py:115} INFO - [2022-06-27 02:21:13,029] {dag.py:2919} INFO - Setting next_dagrun for example_branch_datetime_operator_2 to 2022-06-26T00:00:00+00:00, run_after=2022-06-27T00:00:00+00:00
[2022-06-27 02:21:13,058] {processor.py:161} INFO - Processing /home/airflow/.local/lib/python3.7/site-packages/airflow/example_dags/example_branch_datetime_operator.py took 0.139 seconds
[2022-06-27 02:21:43,473] {processor.py:153} INFO - Started process (PID=10743) to work on /home/airflow/.local/lib/python3.7/site-packages/airflow/example_dags/example_branch_datetime_operator.py
[2022-06-27 02:21:43,474] {processor.py:641} INFO - Processing file /home/airflow/.local/lib/python3.7/site-packages/airflow/example_dags/example_branch_datetime_operator.py for tasks to queue
[2022-06-27 02:21:43,476] {logging_mixin.py:115} INFO - [2022-06-27 02:21:43,476] {dagbag.py:507} INFO - Filling up the DagBag from /home/airflow/.local/lib/python3.7/site-packages/airflow/example_dags/example_branch_datetime_operator.py
[2022-06-27 02:21:43,490] {processor.py:651} INFO - DAG(s) dict_keys(['example_branch_datetime_operator_2']) retrieved from /home/airflow/.local/lib/python3.7/site-packages/airflow/example_dags/example_branch_datetime_operator.py
[2022-06-27 02:21:43,530] {logging_mixin.py:115} INFO - [2022-06-27 02:21:43,529] {dag.py:2371} INFO - Sync 1 DAGs
[2022-06-27 02:21:43,582] {logging_mixin.py:115} INFO - [2022-06-27 02:21:43,581] {dag.py:2919} INFO - Setting next_dagrun for example_branch_datetime_operator_2 to 2022-06-26T00:00:00+00:00, run_after=2022-06-27T00:00:00+00:00
[2022-06-27 02:21:43,615] {processor.py:161} INFO - Processing /home/airflow/.local/lib/python3.7/site-packages/airflow/example_dags/example_branch_datetime_operator.py took 0.156 seconds
[2022-06-27 02:22:14,111] {processor.py:153} INFO - Started process (PID=10797) to work on /home/airflow/.local/lib/python3.7/site-packages/airflow/example_dags/example_branch_datetime_operator.py
[2022-06-27 02:22:14,112] {processor.py:641} INFO - Processing file /home/airflow/.local/lib/python3.7/site-packages/airflow/example_dags/example_branch_datetime_operator.py for tasks to queue
[2022-06-27 02:22:14,113] {logging_mixin.py:115} INFO - [2022-06-27 02:22:14,113] {dagbag.py:507} INFO - Filling up the DagBag from /home/airflow/.local/lib/python3.7/site-packages/airflow/example_dags/example_branch_datetime_operator.py
[2022-06-27 02:22:14,128] {processor.py:651} INFO - DAG(s) dict_keys(['example_branch_datetime_operator_2']) retrieved from /home/airflow/.local/lib/python3.7/site-packages/airflow/example_dags/example_branch_datetime_operator.py
[2022-06-27 02:22:14,170] {logging_mixin.py:115} INFO - [2022-06-27 02:22:14,170] {dag.py:2371} INFO - Sync 1 DAGs
[2022-06-27 02:22:14,210] {logging_mixin.py:115} INFO - [2022-06-27 02:22:14,210] {dag.py:2919} INFO - Setting next_dagrun for example_branch_datetime_operator_2 to 2022-06-26T00:00:00+00:00, run_after=2022-06-27T00:00:00+00:00
[2022-06-27 02:22:14,236] {processor.py:161} INFO - Processing /home/airflow/.local/lib/python3.7/site-packages/airflow/example_dags/example_branch_datetime_operator.py took 0.131 seconds
[2022-06-27 02:22:44,552] {processor.py:153} INFO - Started process (PID=10860) to work on /home/airflow/.local/lib/python3.7/site-packages/airflow/example_dags/example_branch_datetime_operator.py
[2022-06-27 02:22:44,553] {processor.py:641} INFO - Processing file /home/airflow/.local/lib/python3.7/site-packages/airflow/example_dags/example_branch_datetime_operator.py for tasks to queue
[2022-06-27 02:22:44,556] {logging_mixin.py:115} INFO - [2022-06-27 02:22:44,555] {dagbag.py:507} INFO - Filling up the DagBag from /home/airflow/.local/lib/python3.7/site-packages/airflow/example_dags/example_branch_datetime_operator.py
[2022-06-27 02:22:44,574] {processor.py:651} INFO - DAG(s) dict_keys(['example_branch_datetime_operator_2']) retrieved from /home/airflow/.local/lib/python3.7/site-packages/airflow/example_dags/example_branch_datetime_operator.py
[2022-06-27 02:22:44,632] {logging_mixin.py:115} INFO - [2022-06-27 02:22:44,632] {dag.py:2371} INFO - Sync 1 DAGs
[2022-06-27 02:22:44,671] {logging_mixin.py:115} INFO - [2022-06-27 02:22:44,671] {dag.py:2919} INFO - Setting next_dagrun for example_branch_datetime_operator_2 to 2022-06-26T00:00:00+00:00, run_after=2022-06-27T00:00:00+00:00
[2022-06-27 02:22:44,696] {processor.py:161} INFO - Processing /home/airflow/.local/lib/python3.7/site-packages/airflow/example_dags/example_branch_datetime_operator.py took 0.150 seconds
[2022-06-27 02:23:15,071] {processor.py:153} INFO - Started process (PID=10914) to work on /home/airflow/.local/lib/python3.7/site-packages/airflow/example_dags/example_branch_datetime_operator.py
[2022-06-27 02:23:15,072] {processor.py:641} INFO - Processing file /home/airflow/.local/lib/python3.7/site-packages/airflow/example_dags/example_branch_datetime_operator.py for tasks to queue
[2022-06-27 02:23:15,074] {logging_mixin.py:115} INFO - [2022-06-27 02:23:15,073] {dagbag.py:507} INFO - Filling up the DagBag from /home/airflow/.local/lib/python3.7/site-packages/airflow/example_dags/example_branch_datetime_operator.py
[2022-06-27 02:23:15,086] {processor.py:651} INFO - DAG(s) dict_keys(['example_branch_datetime_operator_2']) retrieved from /home/airflow/.local/lib/python3.7/site-packages/airflow/example_dags/example_branch_datetime_operator.py
[2022-06-27 02:23:15,129] {logging_mixin.py:115} INFO - [2022-06-27 02:23:15,129] {dag.py:2371} INFO - Sync 1 DAGs
[2022-06-27 02:23:15,167] {logging_mixin.py:115} INFO - [2022-06-27 02:23:15,167] {dag.py:2919} INFO - Setting next_dagrun for example_branch_datetime_operator_2 to 2022-06-26T00:00:00+00:00, run_after=2022-06-27T00:00:00+00:00
[2022-06-27 02:23:15,194] {processor.py:161} INFO - Processing /home/airflow/.local/lib/python3.7/site-packages/airflow/example_dags/example_branch_datetime_operator.py took 0.128 seconds
[2022-06-27 02:23:45,647] {processor.py:153} INFO - Started process (PID=10977) to work on /home/airflow/.local/lib/python3.7/site-packages/airflow/example_dags/example_branch_datetime_operator.py
[2022-06-27 02:23:45,649] {processor.py:641} INFO - Processing file /home/airflow/.local/lib/python3.7/site-packages/airflow/example_dags/example_branch_datetime_operator.py for tasks to queue
[2022-06-27 02:23:45,650] {logging_mixin.py:115} INFO - [2022-06-27 02:23:45,650] {dagbag.py:507} INFO - Filling up the DagBag from /home/airflow/.local/lib/python3.7/site-packages/airflow/example_dags/example_branch_datetime_operator.py
[2022-06-27 02:23:45,667] {processor.py:651} INFO - DAG(s) dict_keys(['example_branch_datetime_operator_2']) retrieved from /home/airflow/.local/lib/python3.7/site-packages/airflow/example_dags/example_branch_datetime_operator.py
[2022-06-27 02:23:45,713] {logging_mixin.py:115} INFO - [2022-06-27 02:23:45,712] {dag.py:2371} INFO - Sync 1 DAGs
[2022-06-27 02:23:45,761] {logging_mixin.py:115} INFO - [2022-06-27 02:23:45,760] {dag.py:2919} INFO - Setting next_dagrun for example_branch_datetime_operator_2 to 2022-06-26T00:00:00+00:00, run_after=2022-06-27T00:00:00+00:00
[2022-06-27 02:23:45,800] {processor.py:161} INFO - Processing /home/airflow/.local/lib/python3.7/site-packages/airflow/example_dags/example_branch_datetime_operator.py took 0.159 seconds
[2022-06-27 02:24:16,525] {processor.py:153} INFO - Started process (PID=11031) to work on /home/airflow/.local/lib/python3.7/site-packages/airflow/example_dags/example_branch_datetime_operator.py
[2022-06-27 02:24:16,526] {processor.py:641} INFO - Processing file /home/airflow/.local/lib/python3.7/site-packages/airflow/example_dags/example_branch_datetime_operator.py for tasks to queue
[2022-06-27 02:24:16,527] {logging_mixin.py:115} INFO - [2022-06-27 02:24:16,527] {dagbag.py:507} INFO - Filling up the DagBag from /home/airflow/.local/lib/python3.7/site-packages/airflow/example_dags/example_branch_datetime_operator.py
[2022-06-27 02:24:16,541] {processor.py:651} INFO - DAG(s) dict_keys(['example_branch_datetime_operator_2']) retrieved from /home/airflow/.local/lib/python3.7/site-packages/airflow/example_dags/example_branch_datetime_operator.py
[2022-06-27 02:24:16,586] {logging_mixin.py:115} INFO - [2022-06-27 02:24:16,586] {dag.py:2371} INFO - Sync 1 DAGs
[2022-06-27 02:24:16,630] {logging_mixin.py:115} INFO - [2022-06-27 02:24:16,630] {dag.py:2919} INFO - Setting next_dagrun for example_branch_datetime_operator_2 to 2022-06-26T00:00:00+00:00, run_after=2022-06-27T00:00:00+00:00
[2022-06-27 02:24:16,669] {processor.py:161} INFO - Processing /home/airflow/.local/lib/python3.7/site-packages/airflow/example_dags/example_branch_datetime_operator.py took 0.149 seconds
