[2022-06-27 02:14:09,593] {processor.py:153} INFO - Started process (PID=9891) to work on /home/airflow/.local/lib/python3.7/site-packages/airflow/example_dags/example_branch_operator_decorator.py
[2022-06-27 02:14:09,612] {processor.py:641} INFO - Processing file /home/airflow/.local/lib/python3.7/site-packages/airflow/example_dags/example_branch_operator_decorator.py for tasks to queue
[2022-06-27 02:14:09,627] {logging_mixin.py:115} INFO - [2022-06-27 02:14:09,627] {dagbag.py:507} INFO - Filling up the DagBag from /home/airflow/.local/lib/python3.7/site-packages/airflow/example_dags/example_branch_operator_decorator.py
[2022-06-27 02:14:09,793] {processor.py:651} INFO - DAG(s) dict_keys(['example_branch_python_operator_decorator']) retrieved from /home/airflow/.local/lib/python3.7/site-packages/airflow/example_dags/example_branch_operator_decorator.py
[2022-06-27 02:14:09,911] {logging_mixin.py:115} INFO - [2022-06-27 02:14:09,911] {dag.py:2371} INFO - Sync 1 DAGs
[2022-06-27 02:14:10,017] {logging_mixin.py:115} INFO - [2022-06-27 02:14:10,016] {dag.py:2919} INFO - Setting next_dagrun for example_branch_python_operator_decorator to 2022-06-26T00:00:00+00:00, run_after=2022-06-27T00:00:00+00:00
[2022-06-27 02:14:10,065] {processor.py:161} INFO - Processing /home/airflow/.local/lib/python3.7/site-packages/airflow/example_dags/example_branch_operator_decorator.py took 0.484 seconds
[2022-06-27 02:14:40,187] {processor.py:153} INFO - Started process (PID=9946) to work on /home/airflow/.local/lib/python3.7/site-packages/airflow/example_dags/example_branch_operator_decorator.py
[2022-06-27 02:14:40,189] {processor.py:641} INFO - Processing file /home/airflow/.local/lib/python3.7/site-packages/airflow/example_dags/example_branch_operator_decorator.py for tasks to queue
[2022-06-27 02:14:40,190] {logging_mixin.py:115} INFO - [2022-06-27 02:14:40,190] {dagbag.py:507} INFO - Filling up the DagBag from /home/airflow/.local/lib/python3.7/site-packages/airflow/example_dags/example_branch_operator_decorator.py
[2022-06-27 02:14:40,243] {processor.py:651} INFO - DAG(s) dict_keys(['example_branch_python_operator_decorator']) retrieved from /home/airflow/.local/lib/python3.7/site-packages/airflow/example_dags/example_branch_operator_decorator.py
[2022-06-27 02:14:40,303] {logging_mixin.py:115} INFO - [2022-06-27 02:14:40,303] {dag.py:2371} INFO - Sync 1 DAGs
[2022-06-27 02:14:40,352] {logging_mixin.py:115} INFO - [2022-06-27 02:14:40,352] {dag.py:2919} INFO - Setting next_dagrun for example_branch_python_operator_decorator to 2022-06-26T00:00:00+00:00, run_after=2022-06-27T00:00:00+00:00
[2022-06-27 02:14:40,376] {processor.py:161} INFO - Processing /home/airflow/.local/lib/python3.7/site-packages/airflow/example_dags/example_branch_operator_decorator.py took 0.198 seconds
[2022-06-27 02:15:10,565] {processor.py:153} INFO - Started process (PID=10000) to work on /home/airflow/.local/lib/python3.7/site-packages/airflow/example_dags/example_branch_operator_decorator.py
[2022-06-27 02:15:10,567] {processor.py:641} INFO - Processing file /home/airflow/.local/lib/python3.7/site-packages/airflow/example_dags/example_branch_operator_decorator.py for tasks to queue
[2022-06-27 02:15:10,568] {logging_mixin.py:115} INFO - [2022-06-27 02:15:10,568] {dagbag.py:507} INFO - Filling up the DagBag from /home/airflow/.local/lib/python3.7/site-packages/airflow/example_dags/example_branch_operator_decorator.py
[2022-06-27 02:15:10,596] {processor.py:651} INFO - DAG(s) dict_keys(['example_branch_python_operator_decorator']) retrieved from /home/airflow/.local/lib/python3.7/site-packages/airflow/example_dags/example_branch_operator_decorator.py
[2022-06-27 02:15:10,634] {logging_mixin.py:115} INFO - [2022-06-27 02:15:10,634] {dag.py:2371} INFO - Sync 1 DAGs
[2022-06-27 02:15:10,669] {logging_mixin.py:115} INFO - [2022-06-27 02:15:10,668] {dag.py:2919} INFO - Setting next_dagrun for example_branch_python_operator_decorator to 2022-06-26T00:00:00+00:00, run_after=2022-06-27T00:00:00+00:00
[2022-06-27 02:15:10,694] {processor.py:161} INFO - Processing /home/airflow/.local/lib/python3.7/site-packages/airflow/example_dags/example_branch_operator_decorator.py took 0.134 seconds
[2022-06-27 02:15:40,960] {processor.py:153} INFO - Started process (PID=10060) to work on /home/airflow/.local/lib/python3.7/site-packages/airflow/example_dags/example_branch_operator_decorator.py
[2022-06-27 02:15:40,962] {processor.py:641} INFO - Processing file /home/airflow/.local/lib/python3.7/site-packages/airflow/example_dags/example_branch_operator_decorator.py for tasks to queue
[2022-06-27 02:15:40,963] {logging_mixin.py:115} INFO - [2022-06-27 02:15:40,963] {dagbag.py:507} INFO - Filling up the DagBag from /home/airflow/.local/lib/python3.7/site-packages/airflow/example_dags/example_branch_operator_decorator.py
[2022-06-27 02:15:40,997] {processor.py:651} INFO - DAG(s) dict_keys(['example_branch_python_operator_decorator']) retrieved from /home/airflow/.local/lib/python3.7/site-packages/airflow/example_dags/example_branch_operator_decorator.py
[2022-06-27 02:15:41,040] {logging_mixin.py:115} INFO - [2022-06-27 02:15:41,040] {dag.py:2371} INFO - Sync 1 DAGs
[2022-06-27 02:15:41,083] {logging_mixin.py:115} INFO - [2022-06-27 02:15:41,083] {dag.py:2919} INFO - Setting next_dagrun for example_branch_python_operator_decorator to 2022-06-26T00:00:00+00:00, run_after=2022-06-27T00:00:00+00:00
[2022-06-27 02:15:41,109] {processor.py:161} INFO - Processing /home/airflow/.local/lib/python3.7/site-packages/airflow/example_dags/example_branch_operator_decorator.py took 0.153 seconds
[2022-06-27 02:16:11,530] {processor.py:153} INFO - Started process (PID=10116) to work on /home/airflow/.local/lib/python3.7/site-packages/airflow/example_dags/example_branch_operator_decorator.py
[2022-06-27 02:16:11,531] {processor.py:641} INFO - Processing file /home/airflow/.local/lib/python3.7/site-packages/airflow/example_dags/example_branch_operator_decorator.py for tasks to queue
[2022-06-27 02:16:11,533] {logging_mixin.py:115} INFO - [2022-06-27 02:16:11,532] {dagbag.py:507} INFO - Filling up the DagBag from /home/airflow/.local/lib/python3.7/site-packages/airflow/example_dags/example_branch_operator_decorator.py
[2022-06-27 02:16:11,569] {processor.py:651} INFO - DAG(s) dict_keys(['example_branch_python_operator_decorator']) retrieved from /home/airflow/.local/lib/python3.7/site-packages/airflow/example_dags/example_branch_operator_decorator.py
[2022-06-27 02:16:11,621] {logging_mixin.py:115} INFO - [2022-06-27 02:16:11,621] {dag.py:2371} INFO - Sync 1 DAGs
[2022-06-27 02:16:11,657] {logging_mixin.py:115} INFO - [2022-06-27 02:16:11,657] {dag.py:2919} INFO - Setting next_dagrun for example_branch_python_operator_decorator to 2022-06-26T00:00:00+00:00, run_after=2022-06-27T00:00:00+00:00
[2022-06-27 02:16:11,679] {processor.py:161} INFO - Processing /home/airflow/.local/lib/python3.7/site-packages/airflow/example_dags/example_branch_operator_decorator.py took 0.154 seconds
[2022-06-27 02:16:42,397] {processor.py:153} INFO - Started process (PID=10179) to work on /home/airflow/.local/lib/python3.7/site-packages/airflow/example_dags/example_branch_operator_decorator.py
[2022-06-27 02:16:42,398] {processor.py:641} INFO - Processing file /home/airflow/.local/lib/python3.7/site-packages/airflow/example_dags/example_branch_operator_decorator.py for tasks to queue
[2022-06-27 02:16:42,399] {logging_mixin.py:115} INFO - [2022-06-27 02:16:42,399] {dagbag.py:507} INFO - Filling up the DagBag from /home/airflow/.local/lib/python3.7/site-packages/airflow/example_dags/example_branch_operator_decorator.py
[2022-06-27 02:16:42,442] {processor.py:651} INFO - DAG(s) dict_keys(['example_branch_python_operator_decorator']) retrieved from /home/airflow/.local/lib/python3.7/site-packages/airflow/example_dags/example_branch_operator_decorator.py
[2022-06-27 02:16:42,492] {logging_mixin.py:115} INFO - [2022-06-27 02:16:42,492] {dag.py:2371} INFO - Sync 1 DAGs
[2022-06-27 02:16:42,536] {logging_mixin.py:115} INFO - [2022-06-27 02:16:42,536] {dag.py:2919} INFO - Setting next_dagrun for example_branch_python_operator_decorator to 2022-06-26T00:00:00+00:00, run_after=2022-06-27T00:00:00+00:00
[2022-06-27 02:16:42,566] {processor.py:161} INFO - Processing /home/airflow/.local/lib/python3.7/site-packages/airflow/example_dags/example_branch_operator_decorator.py took 0.174 seconds
[2022-06-27 02:17:13,293] {processor.py:153} INFO - Started process (PID=10233) to work on /home/airflow/.local/lib/python3.7/site-packages/airflow/example_dags/example_branch_operator_decorator.py
[2022-06-27 02:17:13,294] {processor.py:641} INFO - Processing file /home/airflow/.local/lib/python3.7/site-packages/airflow/example_dags/example_branch_operator_decorator.py for tasks to queue
[2022-06-27 02:17:13,296] {logging_mixin.py:115} INFO - [2022-06-27 02:17:13,295] {dagbag.py:507} INFO - Filling up the DagBag from /home/airflow/.local/lib/python3.7/site-packages/airflow/example_dags/example_branch_operator_decorator.py
[2022-06-27 02:17:13,333] {processor.py:651} INFO - DAG(s) dict_keys(['example_branch_python_operator_decorator']) retrieved from /home/airflow/.local/lib/python3.7/site-packages/airflow/example_dags/example_branch_operator_decorator.py
[2022-06-27 02:17:13,377] {logging_mixin.py:115} INFO - [2022-06-27 02:17:13,377] {dag.py:2371} INFO - Sync 1 DAGs
[2022-06-27 02:17:13,416] {logging_mixin.py:115} INFO - [2022-06-27 02:17:13,416] {dag.py:2919} INFO - Setting next_dagrun for example_branch_python_operator_decorator to 2022-06-26T00:00:00+00:00, run_after=2022-06-27T00:00:00+00:00
[2022-06-27 02:17:13,440] {processor.py:161} INFO - Processing /home/airflow/.local/lib/python3.7/site-packages/airflow/example_dags/example_branch_operator_decorator.py took 0.154 seconds
[2022-06-27 02:17:43,994] {processor.py:153} INFO - Started process (PID=10296) to work on /home/airflow/.local/lib/python3.7/site-packages/airflow/example_dags/example_branch_operator_decorator.py
[2022-06-27 02:17:43,995] {processor.py:641} INFO - Processing file /home/airflow/.local/lib/python3.7/site-packages/airflow/example_dags/example_branch_operator_decorator.py for tasks to queue
[2022-06-27 02:17:43,997] {logging_mixin.py:115} INFO - [2022-06-27 02:17:43,996] {dagbag.py:507} INFO - Filling up the DagBag from /home/airflow/.local/lib/python3.7/site-packages/airflow/example_dags/example_branch_operator_decorator.py
[2022-06-27 02:17:44,030] {processor.py:651} INFO - DAG(s) dict_keys(['example_branch_python_operator_decorator']) retrieved from /home/airflow/.local/lib/python3.7/site-packages/airflow/example_dags/example_branch_operator_decorator.py
[2022-06-27 02:17:44,077] {logging_mixin.py:115} INFO - [2022-06-27 02:17:44,077] {dag.py:2371} INFO - Sync 1 DAGs
[2022-06-27 02:17:44,118] {logging_mixin.py:115} INFO - [2022-06-27 02:17:44,117] {dag.py:2919} INFO - Setting next_dagrun for example_branch_python_operator_decorator to 2022-06-26T00:00:00+00:00, run_after=2022-06-27T00:00:00+00:00
[2022-06-27 02:17:44,140] {processor.py:161} INFO - Processing /home/airflow/.local/lib/python3.7/site-packages/airflow/example_dags/example_branch_operator_decorator.py took 0.151 seconds
[2022-06-27 02:18:14,921] {processor.py:153} INFO - Started process (PID=10350) to work on /home/airflow/.local/lib/python3.7/site-packages/airflow/example_dags/example_branch_operator_decorator.py
[2022-06-27 02:18:14,922] {processor.py:641} INFO - Processing file /home/airflow/.local/lib/python3.7/site-packages/airflow/example_dags/example_branch_operator_decorator.py for tasks to queue
[2022-06-27 02:18:14,924] {logging_mixin.py:115} INFO - [2022-06-27 02:18:14,924] {dagbag.py:507} INFO - Filling up the DagBag from /home/airflow/.local/lib/python3.7/site-packages/airflow/example_dags/example_branch_operator_decorator.py
[2022-06-27 02:18:14,960] {processor.py:651} INFO - DAG(s) dict_keys(['example_branch_python_operator_decorator']) retrieved from /home/airflow/.local/lib/python3.7/site-packages/airflow/example_dags/example_branch_operator_decorator.py
[2022-06-27 02:18:15,005] {logging_mixin.py:115} INFO - [2022-06-27 02:18:15,005] {dag.py:2371} INFO - Sync 1 DAGs
[2022-06-27 02:18:15,049] {logging_mixin.py:115} INFO - [2022-06-27 02:18:15,049] {dag.py:2919} INFO - Setting next_dagrun for example_branch_python_operator_decorator to 2022-06-26T00:00:00+00:00, run_after=2022-06-27T00:00:00+00:00
[2022-06-27 02:18:15,074] {processor.py:161} INFO - Processing /home/airflow/.local/lib/python3.7/site-packages/airflow/example_dags/example_branch_operator_decorator.py took 0.158 seconds
[2022-06-27 02:18:45,384] {processor.py:153} INFO - Started process (PID=10413) to work on /home/airflow/.local/lib/python3.7/site-packages/airflow/example_dags/example_branch_operator_decorator.py
[2022-06-27 02:18:45,385] {processor.py:641} INFO - Processing file /home/airflow/.local/lib/python3.7/site-packages/airflow/example_dags/example_branch_operator_decorator.py for tasks to queue
[2022-06-27 02:18:45,387] {logging_mixin.py:115} INFO - [2022-06-27 02:18:45,387] {dagbag.py:507} INFO - Filling up the DagBag from /home/airflow/.local/lib/python3.7/site-packages/airflow/example_dags/example_branch_operator_decorator.py
[2022-06-27 02:18:45,422] {processor.py:651} INFO - DAG(s) dict_keys(['example_branch_python_operator_decorator']) retrieved from /home/airflow/.local/lib/python3.7/site-packages/airflow/example_dags/example_branch_operator_decorator.py
[2022-06-27 02:18:45,466] {logging_mixin.py:115} INFO - [2022-06-27 02:18:45,466] {dag.py:2371} INFO - Sync 1 DAGs
[2022-06-27 02:18:45,520] {logging_mixin.py:115} INFO - [2022-06-27 02:18:45,520] {dag.py:2919} INFO - Setting next_dagrun for example_branch_python_operator_decorator to 2022-06-26T00:00:00+00:00, run_after=2022-06-27T00:00:00+00:00
[2022-06-27 02:18:45,543] {processor.py:161} INFO - Processing /home/airflow/.local/lib/python3.7/site-packages/airflow/example_dags/example_branch_operator_decorator.py took 0.163 seconds
[2022-06-27 02:19:15,782] {processor.py:153} INFO - Started process (PID=10467) to work on /home/airflow/.local/lib/python3.7/site-packages/airflow/example_dags/example_branch_operator_decorator.py
[2022-06-27 02:19:15,784] {processor.py:641} INFO - Processing file /home/airflow/.local/lib/python3.7/site-packages/airflow/example_dags/example_branch_operator_decorator.py for tasks to queue
[2022-06-27 02:19:15,786] {logging_mixin.py:115} INFO - [2022-06-27 02:19:15,786] {dagbag.py:507} INFO - Filling up the DagBag from /home/airflow/.local/lib/python3.7/site-packages/airflow/example_dags/example_branch_operator_decorator.py
[2022-06-27 02:19:15,824] {processor.py:651} INFO - DAG(s) dict_keys(['example_branch_python_operator_decorator']) retrieved from /home/airflow/.local/lib/python3.7/site-packages/airflow/example_dags/example_branch_operator_decorator.py
[2022-06-27 02:19:15,864] {logging_mixin.py:115} INFO - [2022-06-27 02:19:15,864] {dag.py:2371} INFO - Sync 1 DAGs
[2022-06-27 02:19:15,899] {logging_mixin.py:115} INFO - [2022-06-27 02:19:15,899] {dag.py:2919} INFO - Setting next_dagrun for example_branch_python_operator_decorator to 2022-06-26T00:00:00+00:00, run_after=2022-06-27T00:00:00+00:00
[2022-06-27 02:19:15,924] {processor.py:161} INFO - Processing /home/airflow/.local/lib/python3.7/site-packages/airflow/example_dags/example_branch_operator_decorator.py took 0.148 seconds
[2022-06-27 02:19:45,978] {processor.py:153} INFO - Started process (PID=10521) to work on /home/airflow/.local/lib/python3.7/site-packages/airflow/example_dags/example_branch_operator_decorator.py
[2022-06-27 02:19:45,979] {processor.py:641} INFO - Processing file /home/airflow/.local/lib/python3.7/site-packages/airflow/example_dags/example_branch_operator_decorator.py for tasks to queue
[2022-06-27 02:19:45,981] {logging_mixin.py:115} INFO - [2022-06-27 02:19:45,981] {dagbag.py:507} INFO - Filling up the DagBag from /home/airflow/.local/lib/python3.7/site-packages/airflow/example_dags/example_branch_operator_decorator.py
[2022-06-27 02:19:46,031] {processor.py:651} INFO - DAG(s) dict_keys(['example_branch_python_operator_decorator']) retrieved from /home/airflow/.local/lib/python3.7/site-packages/airflow/example_dags/example_branch_operator_decorator.py
[2022-06-27 02:19:46,089] {logging_mixin.py:115} INFO - [2022-06-27 02:19:46,089] {dag.py:2371} INFO - Sync 1 DAGs
[2022-06-27 02:19:46,150] {logging_mixin.py:115} INFO - [2022-06-27 02:19:46,149] {dag.py:2919} INFO - Setting next_dagrun for example_branch_python_operator_decorator to 2022-06-26T00:00:00+00:00, run_after=2022-06-27T00:00:00+00:00
[2022-06-27 02:19:46,183] {processor.py:161} INFO - Processing /home/airflow/.local/lib/python3.7/site-packages/airflow/example_dags/example_branch_operator_decorator.py took 0.213 seconds
[2022-06-27 02:20:16,872] {processor.py:153} INFO - Started process (PID=10584) to work on /home/airflow/.local/lib/python3.7/site-packages/airflow/example_dags/example_branch_operator_decorator.py
[2022-06-27 02:20:16,874] {processor.py:641} INFO - Processing file /home/airflow/.local/lib/python3.7/site-packages/airflow/example_dags/example_branch_operator_decorator.py for tasks to queue
[2022-06-27 02:20:16,875] {logging_mixin.py:115} INFO - [2022-06-27 02:20:16,875] {dagbag.py:507} INFO - Filling up the DagBag from /home/airflow/.local/lib/python3.7/site-packages/airflow/example_dags/example_branch_operator_decorator.py
[2022-06-27 02:20:16,910] {processor.py:651} INFO - DAG(s) dict_keys(['example_branch_python_operator_decorator']) retrieved from /home/airflow/.local/lib/python3.7/site-packages/airflow/example_dags/example_branch_operator_decorator.py
[2022-06-27 02:20:16,956] {logging_mixin.py:115} INFO - [2022-06-27 02:20:16,956] {dag.py:2371} INFO - Sync 1 DAGs
[2022-06-27 02:20:17,002] {logging_mixin.py:115} INFO - [2022-06-27 02:20:17,002] {dag.py:2919} INFO - Setting next_dagrun for example_branch_python_operator_decorator to 2022-06-26T00:00:00+00:00, run_after=2022-06-27T00:00:00+00:00
[2022-06-27 02:20:17,031] {processor.py:161} INFO - Processing /home/airflow/.local/lib/python3.7/site-packages/airflow/example_dags/example_branch_operator_decorator.py took 0.163 seconds
[2022-06-27 02:20:47,250] {processor.py:153} INFO - Started process (PID=10636) to work on /home/airflow/.local/lib/python3.7/site-packages/airflow/example_dags/example_branch_operator_decorator.py
[2022-06-27 02:20:47,252] {processor.py:641} INFO - Processing file /home/airflow/.local/lib/python3.7/site-packages/airflow/example_dags/example_branch_operator_decorator.py for tasks to queue
[2022-06-27 02:20:47,253] {logging_mixin.py:115} INFO - [2022-06-27 02:20:47,253] {dagbag.py:507} INFO - Filling up the DagBag from /home/airflow/.local/lib/python3.7/site-packages/airflow/example_dags/example_branch_operator_decorator.py
[2022-06-27 02:20:47,303] {processor.py:651} INFO - DAG(s) dict_keys(['example_branch_python_operator_decorator']) retrieved from /home/airflow/.local/lib/python3.7/site-packages/airflow/example_dags/example_branch_operator_decorator.py
[2022-06-27 02:20:47,364] {logging_mixin.py:115} INFO - [2022-06-27 02:20:47,364] {dag.py:2371} INFO - Sync 1 DAGs
[2022-06-27 02:20:47,421] {logging_mixin.py:115} INFO - [2022-06-27 02:20:47,420] {dag.py:2919} INFO - Setting next_dagrun for example_branch_python_operator_decorator to 2022-06-26T00:00:00+00:00, run_after=2022-06-27T00:00:00+00:00
[2022-06-27 02:20:47,453] {processor.py:161} INFO - Processing /home/airflow/.local/lib/python3.7/site-packages/airflow/example_dags/example_branch_operator_decorator.py took 0.210 seconds
[2022-06-27 02:21:17,738] {processor.py:153} INFO - Started process (PID=10700) to work on /home/airflow/.local/lib/python3.7/site-packages/airflow/example_dags/example_branch_operator_decorator.py
[2022-06-27 02:21:17,740] {processor.py:641} INFO - Processing file /home/airflow/.local/lib/python3.7/site-packages/airflow/example_dags/example_branch_operator_decorator.py for tasks to queue
[2022-06-27 02:21:17,742] {logging_mixin.py:115} INFO - [2022-06-27 02:21:17,742] {dagbag.py:507} INFO - Filling up the DagBag from /home/airflow/.local/lib/python3.7/site-packages/airflow/example_dags/example_branch_operator_decorator.py
[2022-06-27 02:21:17,777] {processor.py:651} INFO - DAG(s) dict_keys(['example_branch_python_operator_decorator']) retrieved from /home/airflow/.local/lib/python3.7/site-packages/airflow/example_dags/example_branch_operator_decorator.py
[2022-06-27 02:21:17,823] {logging_mixin.py:115} INFO - [2022-06-27 02:21:17,823] {dag.py:2371} INFO - Sync 1 DAGs
[2022-06-27 02:21:17,864] {logging_mixin.py:115} INFO - [2022-06-27 02:21:17,864] {dag.py:2919} INFO - Setting next_dagrun for example_branch_python_operator_decorator to 2022-06-26T00:00:00+00:00, run_after=2022-06-27T00:00:00+00:00
[2022-06-27 02:21:17,888] {processor.py:161} INFO - Processing /home/airflow/.local/lib/python3.7/site-packages/airflow/example_dags/example_branch_operator_decorator.py took 0.156 seconds
[2022-06-27 02:21:48,501] {processor.py:153} INFO - Started process (PID=10754) to work on /home/airflow/.local/lib/python3.7/site-packages/airflow/example_dags/example_branch_operator_decorator.py
[2022-06-27 02:21:48,502] {processor.py:641} INFO - Processing file /home/airflow/.local/lib/python3.7/site-packages/airflow/example_dags/example_branch_operator_decorator.py for tasks to queue
[2022-06-27 02:21:48,504] {logging_mixin.py:115} INFO - [2022-06-27 02:21:48,504] {dagbag.py:507} INFO - Filling up the DagBag from /home/airflow/.local/lib/python3.7/site-packages/airflow/example_dags/example_branch_operator_decorator.py
[2022-06-27 02:21:48,546] {processor.py:651} INFO - DAG(s) dict_keys(['example_branch_python_operator_decorator']) retrieved from /home/airflow/.local/lib/python3.7/site-packages/airflow/example_dags/example_branch_operator_decorator.py
[2022-06-27 02:21:48,605] {logging_mixin.py:115} INFO - [2022-06-27 02:21:48,605] {dag.py:2371} INFO - Sync 1 DAGs
[2022-06-27 02:21:48,662] {logging_mixin.py:115} INFO - [2022-06-27 02:21:48,662] {dag.py:2919} INFO - Setting next_dagrun for example_branch_python_operator_decorator to 2022-06-26T00:00:00+00:00, run_after=2022-06-27T00:00:00+00:00
[2022-06-27 02:21:48,696] {processor.py:161} INFO - Processing /home/airflow/.local/lib/python3.7/site-packages/airflow/example_dags/example_branch_operator_decorator.py took 0.199 seconds
[2022-06-27 02:22:18,971] {processor.py:153} INFO - Started process (PID=10817) to work on /home/airflow/.local/lib/python3.7/site-packages/airflow/example_dags/example_branch_operator_decorator.py
[2022-06-27 02:22:18,973] {processor.py:641} INFO - Processing file /home/airflow/.local/lib/python3.7/site-packages/airflow/example_dags/example_branch_operator_decorator.py for tasks to queue
[2022-06-27 02:22:18,974] {logging_mixin.py:115} INFO - [2022-06-27 02:22:18,974] {dagbag.py:507} INFO - Filling up the DagBag from /home/airflow/.local/lib/python3.7/site-packages/airflow/example_dags/example_branch_operator_decorator.py
[2022-06-27 02:22:19,016] {processor.py:651} INFO - DAG(s) dict_keys(['example_branch_python_operator_decorator']) retrieved from /home/airflow/.local/lib/python3.7/site-packages/airflow/example_dags/example_branch_operator_decorator.py
[2022-06-27 02:22:19,061] {logging_mixin.py:115} INFO - [2022-06-27 02:22:19,061] {dag.py:2371} INFO - Sync 1 DAGs
[2022-06-27 02:22:19,104] {logging_mixin.py:115} INFO - [2022-06-27 02:22:19,104] {dag.py:2919} INFO - Setting next_dagrun for example_branch_python_operator_decorator to 2022-06-26T00:00:00+00:00, run_after=2022-06-27T00:00:00+00:00
[2022-06-27 02:22:19,133] {processor.py:161} INFO - Processing /home/airflow/.local/lib/python3.7/site-packages/airflow/example_dags/example_branch_operator_decorator.py took 0.168 seconds
[2022-06-27 02:22:49,430] {processor.py:153} INFO - Started process (PID=10871) to work on /home/airflow/.local/lib/python3.7/site-packages/airflow/example_dags/example_branch_operator_decorator.py
[2022-06-27 02:22:49,431] {processor.py:641} INFO - Processing file /home/airflow/.local/lib/python3.7/site-packages/airflow/example_dags/example_branch_operator_decorator.py for tasks to queue
[2022-06-27 02:22:49,433] {logging_mixin.py:115} INFO - [2022-06-27 02:22:49,432] {dagbag.py:507} INFO - Filling up the DagBag from /home/airflow/.local/lib/python3.7/site-packages/airflow/example_dags/example_branch_operator_decorator.py
[2022-06-27 02:22:49,470] {processor.py:651} INFO - DAG(s) dict_keys(['example_branch_python_operator_decorator']) retrieved from /home/airflow/.local/lib/python3.7/site-packages/airflow/example_dags/example_branch_operator_decorator.py
[2022-06-27 02:22:49,514] {logging_mixin.py:115} INFO - [2022-06-27 02:22:49,513] {dag.py:2371} INFO - Sync 1 DAGs
[2022-06-27 02:22:49,574] {logging_mixin.py:115} INFO - [2022-06-27 02:22:49,573] {dag.py:2919} INFO - Setting next_dagrun for example_branch_python_operator_decorator to 2022-06-26T00:00:00+00:00, run_after=2022-06-27T00:00:00+00:00
[2022-06-27 02:22:49,597] {processor.py:161} INFO - Processing /home/airflow/.local/lib/python3.7/site-packages/airflow/example_dags/example_branch_operator_decorator.py took 0.174 seconds
[2022-06-27 02:23:20,055] {processor.py:153} INFO - Started process (PID=10934) to work on /home/airflow/.local/lib/python3.7/site-packages/airflow/example_dags/example_branch_operator_decorator.py
[2022-06-27 02:23:20,056] {processor.py:641} INFO - Processing file /home/airflow/.local/lib/python3.7/site-packages/airflow/example_dags/example_branch_operator_decorator.py for tasks to queue
[2022-06-27 02:23:20,058] {logging_mixin.py:115} INFO - [2022-06-27 02:23:20,058] {dagbag.py:507} INFO - Filling up the DagBag from /home/airflow/.local/lib/python3.7/site-packages/airflow/example_dags/example_branch_operator_decorator.py
[2022-06-27 02:23:20,089] {processor.py:651} INFO - DAG(s) dict_keys(['example_branch_python_operator_decorator']) retrieved from /home/airflow/.local/lib/python3.7/site-packages/airflow/example_dags/example_branch_operator_decorator.py
[2022-06-27 02:23:20,129] {logging_mixin.py:115} INFO - [2022-06-27 02:23:20,129] {dag.py:2371} INFO - Sync 1 DAGs
[2022-06-27 02:23:20,168] {logging_mixin.py:115} INFO - [2022-06-27 02:23:20,168] {dag.py:2919} INFO - Setting next_dagrun for example_branch_python_operator_decorator to 2022-06-26T00:00:00+00:00, run_after=2022-06-27T00:00:00+00:00
[2022-06-27 02:23:20,193] {processor.py:161} INFO - Processing /home/airflow/.local/lib/python3.7/site-packages/airflow/example_dags/example_branch_operator_decorator.py took 0.142 seconds
[2022-06-27 02:23:50,468] {processor.py:153} INFO - Started process (PID=10988) to work on /home/airflow/.local/lib/python3.7/site-packages/airflow/example_dags/example_branch_operator_decorator.py
[2022-06-27 02:23:50,469] {processor.py:641} INFO - Processing file /home/airflow/.local/lib/python3.7/site-packages/airflow/example_dags/example_branch_operator_decorator.py for tasks to queue
[2022-06-27 02:23:50,470] {logging_mixin.py:115} INFO - [2022-06-27 02:23:50,470] {dagbag.py:507} INFO - Filling up the DagBag from /home/airflow/.local/lib/python3.7/site-packages/airflow/example_dags/example_branch_operator_decorator.py
[2022-06-27 02:23:50,510] {processor.py:651} INFO - DAG(s) dict_keys(['example_branch_python_operator_decorator']) retrieved from /home/airflow/.local/lib/python3.7/site-packages/airflow/example_dags/example_branch_operator_decorator.py
[2022-06-27 02:23:50,554] {logging_mixin.py:115} INFO - [2022-06-27 02:23:50,553] {dag.py:2371} INFO - Sync 1 DAGs
[2022-06-27 02:23:50,597] {logging_mixin.py:115} INFO - [2022-06-27 02:23:50,597] {dag.py:2919} INFO - Setting next_dagrun for example_branch_python_operator_decorator to 2022-06-26T00:00:00+00:00, run_after=2022-06-27T00:00:00+00:00
[2022-06-27 02:23:50,624] {processor.py:161} INFO - Processing /home/airflow/.local/lib/python3.7/site-packages/airflow/example_dags/example_branch_operator_decorator.py took 0.163 seconds
[2022-06-27 02:24:21,380] {processor.py:153} INFO - Started process (PID=11051) to work on /home/airflow/.local/lib/python3.7/site-packages/airflow/example_dags/example_branch_operator_decorator.py
[2022-06-27 02:24:21,382] {processor.py:641} INFO - Processing file /home/airflow/.local/lib/python3.7/site-packages/airflow/example_dags/example_branch_operator_decorator.py for tasks to queue
[2022-06-27 02:24:21,384] {logging_mixin.py:115} INFO - [2022-06-27 02:24:21,383] {dagbag.py:507} INFO - Filling up the DagBag from /home/airflow/.local/lib/python3.7/site-packages/airflow/example_dags/example_branch_operator_decorator.py
[2022-06-27 02:24:21,417] {processor.py:651} INFO - DAG(s) dict_keys(['example_branch_python_operator_decorator']) retrieved from /home/airflow/.local/lib/python3.7/site-packages/airflow/example_dags/example_branch_operator_decorator.py
[2022-06-27 02:24:21,456] {logging_mixin.py:115} INFO - [2022-06-27 02:24:21,456] {dag.py:2371} INFO - Sync 1 DAGs
[2022-06-27 02:24:21,495] {logging_mixin.py:115} INFO - [2022-06-27 02:24:21,495] {dag.py:2919} INFO - Setting next_dagrun for example_branch_python_operator_decorator to 2022-06-26T00:00:00+00:00, run_after=2022-06-27T00:00:00+00:00
[2022-06-27 02:24:21,519] {processor.py:161} INFO - Processing /home/airflow/.local/lib/python3.7/site-packages/airflow/example_dags/example_branch_operator_decorator.py took 0.151 seconds
