[2022-06-27 02:14:10,807] {processor.py:153} INFO - Started process (PID=9895) to work on /home/airflow/.local/lib/python3.7/site-packages/airflow/example_dags/example_skip_dag.py
[2022-06-27 02:14:10,816] {processor.py:641} INFO - Processing file /home/airflow/.local/lib/python3.7/site-packages/airflow/example_dags/example_skip_dag.py for tasks to queue
[2022-06-27 02:14:10,819] {logging_mixin.py:115} INFO - [2022-06-27 02:14:10,819] {dagbag.py:507} INFO - Filling up the DagBag from /home/airflow/.local/lib/python3.7/site-packages/airflow/example_dags/example_skip_dag.py
[2022-06-27 02:14:10,837] {processor.py:651} INFO - DAG(s) dict_keys(['example_skip_dag']) retrieved from /home/airflow/.local/lib/python3.7/site-packages/airflow/example_dags/example_skip_dag.py
[2022-06-27 02:14:10,945] {logging_mixin.py:115} INFO - [2022-06-27 02:14:10,945] {dag.py:2371} INFO - Sync 1 DAGs
[2022-06-27 02:14:11,059] {logging_mixin.py:115} INFO - [2022-06-27 02:14:11,058] {dag.py:2919} INFO - Setting next_dagrun for example_skip_dag to 2022-06-26T02:14:11.058271+00:00, run_after=2022-06-27T02:14:11.058271+00:00
[2022-06-27 02:14:11,096] {processor.py:161} INFO - Processing /home/airflow/.local/lib/python3.7/site-packages/airflow/example_dags/example_skip_dag.py took 0.300 seconds
[2022-06-27 02:14:41,462] {processor.py:153} INFO - Started process (PID=9949) to work on /home/airflow/.local/lib/python3.7/site-packages/airflow/example_dags/example_skip_dag.py
[2022-06-27 02:14:41,463] {processor.py:641} INFO - Processing file /home/airflow/.local/lib/python3.7/site-packages/airflow/example_dags/example_skip_dag.py for tasks to queue
[2022-06-27 02:14:41,465] {logging_mixin.py:115} INFO - [2022-06-27 02:14:41,465] {dagbag.py:507} INFO - Filling up the DagBag from /home/airflow/.local/lib/python3.7/site-packages/airflow/example_dags/example_skip_dag.py
[2022-06-27 02:14:41,476] {processor.py:651} INFO - DAG(s) dict_keys(['example_skip_dag']) retrieved from /home/airflow/.local/lib/python3.7/site-packages/airflow/example_dags/example_skip_dag.py
[2022-06-27 02:14:41,533] {logging_mixin.py:115} INFO - [2022-06-27 02:14:41,533] {dag.py:2371} INFO - Sync 1 DAGs
[2022-06-27 02:14:41,587] {logging_mixin.py:115} INFO - [2022-06-27 02:14:41,587] {dag.py:2919} INFO - Setting next_dagrun for example_skip_dag to 2022-06-26T02:14:41.587097+00:00, run_after=2022-06-27T02:14:41.587097+00:00
[2022-06-27 02:14:41,611] {processor.py:161} INFO - Processing /home/airflow/.local/lib/python3.7/site-packages/airflow/example_dags/example_skip_dag.py took 0.154 seconds
[2022-06-27 02:15:11,741] {processor.py:153} INFO - Started process (PID=10003) to work on /home/airflow/.local/lib/python3.7/site-packages/airflow/example_dags/example_skip_dag.py
[2022-06-27 02:15:11,743] {processor.py:641} INFO - Processing file /home/airflow/.local/lib/python3.7/site-packages/airflow/example_dags/example_skip_dag.py for tasks to queue
[2022-06-27 02:15:11,745] {logging_mixin.py:115} INFO - [2022-06-27 02:15:11,744] {dagbag.py:507} INFO - Filling up the DagBag from /home/airflow/.local/lib/python3.7/site-packages/airflow/example_dags/example_skip_dag.py
[2022-06-27 02:15:11,755] {processor.py:651} INFO - DAG(s) dict_keys(['example_skip_dag']) retrieved from /home/airflow/.local/lib/python3.7/site-packages/airflow/example_dags/example_skip_dag.py
[2022-06-27 02:15:11,808] {logging_mixin.py:115} INFO - [2022-06-27 02:15:11,808] {dag.py:2371} INFO - Sync 1 DAGs
[2022-06-27 02:15:11,853] {logging_mixin.py:115} INFO - [2022-06-27 02:15:11,853] {dag.py:2919} INFO - Setting next_dagrun for example_skip_dag to 2022-06-26T02:15:11.852826+00:00, run_after=2022-06-27T02:15:11.852826+00:00
[2022-06-27 02:15:11,914] {processor.py:161} INFO - Processing /home/airflow/.local/lib/python3.7/site-packages/airflow/example_dags/example_skip_dag.py took 0.178 seconds
[2022-06-27 02:15:42,375] {processor.py:153} INFO - Started process (PID=10066) to work on /home/airflow/.local/lib/python3.7/site-packages/airflow/example_dags/example_skip_dag.py
[2022-06-27 02:15:42,376] {processor.py:641} INFO - Processing file /home/airflow/.local/lib/python3.7/site-packages/airflow/example_dags/example_skip_dag.py for tasks to queue
[2022-06-27 02:15:42,379] {logging_mixin.py:115} INFO - [2022-06-27 02:15:42,379] {dagbag.py:507} INFO - Filling up the DagBag from /home/airflow/.local/lib/python3.7/site-packages/airflow/example_dags/example_skip_dag.py
[2022-06-27 02:15:42,396] {processor.py:651} INFO - DAG(s) dict_keys(['example_skip_dag']) retrieved from /home/airflow/.local/lib/python3.7/site-packages/airflow/example_dags/example_skip_dag.py
[2022-06-27 02:15:42,456] {logging_mixin.py:115} INFO - [2022-06-27 02:15:42,456] {dag.py:2371} INFO - Sync 1 DAGs
[2022-06-27 02:15:42,512] {logging_mixin.py:115} INFO - [2022-06-27 02:15:42,511] {dag.py:2919} INFO - Setting next_dagrun for example_skip_dag to 2022-06-26T02:15:42.511162+00:00, run_after=2022-06-27T02:15:42.511162+00:00
[2022-06-27 02:15:42,545] {processor.py:161} INFO - Processing /home/airflow/.local/lib/python3.7/site-packages/airflow/example_dags/example_skip_dag.py took 0.177 seconds
[2022-06-27 02:16:12,893] {processor.py:153} INFO - Started process (PID=10120) to work on /home/airflow/.local/lib/python3.7/site-packages/airflow/example_dags/example_skip_dag.py
[2022-06-27 02:16:12,894] {processor.py:641} INFO - Processing file /home/airflow/.local/lib/python3.7/site-packages/airflow/example_dags/example_skip_dag.py for tasks to queue
[2022-06-27 02:16:12,896] {logging_mixin.py:115} INFO - [2022-06-27 02:16:12,895] {dagbag.py:507} INFO - Filling up the DagBag from /home/airflow/.local/lib/python3.7/site-packages/airflow/example_dags/example_skip_dag.py
[2022-06-27 02:16:12,905] {processor.py:651} INFO - DAG(s) dict_keys(['example_skip_dag']) retrieved from /home/airflow/.local/lib/python3.7/site-packages/airflow/example_dags/example_skip_dag.py
[2022-06-27 02:16:12,948] {logging_mixin.py:115} INFO - [2022-06-27 02:16:12,948] {dag.py:2371} INFO - Sync 1 DAGs
[2022-06-27 02:16:12,985] {logging_mixin.py:115} INFO - [2022-06-27 02:16:12,985] {dag.py:2919} INFO - Setting next_dagrun for example_skip_dag to 2022-06-26T02:16:12.984722+00:00, run_after=2022-06-27T02:16:12.984722+00:00
[2022-06-27 02:16:13,030] {processor.py:161} INFO - Processing /home/airflow/.local/lib/python3.7/site-packages/airflow/example_dags/example_skip_dag.py took 0.142 seconds
[2022-06-27 02:16:43,808] {processor.py:153} INFO - Started process (PID=10183) to work on /home/airflow/.local/lib/python3.7/site-packages/airflow/example_dags/example_skip_dag.py
[2022-06-27 02:16:43,810] {processor.py:641} INFO - Processing file /home/airflow/.local/lib/python3.7/site-packages/airflow/example_dags/example_skip_dag.py for tasks to queue
[2022-06-27 02:16:43,812] {logging_mixin.py:115} INFO - [2022-06-27 02:16:43,811] {dagbag.py:507} INFO - Filling up the DagBag from /home/airflow/.local/lib/python3.7/site-packages/airflow/example_dags/example_skip_dag.py
[2022-06-27 02:16:43,822] {processor.py:651} INFO - DAG(s) dict_keys(['example_skip_dag']) retrieved from /home/airflow/.local/lib/python3.7/site-packages/airflow/example_dags/example_skip_dag.py
[2022-06-27 02:16:43,881] {logging_mixin.py:115} INFO - [2022-06-27 02:16:43,880] {dag.py:2371} INFO - Sync 1 DAGs
[2022-06-27 02:16:43,926] {logging_mixin.py:115} INFO - [2022-06-27 02:16:43,926] {dag.py:2919} INFO - Setting next_dagrun for example_skip_dag to 2022-06-26T02:16:43.926177+00:00, run_after=2022-06-27T02:16:43.926177+00:00
[2022-06-27 02:16:43,955] {processor.py:161} INFO - Processing /home/airflow/.local/lib/python3.7/site-packages/airflow/example_dags/example_skip_dag.py took 0.153 seconds
[2022-06-27 02:17:14,722] {processor.py:153} INFO - Started process (PID=10237) to work on /home/airflow/.local/lib/python3.7/site-packages/airflow/example_dags/example_skip_dag.py
[2022-06-27 02:17:14,723] {processor.py:641} INFO - Processing file /home/airflow/.local/lib/python3.7/site-packages/airflow/example_dags/example_skip_dag.py for tasks to queue
[2022-06-27 02:17:14,724] {logging_mixin.py:115} INFO - [2022-06-27 02:17:14,724] {dagbag.py:507} INFO - Filling up the DagBag from /home/airflow/.local/lib/python3.7/site-packages/airflow/example_dags/example_skip_dag.py
[2022-06-27 02:17:14,733] {processor.py:651} INFO - DAG(s) dict_keys(['example_skip_dag']) retrieved from /home/airflow/.local/lib/python3.7/site-packages/airflow/example_dags/example_skip_dag.py
[2022-06-27 02:17:14,786] {logging_mixin.py:115} INFO - [2022-06-27 02:17:14,785] {dag.py:2371} INFO - Sync 1 DAGs
[2022-06-27 02:17:14,818] {logging_mixin.py:115} INFO - [2022-06-27 02:17:14,818] {dag.py:2919} INFO - Setting next_dagrun for example_skip_dag to 2022-06-26T02:17:14.818016+00:00, run_after=2022-06-27T02:17:14.818016+00:00
[2022-06-27 02:17:14,839] {processor.py:161} INFO - Processing /home/airflow/.local/lib/python3.7/site-packages/airflow/example_dags/example_skip_dag.py took 0.122 seconds
[2022-06-27 02:17:45,349] {processor.py:153} INFO - Started process (PID=10300) to work on /home/airflow/.local/lib/python3.7/site-packages/airflow/example_dags/example_skip_dag.py
[2022-06-27 02:17:45,350] {processor.py:641} INFO - Processing file /home/airflow/.local/lib/python3.7/site-packages/airflow/example_dags/example_skip_dag.py for tasks to queue
[2022-06-27 02:17:45,351] {logging_mixin.py:115} INFO - [2022-06-27 02:17:45,351] {dagbag.py:507} INFO - Filling up the DagBag from /home/airflow/.local/lib/python3.7/site-packages/airflow/example_dags/example_skip_dag.py
[2022-06-27 02:17:45,363] {processor.py:651} INFO - DAG(s) dict_keys(['example_skip_dag']) retrieved from /home/airflow/.local/lib/python3.7/site-packages/airflow/example_dags/example_skip_dag.py
[2022-06-27 02:17:45,410] {logging_mixin.py:115} INFO - [2022-06-27 02:17:45,409] {dag.py:2371} INFO - Sync 1 DAGs
[2022-06-27 02:17:45,449] {logging_mixin.py:115} INFO - [2022-06-27 02:17:45,449] {dag.py:2919} INFO - Setting next_dagrun for example_skip_dag to 2022-06-26T02:17:45.449364+00:00, run_after=2022-06-27T02:17:45.449364+00:00
[2022-06-27 02:17:45,502] {processor.py:161} INFO - Processing /home/airflow/.local/lib/python3.7/site-packages/airflow/example_dags/example_skip_dag.py took 0.158 seconds
[2022-06-27 02:18:16,350] {processor.py:153} INFO - Started process (PID=10354) to work on /home/airflow/.local/lib/python3.7/site-packages/airflow/example_dags/example_skip_dag.py
[2022-06-27 02:18:16,352] {processor.py:641} INFO - Processing file /home/airflow/.local/lib/python3.7/site-packages/airflow/example_dags/example_skip_dag.py for tasks to queue
[2022-06-27 02:18:16,354] {logging_mixin.py:115} INFO - [2022-06-27 02:18:16,353] {dagbag.py:507} INFO - Filling up the DagBag from /home/airflow/.local/lib/python3.7/site-packages/airflow/example_dags/example_skip_dag.py
[2022-06-27 02:18:16,364] {processor.py:651} INFO - DAG(s) dict_keys(['example_skip_dag']) retrieved from /home/airflow/.local/lib/python3.7/site-packages/airflow/example_dags/example_skip_dag.py
[2022-06-27 02:18:16,416] {logging_mixin.py:115} INFO - [2022-06-27 02:18:16,416] {dag.py:2371} INFO - Sync 1 DAGs
[2022-06-27 02:18:16,459] {logging_mixin.py:115} INFO - [2022-06-27 02:18:16,459] {dag.py:2919} INFO - Setting next_dagrun for example_skip_dag to 2022-06-26T02:18:16.459097+00:00, run_after=2022-06-27T02:18:16.459097+00:00
[2022-06-27 02:18:16,486] {processor.py:161} INFO - Processing /home/airflow/.local/lib/python3.7/site-packages/airflow/example_dags/example_skip_dag.py took 0.141 seconds
[2022-06-27 02:18:46,782] {processor.py:153} INFO - Started process (PID=10417) to work on /home/airflow/.local/lib/python3.7/site-packages/airflow/example_dags/example_skip_dag.py
[2022-06-27 02:18:46,783] {processor.py:641} INFO - Processing file /home/airflow/.local/lib/python3.7/site-packages/airflow/example_dags/example_skip_dag.py for tasks to queue
[2022-06-27 02:18:46,785] {logging_mixin.py:115} INFO - [2022-06-27 02:18:46,784] {dagbag.py:507} INFO - Filling up the DagBag from /home/airflow/.local/lib/python3.7/site-packages/airflow/example_dags/example_skip_dag.py
[2022-06-27 02:18:46,794] {processor.py:651} INFO - DAG(s) dict_keys(['example_skip_dag']) retrieved from /home/airflow/.local/lib/python3.7/site-packages/airflow/example_dags/example_skip_dag.py
[2022-06-27 02:18:46,852] {logging_mixin.py:115} INFO - [2022-06-27 02:18:46,851] {dag.py:2371} INFO - Sync 1 DAGs
[2022-06-27 02:18:46,906] {logging_mixin.py:115} INFO - [2022-06-27 02:18:46,905] {dag.py:2919} INFO - Setting next_dagrun for example_skip_dag to 2022-06-26T02:18:46.905144+00:00, run_after=2022-06-27T02:18:46.905144+00:00
[2022-06-27 02:18:46,930] {processor.py:161} INFO - Processing /home/airflow/.local/lib/python3.7/site-packages/airflow/example_dags/example_skip_dag.py took 0.154 seconds
[2022-06-27 02:19:17,169] {processor.py:153} INFO - Started process (PID=10471) to work on /home/airflow/.local/lib/python3.7/site-packages/airflow/example_dags/example_skip_dag.py
[2022-06-27 02:19:17,170] {processor.py:641} INFO - Processing file /home/airflow/.local/lib/python3.7/site-packages/airflow/example_dags/example_skip_dag.py for tasks to queue
[2022-06-27 02:19:17,172] {logging_mixin.py:115} INFO - [2022-06-27 02:19:17,171] {dagbag.py:507} INFO - Filling up the DagBag from /home/airflow/.local/lib/python3.7/site-packages/airflow/example_dags/example_skip_dag.py
[2022-06-27 02:19:17,183] {processor.py:651} INFO - DAG(s) dict_keys(['example_skip_dag']) retrieved from /home/airflow/.local/lib/python3.7/site-packages/airflow/example_dags/example_skip_dag.py
[2022-06-27 02:19:17,234] {logging_mixin.py:115} INFO - [2022-06-27 02:19:17,234] {dag.py:2371} INFO - Sync 1 DAGs
[2022-06-27 02:19:17,286] {logging_mixin.py:115} INFO - [2022-06-27 02:19:17,286] {dag.py:2919} INFO - Setting next_dagrun for example_skip_dag to 2022-06-26T02:19:17.285939+00:00, run_after=2022-06-27T02:19:17.285939+00:00
[2022-06-27 02:19:17,342] {processor.py:161} INFO - Processing /home/airflow/.local/lib/python3.7/site-packages/airflow/example_dags/example_skip_dag.py took 0.179 seconds
[2022-06-27 02:19:47,447] {processor.py:153} INFO - Started process (PID=10534) to work on /home/airflow/.local/lib/python3.7/site-packages/airflow/example_dags/example_skip_dag.py
[2022-06-27 02:19:47,448] {processor.py:641} INFO - Processing file /home/airflow/.local/lib/python3.7/site-packages/airflow/example_dags/example_skip_dag.py for tasks to queue
[2022-06-27 02:19:47,449] {logging_mixin.py:115} INFO - [2022-06-27 02:19:47,449] {dagbag.py:507} INFO - Filling up the DagBag from /home/airflow/.local/lib/python3.7/site-packages/airflow/example_dags/example_skip_dag.py
[2022-06-27 02:19:47,459] {processor.py:651} INFO - DAG(s) dict_keys(['example_skip_dag']) retrieved from /home/airflow/.local/lib/python3.7/site-packages/airflow/example_dags/example_skip_dag.py
[2022-06-27 02:19:47,517] {logging_mixin.py:115} INFO - [2022-06-27 02:19:47,517] {dag.py:2371} INFO - Sync 1 DAGs
[2022-06-27 02:19:47,578] {logging_mixin.py:115} INFO - [2022-06-27 02:19:47,578] {dag.py:2919} INFO - Setting next_dagrun for example_skip_dag to 2022-06-26T02:19:47.577819+00:00, run_after=2022-06-27T02:19:47.577819+00:00
[2022-06-27 02:19:47,609] {processor.py:161} INFO - Processing /home/airflow/.local/lib/python3.7/site-packages/airflow/example_dags/example_skip_dag.py took 0.168 seconds
[2022-06-27 02:20:18,232] {processor.py:153} INFO - Started process (PID=10588) to work on /home/airflow/.local/lib/python3.7/site-packages/airflow/example_dags/example_skip_dag.py
[2022-06-27 02:20:18,233] {processor.py:641} INFO - Processing file /home/airflow/.local/lib/python3.7/site-packages/airflow/example_dags/example_skip_dag.py for tasks to queue
[2022-06-27 02:20:18,235] {logging_mixin.py:115} INFO - [2022-06-27 02:20:18,234] {dagbag.py:507} INFO - Filling up the DagBag from /home/airflow/.local/lib/python3.7/site-packages/airflow/example_dags/example_skip_dag.py
[2022-06-27 02:20:18,243] {processor.py:651} INFO - DAG(s) dict_keys(['example_skip_dag']) retrieved from /home/airflow/.local/lib/python3.7/site-packages/airflow/example_dags/example_skip_dag.py
[2022-06-27 02:20:18,305] {logging_mixin.py:115} INFO - [2022-06-27 02:20:18,305] {dag.py:2371} INFO - Sync 1 DAGs
[2022-06-27 02:20:18,345] {logging_mixin.py:115} INFO - [2022-06-27 02:20:18,344] {dag.py:2919} INFO - Setting next_dagrun for example_skip_dag to 2022-06-26T02:20:18.344352+00:00, run_after=2022-06-27T02:20:18.344352+00:00
[2022-06-27 02:20:18,368] {processor.py:161} INFO - Processing /home/airflow/.local/lib/python3.7/site-packages/airflow/example_dags/example_skip_dag.py took 0.141 seconds
[2022-06-27 02:20:48,900] {processor.py:153} INFO - Started process (PID=10650) to work on /home/airflow/.local/lib/python3.7/site-packages/airflow/example_dags/example_skip_dag.py
[2022-06-27 02:20:48,901] {processor.py:641} INFO - Processing file /home/airflow/.local/lib/python3.7/site-packages/airflow/example_dags/example_skip_dag.py for tasks to queue
[2022-06-27 02:20:48,903] {logging_mixin.py:115} INFO - [2022-06-27 02:20:48,903] {dagbag.py:507} INFO - Filling up the DagBag from /home/airflow/.local/lib/python3.7/site-packages/airflow/example_dags/example_skip_dag.py
[2022-06-27 02:20:48,914] {processor.py:651} INFO - DAG(s) dict_keys(['example_skip_dag']) retrieved from /home/airflow/.local/lib/python3.7/site-packages/airflow/example_dags/example_skip_dag.py
[2022-06-27 02:20:48,965] {logging_mixin.py:115} INFO - [2022-06-27 02:20:48,965] {dag.py:2371} INFO - Sync 1 DAGs
[2022-06-27 02:20:49,012] {logging_mixin.py:115} INFO - [2022-06-27 02:20:49,012] {dag.py:2919} INFO - Setting next_dagrun for example_skip_dag to 2022-06-26T02:20:49.011951+00:00, run_after=2022-06-27T02:20:49.011951+00:00
[2022-06-27 02:20:49,039] {processor.py:161} INFO - Processing /home/airflow/.local/lib/python3.7/site-packages/airflow/example_dags/example_skip_dag.py took 0.145 seconds
[2022-06-27 02:21:19,268] {processor.py:153} INFO - Started process (PID=10706) to work on /home/airflow/.local/lib/python3.7/site-packages/airflow/example_dags/example_skip_dag.py
[2022-06-27 02:21:19,270] {processor.py:641} INFO - Processing file /home/airflow/.local/lib/python3.7/site-packages/airflow/example_dags/example_skip_dag.py for tasks to queue
[2022-06-27 02:21:19,271] {logging_mixin.py:115} INFO - [2022-06-27 02:21:19,271] {dagbag.py:507} INFO - Filling up the DagBag from /home/airflow/.local/lib/python3.7/site-packages/airflow/example_dags/example_skip_dag.py
[2022-06-27 02:21:19,282] {processor.py:651} INFO - DAG(s) dict_keys(['example_skip_dag']) retrieved from /home/airflow/.local/lib/python3.7/site-packages/airflow/example_dags/example_skip_dag.py
[2022-06-27 02:21:19,333] {logging_mixin.py:115} INFO - [2022-06-27 02:21:19,332] {dag.py:2371} INFO - Sync 1 DAGs
[2022-06-27 02:21:19,372] {logging_mixin.py:115} INFO - [2022-06-27 02:21:19,372] {dag.py:2919} INFO - Setting next_dagrun for example_skip_dag to 2022-06-26T02:21:19.372431+00:00, run_after=2022-06-27T02:21:19.372431+00:00
[2022-06-27 02:21:19,396] {processor.py:161} INFO - Processing /home/airflow/.local/lib/python3.7/site-packages/airflow/example_dags/example_skip_dag.py took 0.133 seconds
[2022-06-27 02:21:50,127] {processor.py:153} INFO - Started process (PID=10760) to work on /home/airflow/.local/lib/python3.7/site-packages/airflow/example_dags/example_skip_dag.py
[2022-06-27 02:21:50,128] {processor.py:641} INFO - Processing file /home/airflow/.local/lib/python3.7/site-packages/airflow/example_dags/example_skip_dag.py for tasks to queue
[2022-06-27 02:21:50,129] {logging_mixin.py:115} INFO - [2022-06-27 02:21:50,129] {dagbag.py:507} INFO - Filling up the DagBag from /home/airflow/.local/lib/python3.7/site-packages/airflow/example_dags/example_skip_dag.py
[2022-06-27 02:21:50,138] {processor.py:651} INFO - DAG(s) dict_keys(['example_skip_dag']) retrieved from /home/airflow/.local/lib/python3.7/site-packages/airflow/example_dags/example_skip_dag.py
[2022-06-27 02:21:50,183] {logging_mixin.py:115} INFO - [2022-06-27 02:21:50,183] {dag.py:2371} INFO - Sync 1 DAGs
[2022-06-27 02:21:50,214] {logging_mixin.py:115} INFO - [2022-06-27 02:21:50,214] {dag.py:2919} INFO - Setting next_dagrun for example_skip_dag to 2022-06-26T02:21:50.214500+00:00, run_after=2022-06-27T02:21:50.214500+00:00
[2022-06-27 02:21:50,239] {processor.py:161} INFO - Processing /home/airflow/.local/lib/python3.7/site-packages/airflow/example_dags/example_skip_dag.py took 0.117 seconds
[2022-06-27 02:22:20,487] {processor.py:153} INFO - Started process (PID=10823) to work on /home/airflow/.local/lib/python3.7/site-packages/airflow/example_dags/example_skip_dag.py
[2022-06-27 02:22:20,489] {processor.py:641} INFO - Processing file /home/airflow/.local/lib/python3.7/site-packages/airflow/example_dags/example_skip_dag.py for tasks to queue
[2022-06-27 02:22:20,490] {logging_mixin.py:115} INFO - [2022-06-27 02:22:20,490] {dagbag.py:507} INFO - Filling up the DagBag from /home/airflow/.local/lib/python3.7/site-packages/airflow/example_dags/example_skip_dag.py
[2022-06-27 02:22:20,501] {processor.py:651} INFO - DAG(s) dict_keys(['example_skip_dag']) retrieved from /home/airflow/.local/lib/python3.7/site-packages/airflow/example_dags/example_skip_dag.py
[2022-06-27 02:22:20,552] {logging_mixin.py:115} INFO - [2022-06-27 02:22:20,552] {dag.py:2371} INFO - Sync 1 DAGs
[2022-06-27 02:22:20,597] {logging_mixin.py:115} INFO - [2022-06-27 02:22:20,597] {dag.py:2919} INFO - Setting next_dagrun for example_skip_dag to 2022-06-26T02:22:20.597261+00:00, run_after=2022-06-27T02:22:20.597261+00:00
[2022-06-27 02:22:20,643] {processor.py:161} INFO - Processing /home/airflow/.local/lib/python3.7/site-packages/airflow/example_dags/example_skip_dag.py took 0.161 seconds
[2022-06-27 02:22:51,058] {processor.py:153} INFO - Started process (PID=10877) to work on /home/airflow/.local/lib/python3.7/site-packages/airflow/example_dags/example_skip_dag.py
[2022-06-27 02:22:51,060] {processor.py:641} INFO - Processing file /home/airflow/.local/lib/python3.7/site-packages/airflow/example_dags/example_skip_dag.py for tasks to queue
[2022-06-27 02:22:51,061] {logging_mixin.py:115} INFO - [2022-06-27 02:22:51,061] {dagbag.py:507} INFO - Filling up the DagBag from /home/airflow/.local/lib/python3.7/site-packages/airflow/example_dags/example_skip_dag.py
[2022-06-27 02:22:51,073] {processor.py:651} INFO - DAG(s) dict_keys(['example_skip_dag']) retrieved from /home/airflow/.local/lib/python3.7/site-packages/airflow/example_dags/example_skip_dag.py
[2022-06-27 02:22:51,120] {logging_mixin.py:115} INFO - [2022-06-27 02:22:51,120] {dag.py:2371} INFO - Sync 1 DAGs
[2022-06-27 02:22:51,162] {logging_mixin.py:115} INFO - [2022-06-27 02:22:51,161] {dag.py:2919} INFO - Setting next_dagrun for example_skip_dag to 2022-06-26T02:22:51.161088+00:00, run_after=2022-06-27T02:22:51.161088+00:00
[2022-06-27 02:22:51,191] {processor.py:161} INFO - Processing /home/airflow/.local/lib/python3.7/site-packages/airflow/example_dags/example_skip_dag.py took 0.138 seconds
[2022-06-27 02:23:21,743] {processor.py:153} INFO - Started process (PID=10940) to work on /home/airflow/.local/lib/python3.7/site-packages/airflow/example_dags/example_skip_dag.py
[2022-06-27 02:23:21,744] {processor.py:641} INFO - Processing file /home/airflow/.local/lib/python3.7/site-packages/airflow/example_dags/example_skip_dag.py for tasks to queue
[2022-06-27 02:23:21,746] {logging_mixin.py:115} INFO - [2022-06-27 02:23:21,745] {dagbag.py:507} INFO - Filling up the DagBag from /home/airflow/.local/lib/python3.7/site-packages/airflow/example_dags/example_skip_dag.py
[2022-06-27 02:23:21,755] {processor.py:651} INFO - DAG(s) dict_keys(['example_skip_dag']) retrieved from /home/airflow/.local/lib/python3.7/site-packages/airflow/example_dags/example_skip_dag.py
[2022-06-27 02:23:21,800] {logging_mixin.py:115} INFO - [2022-06-27 02:23:21,800] {dag.py:2371} INFO - Sync 1 DAGs
[2022-06-27 02:23:21,839] {logging_mixin.py:115} INFO - [2022-06-27 02:23:21,839] {dag.py:2919} INFO - Setting next_dagrun for example_skip_dag to 2022-06-26T02:23:21.839040+00:00, run_after=2022-06-27T02:23:21.839040+00:00
[2022-06-27 02:23:21,883] {processor.py:161} INFO - Processing /home/airflow/.local/lib/python3.7/site-packages/airflow/example_dags/example_skip_dag.py took 0.144 seconds
[2022-06-27 02:23:52,009] {processor.py:153} INFO - Started process (PID=10993) to work on /home/airflow/.local/lib/python3.7/site-packages/airflow/example_dags/example_skip_dag.py
[2022-06-27 02:23:52,010] {processor.py:641} INFO - Processing file /home/airflow/.local/lib/python3.7/site-packages/airflow/example_dags/example_skip_dag.py for tasks to queue
[2022-06-27 02:23:52,011] {logging_mixin.py:115} INFO - [2022-06-27 02:23:52,011] {dagbag.py:507} INFO - Filling up the DagBag from /home/airflow/.local/lib/python3.7/site-packages/airflow/example_dags/example_skip_dag.py
[2022-06-27 02:23:52,022] {processor.py:651} INFO - DAG(s) dict_keys(['example_skip_dag']) retrieved from /home/airflow/.local/lib/python3.7/site-packages/airflow/example_dags/example_skip_dag.py
[2022-06-27 02:23:52,109] {logging_mixin.py:115} INFO - [2022-06-27 02:23:52,109] {dag.py:2371} INFO - Sync 1 DAGs
[2022-06-27 02:23:52,170] {logging_mixin.py:115} INFO - [2022-06-27 02:23:52,170] {dag.py:2919} INFO - Setting next_dagrun for example_skip_dag to 2022-06-26T02:23:52.170041+00:00, run_after=2022-06-27T02:23:52.170041+00:00
[2022-06-27 02:23:52,208] {processor.py:161} INFO - Processing /home/airflow/.local/lib/python3.7/site-packages/airflow/example_dags/example_skip_dag.py took 0.205 seconds
[2022-06-27 02:24:22,735] {processor.py:153} INFO - Started process (PID=11055) to work on /home/airflow/.local/lib/python3.7/site-packages/airflow/example_dags/example_skip_dag.py
[2022-06-27 02:24:22,736] {processor.py:641} INFO - Processing file /home/airflow/.local/lib/python3.7/site-packages/airflow/example_dags/example_skip_dag.py for tasks to queue
[2022-06-27 02:24:22,737] {logging_mixin.py:115} INFO - [2022-06-27 02:24:22,737] {dagbag.py:507} INFO - Filling up the DagBag from /home/airflow/.local/lib/python3.7/site-packages/airflow/example_dags/example_skip_dag.py
[2022-06-27 02:24:22,755] {processor.py:651} INFO - DAG(s) dict_keys(['example_skip_dag']) retrieved from /home/airflow/.local/lib/python3.7/site-packages/airflow/example_dags/example_skip_dag.py
[2022-06-27 02:24:22,810] {logging_mixin.py:115} INFO - [2022-06-27 02:24:22,810] {dag.py:2371} INFO - Sync 1 DAGs
[2022-06-27 02:24:22,859] {logging_mixin.py:115} INFO - [2022-06-27 02:24:22,858] {dag.py:2919} INFO - Setting next_dagrun for example_skip_dag to 2022-06-26T02:24:22.858108+00:00, run_after=2022-06-27T02:24:22.858108+00:00
[2022-06-27 02:24:22,886] {processor.py:161} INFO - Processing /home/airflow/.local/lib/python3.7/site-packages/airflow/example_dags/example_skip_dag.py took 0.156 seconds
