[2022-06-27 02:14:10,089] {processor.py:153} INFO - Started process (PID=9893) to work on /home/airflow/.local/lib/python3.7/site-packages/airflow/example_dags/example_complex.py
[2022-06-27 02:14:10,115] {processor.py:641} INFO - Processing file /home/airflow/.local/lib/python3.7/site-packages/airflow/example_dags/example_complex.py for tasks to queue
[2022-06-27 02:14:10,118] {logging_mixin.py:115} INFO - [2022-06-27 02:14:10,118] {dagbag.py:507} INFO - Filling up the DagBag from /home/airflow/.local/lib/python3.7/site-packages/airflow/example_dags/example_complex.py
[2022-06-27 02:14:10,177] {processor.py:651} INFO - DAG(s) dict_keys(['example_complex']) retrieved from /home/airflow/.local/lib/python3.7/site-packages/airflow/example_dags/example_complex.py
[2022-06-27 02:14:10,332] {logging_mixin.py:115} INFO - [2022-06-27 02:14:10,332] {dag.py:2371} INFO - Sync 1 DAGs
[2022-06-27 02:14:10,552] {logging_mixin.py:115} INFO - [2022-06-27 02:14:10,552] {dag.py:2919} INFO - Setting next_dagrun for example_complex to None, run_after=None
[2022-06-27 02:14:10,656] {processor.py:161} INFO - Processing /home/airflow/.local/lib/python3.7/site-packages/airflow/example_dags/example_complex.py took 0.606 seconds
[2022-06-27 02:14:41,285] {processor.py:153} INFO - Started process (PID=9947) to work on /home/airflow/.local/lib/python3.7/site-packages/airflow/example_dags/example_complex.py
[2022-06-27 02:14:41,287] {processor.py:641} INFO - Processing file /home/airflow/.local/lib/python3.7/site-packages/airflow/example_dags/example_complex.py for tasks to queue
[2022-06-27 02:14:41,288] {logging_mixin.py:115} INFO - [2022-06-27 02:14:41,288] {dagbag.py:507} INFO - Filling up the DagBag from /home/airflow/.local/lib/python3.7/site-packages/airflow/example_dags/example_complex.py
[2022-06-27 02:14:41,318] {processor.py:651} INFO - DAG(s) dict_keys(['example_complex']) retrieved from /home/airflow/.local/lib/python3.7/site-packages/airflow/example_dags/example_complex.py
[2022-06-27 02:14:41,376] {logging_mixin.py:115} INFO - [2022-06-27 02:14:41,376] {dag.py:2371} INFO - Sync 1 DAGs
[2022-06-27 02:14:41,422] {logging_mixin.py:115} INFO - [2022-06-27 02:14:41,422] {dag.py:2919} INFO - Setting next_dagrun for example_complex to None, run_after=None
[2022-06-27 02:14:41,451] {processor.py:161} INFO - Processing /home/airflow/.local/lib/python3.7/site-packages/airflow/example_dags/example_complex.py took 0.172 seconds
[2022-06-27 02:15:11,574] {processor.py:153} INFO - Started process (PID=10001) to work on /home/airflow/.local/lib/python3.7/site-packages/airflow/example_dags/example_complex.py
[2022-06-27 02:15:11,576] {processor.py:641} INFO - Processing file /home/airflow/.local/lib/python3.7/site-packages/airflow/example_dags/example_complex.py for tasks to queue
[2022-06-27 02:15:11,578] {logging_mixin.py:115} INFO - [2022-06-27 02:15:11,578] {dagbag.py:507} INFO - Filling up the DagBag from /home/airflow/.local/lib/python3.7/site-packages/airflow/example_dags/example_complex.py
[2022-06-27 02:15:11,611] {processor.py:651} INFO - DAG(s) dict_keys(['example_complex']) retrieved from /home/airflow/.local/lib/python3.7/site-packages/airflow/example_dags/example_complex.py
[2022-06-27 02:15:11,666] {logging_mixin.py:115} INFO - [2022-06-27 02:15:11,666] {dag.py:2371} INFO - Sync 1 DAGs
[2022-06-27 02:15:11,707] {logging_mixin.py:115} INFO - [2022-06-27 02:15:11,707] {dag.py:2919} INFO - Setting next_dagrun for example_complex to None, run_after=None
[2022-06-27 02:15:11,734] {processor.py:161} INFO - Processing /home/airflow/.local/lib/python3.7/site-packages/airflow/example_dags/example_complex.py took 0.167 seconds
[2022-06-27 02:15:42,160] {processor.py:153} INFO - Started process (PID=10064) to work on /home/airflow/.local/lib/python3.7/site-packages/airflow/example_dags/example_complex.py
[2022-06-27 02:15:42,162] {processor.py:641} INFO - Processing file /home/airflow/.local/lib/python3.7/site-packages/airflow/example_dags/example_complex.py for tasks to queue
[2022-06-27 02:15:42,163] {logging_mixin.py:115} INFO - [2022-06-27 02:15:42,163] {dagbag.py:507} INFO - Filling up the DagBag from /home/airflow/.local/lib/python3.7/site-packages/airflow/example_dags/example_complex.py
[2022-06-27 02:15:42,201] {processor.py:651} INFO - DAG(s) dict_keys(['example_complex']) retrieved from /home/airflow/.local/lib/python3.7/site-packages/airflow/example_dags/example_complex.py
[2022-06-27 02:15:42,273] {logging_mixin.py:115} INFO - [2022-06-27 02:15:42,273] {dag.py:2371} INFO - Sync 1 DAGs
[2022-06-27 02:15:42,325] {logging_mixin.py:115} INFO - [2022-06-27 02:15:42,324] {dag.py:2919} INFO - Setting next_dagrun for example_complex to None, run_after=None
[2022-06-27 02:15:42,353] {processor.py:161} INFO - Processing /home/airflow/.local/lib/python3.7/site-packages/airflow/example_dags/example_complex.py took 0.199 seconds
[2022-06-27 02:16:12,749] {processor.py:153} INFO - Started process (PID=10118) to work on /home/airflow/.local/lib/python3.7/site-packages/airflow/example_dags/example_complex.py
[2022-06-27 02:16:12,751] {processor.py:641} INFO - Processing file /home/airflow/.local/lib/python3.7/site-packages/airflow/example_dags/example_complex.py for tasks to queue
[2022-06-27 02:16:12,752] {logging_mixin.py:115} INFO - [2022-06-27 02:16:12,752] {dagbag.py:507} INFO - Filling up the DagBag from /home/airflow/.local/lib/python3.7/site-packages/airflow/example_dags/example_complex.py
[2022-06-27 02:16:12,776] {processor.py:651} INFO - DAG(s) dict_keys(['example_complex']) retrieved from /home/airflow/.local/lib/python3.7/site-packages/airflow/example_dags/example_complex.py
[2022-06-27 02:16:12,825] {logging_mixin.py:115} INFO - [2022-06-27 02:16:12,824] {dag.py:2371} INFO - Sync 1 DAGs
[2022-06-27 02:16:12,863] {logging_mixin.py:115} INFO - [2022-06-27 02:16:12,863] {dag.py:2919} INFO - Setting next_dagrun for example_complex to None, run_after=None
[2022-06-27 02:16:12,888] {processor.py:161} INFO - Processing /home/airflow/.local/lib/python3.7/site-packages/airflow/example_dags/example_complex.py took 0.145 seconds
[2022-06-27 02:16:43,615] {processor.py:153} INFO - Started process (PID=10181) to work on /home/airflow/.local/lib/python3.7/site-packages/airflow/example_dags/example_complex.py
[2022-06-27 02:16:43,616] {processor.py:641} INFO - Processing file /home/airflow/.local/lib/python3.7/site-packages/airflow/example_dags/example_complex.py for tasks to queue
[2022-06-27 02:16:43,618] {logging_mixin.py:115} INFO - [2022-06-27 02:16:43,618] {dagbag.py:507} INFO - Filling up the DagBag from /home/airflow/.local/lib/python3.7/site-packages/airflow/example_dags/example_complex.py
[2022-06-27 02:16:43,650] {processor.py:651} INFO - DAG(s) dict_keys(['example_complex']) retrieved from /home/airflow/.local/lib/python3.7/site-packages/airflow/example_dags/example_complex.py
[2022-06-27 02:16:43,727] {logging_mixin.py:115} INFO - [2022-06-27 02:16:43,727] {dag.py:2371} INFO - Sync 1 DAGs
[2022-06-27 02:16:43,774] {logging_mixin.py:115} INFO - [2022-06-27 02:16:43,774] {dag.py:2919} INFO - Setting next_dagrun for example_complex to None, run_after=None
[2022-06-27 02:16:43,803] {processor.py:161} INFO - Processing /home/airflow/.local/lib/python3.7/site-packages/airflow/example_dags/example_complex.py took 0.193 seconds
[2022-06-27 02:17:14,513] {processor.py:153} INFO - Started process (PID=10235) to work on /home/airflow/.local/lib/python3.7/site-packages/airflow/example_dags/example_complex.py
[2022-06-27 02:17:14,514] {processor.py:641} INFO - Processing file /home/airflow/.local/lib/python3.7/site-packages/airflow/example_dags/example_complex.py for tasks to queue
[2022-06-27 02:17:14,516] {logging_mixin.py:115} INFO - [2022-06-27 02:17:14,516] {dagbag.py:507} INFO - Filling up the DagBag from /home/airflow/.local/lib/python3.7/site-packages/airflow/example_dags/example_complex.py
[2022-06-27 02:17:14,540] {processor.py:651} INFO - DAG(s) dict_keys(['example_complex']) retrieved from /home/airflow/.local/lib/python3.7/site-packages/airflow/example_dags/example_complex.py
[2022-06-27 02:17:14,603] {logging_mixin.py:115} INFO - [2022-06-27 02:17:14,603] {dag.py:2371} INFO - Sync 1 DAGs
[2022-06-27 02:17:14,643] {logging_mixin.py:115} INFO - [2022-06-27 02:17:14,643] {dag.py:2919} INFO - Setting next_dagrun for example_complex to None, run_after=None
[2022-06-27 02:17:14,668] {processor.py:161} INFO - Processing /home/airflow/.local/lib/python3.7/site-packages/airflow/example_dags/example_complex.py took 0.161 seconds
[2022-06-27 02:17:45,190] {processor.py:153} INFO - Started process (PID=10298) to work on /home/airflow/.local/lib/python3.7/site-packages/airflow/example_dags/example_complex.py
[2022-06-27 02:17:45,191] {processor.py:641} INFO - Processing file /home/airflow/.local/lib/python3.7/site-packages/airflow/example_dags/example_complex.py for tasks to queue
[2022-06-27 02:17:45,193] {logging_mixin.py:115} INFO - [2022-06-27 02:17:45,193] {dagbag.py:507} INFO - Filling up the DagBag from /home/airflow/.local/lib/python3.7/site-packages/airflow/example_dags/example_complex.py
[2022-06-27 02:17:45,218] {processor.py:651} INFO - DAG(s) dict_keys(['example_complex']) retrieved from /home/airflow/.local/lib/python3.7/site-packages/airflow/example_dags/example_complex.py
[2022-06-27 02:17:45,268] {logging_mixin.py:115} INFO - [2022-06-27 02:17:45,268] {dag.py:2371} INFO - Sync 1 DAGs
[2022-06-27 02:17:45,305] {logging_mixin.py:115} INFO - [2022-06-27 02:17:45,305] {dag.py:2919} INFO - Setting next_dagrun for example_complex to None, run_after=None
[2022-06-27 02:17:45,328] {processor.py:161} INFO - Processing /home/airflow/.local/lib/python3.7/site-packages/airflow/example_dags/example_complex.py took 0.143 seconds
[2022-06-27 02:18:16,123] {processor.py:153} INFO - Started process (PID=10352) to work on /home/airflow/.local/lib/python3.7/site-packages/airflow/example_dags/example_complex.py
[2022-06-27 02:18:16,124] {processor.py:641} INFO - Processing file /home/airflow/.local/lib/python3.7/site-packages/airflow/example_dags/example_complex.py for tasks to queue
[2022-06-27 02:18:16,126] {logging_mixin.py:115} INFO - [2022-06-27 02:18:16,126] {dagbag.py:507} INFO - Filling up the DagBag from /home/airflow/.local/lib/python3.7/site-packages/airflow/example_dags/example_complex.py
[2022-06-27 02:18:16,154] {processor.py:651} INFO - DAG(s) dict_keys(['example_complex']) retrieved from /home/airflow/.local/lib/python3.7/site-packages/airflow/example_dags/example_complex.py
[2022-06-27 02:18:16,227] {logging_mixin.py:115} INFO - [2022-06-27 02:18:16,227] {dag.py:2371} INFO - Sync 1 DAGs
[2022-06-27 02:18:16,272] {logging_mixin.py:115} INFO - [2022-06-27 02:18:16,272] {dag.py:2919} INFO - Setting next_dagrun for example_complex to None, run_after=None
[2022-06-27 02:18:16,293] {processor.py:161} INFO - Processing /home/airflow/.local/lib/python3.7/site-packages/airflow/example_dags/example_complex.py took 0.176 seconds
[2022-06-27 02:18:46,629] {processor.py:153} INFO - Started process (PID=10415) to work on /home/airflow/.local/lib/python3.7/site-packages/airflow/example_dags/example_complex.py
[2022-06-27 02:18:46,630] {processor.py:641} INFO - Processing file /home/airflow/.local/lib/python3.7/site-packages/airflow/example_dags/example_complex.py for tasks to queue
[2022-06-27 02:18:46,632] {logging_mixin.py:115} INFO - [2022-06-27 02:18:46,632] {dagbag.py:507} INFO - Filling up the DagBag from /home/airflow/.local/lib/python3.7/site-packages/airflow/example_dags/example_complex.py
[2022-06-27 02:18:46,663] {processor.py:651} INFO - DAG(s) dict_keys(['example_complex']) retrieved from /home/airflow/.local/lib/python3.7/site-packages/airflow/example_dags/example_complex.py
[2022-06-27 02:18:46,714] {logging_mixin.py:115} INFO - [2022-06-27 02:18:46,714] {dag.py:2371} INFO - Sync 1 DAGs
[2022-06-27 02:18:46,750] {logging_mixin.py:115} INFO - [2022-06-27 02:18:46,749] {dag.py:2919} INFO - Setting next_dagrun for example_complex to None, run_after=None
[2022-06-27 02:18:46,778] {processor.py:161} INFO - Processing /home/airflow/.local/lib/python3.7/site-packages/airflow/example_dags/example_complex.py took 0.154 seconds
[2022-06-27 02:19:16,998] {processor.py:153} INFO - Started process (PID=10469) to work on /home/airflow/.local/lib/python3.7/site-packages/airflow/example_dags/example_complex.py
[2022-06-27 02:19:17,000] {processor.py:641} INFO - Processing file /home/airflow/.local/lib/python3.7/site-packages/airflow/example_dags/example_complex.py for tasks to queue
[2022-06-27 02:19:17,002] {logging_mixin.py:115} INFO - [2022-06-27 02:19:17,002] {dagbag.py:507} INFO - Filling up the DagBag from /home/airflow/.local/lib/python3.7/site-packages/airflow/example_dags/example_complex.py
[2022-06-27 02:19:17,029] {processor.py:651} INFO - DAG(s) dict_keys(['example_complex']) retrieved from /home/airflow/.local/lib/python3.7/site-packages/airflow/example_dags/example_complex.py
[2022-06-27 02:19:17,077] {logging_mixin.py:115} INFO - [2022-06-27 02:19:17,077] {dag.py:2371} INFO - Sync 1 DAGs
[2022-06-27 02:19:17,131] {logging_mixin.py:115} INFO - [2022-06-27 02:19:17,131] {dag.py:2919} INFO - Setting next_dagrun for example_complex to None, run_after=None
[2022-06-27 02:19:17,160] {processor.py:161} INFO - Processing /home/airflow/.local/lib/python3.7/site-packages/airflow/example_dags/example_complex.py took 0.168 seconds
[2022-06-27 02:19:47,239] {processor.py:153} INFO - Started process (PID=10532) to work on /home/airflow/.local/lib/python3.7/site-packages/airflow/example_dags/example_complex.py
[2022-06-27 02:19:47,241] {processor.py:641} INFO - Processing file /home/airflow/.local/lib/python3.7/site-packages/airflow/example_dags/example_complex.py for tasks to queue
[2022-06-27 02:19:47,242] {logging_mixin.py:115} INFO - [2022-06-27 02:19:47,242] {dagbag.py:507} INFO - Filling up the DagBag from /home/airflow/.local/lib/python3.7/site-packages/airflow/example_dags/example_complex.py
[2022-06-27 02:19:47,272] {processor.py:651} INFO - DAG(s) dict_keys(['example_complex']) retrieved from /home/airflow/.local/lib/python3.7/site-packages/airflow/example_dags/example_complex.py
[2022-06-27 02:19:47,329] {logging_mixin.py:115} INFO - [2022-06-27 02:19:47,328] {dag.py:2371} INFO - Sync 1 DAGs
[2022-06-27 02:19:47,369] {logging_mixin.py:115} INFO - [2022-06-27 02:19:47,369] {dag.py:2919} INFO - Setting next_dagrun for example_complex to None, run_after=None
[2022-06-27 02:19:47,409] {processor.py:161} INFO - Processing /home/airflow/.local/lib/python3.7/site-packages/airflow/example_dags/example_complex.py took 0.177 seconds
[2022-06-27 02:20:18,082] {processor.py:153} INFO - Started process (PID=10586) to work on /home/airflow/.local/lib/python3.7/site-packages/airflow/example_dags/example_complex.py
[2022-06-27 02:20:18,084] {processor.py:641} INFO - Processing file /home/airflow/.local/lib/python3.7/site-packages/airflow/example_dags/example_complex.py for tasks to queue
[2022-06-27 02:20:18,087] {logging_mixin.py:115} INFO - [2022-06-27 02:20:18,086] {dagbag.py:507} INFO - Filling up the DagBag from /home/airflow/.local/lib/python3.7/site-packages/airflow/example_dags/example_complex.py
[2022-06-27 02:20:18,121] {processor.py:651} INFO - DAG(s) dict_keys(['example_complex']) retrieved from /home/airflow/.local/lib/python3.7/site-packages/airflow/example_dags/example_complex.py
[2022-06-27 02:20:18,219] {logging_mixin.py:115} INFO - [2022-06-27 02:20:18,219] {dag.py:2371} INFO - Sync 1 DAGs
[2022-06-27 02:20:18,260] {logging_mixin.py:115} INFO - [2022-06-27 02:20:18,260] {dag.py:2919} INFO - Setting next_dagrun for example_complex to None, run_after=None
[2022-06-27 02:20:18,290] {processor.py:161} INFO - Processing /home/airflow/.local/lib/python3.7/site-packages/airflow/example_dags/example_complex.py took 0.213 seconds
[2022-06-27 02:20:48,698] {processor.py:153} INFO - Started process (PID=10648) to work on /home/airflow/.local/lib/python3.7/site-packages/airflow/example_dags/example_complex.py
[2022-06-27 02:20:48,700] {processor.py:641} INFO - Processing file /home/airflow/.local/lib/python3.7/site-packages/airflow/example_dags/example_complex.py for tasks to queue
[2022-06-27 02:20:48,701] {logging_mixin.py:115} INFO - [2022-06-27 02:20:48,701] {dagbag.py:507} INFO - Filling up the DagBag from /home/airflow/.local/lib/python3.7/site-packages/airflow/example_dags/example_complex.py
[2022-06-27 02:20:48,740] {processor.py:651} INFO - DAG(s) dict_keys(['example_complex']) retrieved from /home/airflow/.local/lib/python3.7/site-packages/airflow/example_dags/example_complex.py
[2022-06-27 02:20:48,814] {logging_mixin.py:115} INFO - [2022-06-27 02:20:48,813] {dag.py:2371} INFO - Sync 1 DAGs
[2022-06-27 02:20:48,868] {logging_mixin.py:115} INFO - [2022-06-27 02:20:48,867] {dag.py:2919} INFO - Setting next_dagrun for example_complex to None, run_after=None
[2022-06-27 02:20:48,900] {processor.py:161} INFO - Processing /home/airflow/.local/lib/python3.7/site-packages/airflow/example_dags/example_complex.py took 0.208 seconds
[2022-06-27 02:21:19,115] {processor.py:153} INFO - Started process (PID=10704) to work on /home/airflow/.local/lib/python3.7/site-packages/airflow/example_dags/example_complex.py
[2022-06-27 02:21:19,116] {processor.py:641} INFO - Processing file /home/airflow/.local/lib/python3.7/site-packages/airflow/example_dags/example_complex.py for tasks to queue
[2022-06-27 02:21:19,118] {logging_mixin.py:115} INFO - [2022-06-27 02:21:19,118] {dagbag.py:507} INFO - Filling up the DagBag from /home/airflow/.local/lib/python3.7/site-packages/airflow/example_dags/example_complex.py
[2022-06-27 02:21:19,143] {processor.py:651} INFO - DAG(s) dict_keys(['example_complex']) retrieved from /home/airflow/.local/lib/python3.7/site-packages/airflow/example_dags/example_complex.py
[2022-06-27 02:21:19,203] {logging_mixin.py:115} INFO - [2022-06-27 02:21:19,202] {dag.py:2371} INFO - Sync 1 DAGs
[2022-06-27 02:21:19,244] {logging_mixin.py:115} INFO - [2022-06-27 02:21:19,244] {dag.py:2919} INFO - Setting next_dagrun for example_complex to None, run_after=None
[2022-06-27 02:21:19,267] {processor.py:161} INFO - Processing /home/airflow/.local/lib/python3.7/site-packages/airflow/example_dags/example_complex.py took 0.157 seconds
[2022-06-27 02:21:49,931] {processor.py:153} INFO - Started process (PID=10758) to work on /home/airflow/.local/lib/python3.7/site-packages/airflow/example_dags/example_complex.py
[2022-06-27 02:21:49,932] {processor.py:641} INFO - Processing file /home/airflow/.local/lib/python3.7/site-packages/airflow/example_dags/example_complex.py for tasks to queue
[2022-06-27 02:21:49,934] {logging_mixin.py:115} INFO - [2022-06-27 02:21:49,934] {dagbag.py:507} INFO - Filling up the DagBag from /home/airflow/.local/lib/python3.7/site-packages/airflow/example_dags/example_complex.py
[2022-06-27 02:21:49,961] {processor.py:651} INFO - DAG(s) dict_keys(['example_complex']) retrieved from /home/airflow/.local/lib/python3.7/site-packages/airflow/example_dags/example_complex.py
[2022-06-27 02:21:50,014] {logging_mixin.py:115} INFO - [2022-06-27 02:21:50,013] {dag.py:2371} INFO - Sync 1 DAGs
[2022-06-27 02:21:50,050] {logging_mixin.py:115} INFO - [2022-06-27 02:21:50,050] {dag.py:2919} INFO - Setting next_dagrun for example_complex to None, run_after=None
[2022-06-27 02:21:50,084] {processor.py:161} INFO - Processing /home/airflow/.local/lib/python3.7/site-packages/airflow/example_dags/example_complex.py took 0.158 seconds
[2022-06-27 02:22:20,337] {processor.py:153} INFO - Started process (PID=10821) to work on /home/airflow/.local/lib/python3.7/site-packages/airflow/example_dags/example_complex.py
[2022-06-27 02:22:20,339] {processor.py:641} INFO - Processing file /home/airflow/.local/lib/python3.7/site-packages/airflow/example_dags/example_complex.py for tasks to queue
[2022-06-27 02:22:20,340] {logging_mixin.py:115} INFO - [2022-06-27 02:22:20,340] {dagbag.py:507} INFO - Filling up the DagBag from /home/airflow/.local/lib/python3.7/site-packages/airflow/example_dags/example_complex.py
[2022-06-27 02:22:20,367] {processor.py:651} INFO - DAG(s) dict_keys(['example_complex']) retrieved from /home/airflow/.local/lib/python3.7/site-packages/airflow/example_dags/example_complex.py
[2022-06-27 02:22:20,425] {logging_mixin.py:115} INFO - [2022-06-27 02:22:20,425] {dag.py:2371} INFO - Sync 1 DAGs
[2022-06-27 02:22:20,475] {logging_mixin.py:115} INFO - [2022-06-27 02:22:20,475] {dag.py:2919} INFO - Setting next_dagrun for example_complex to None, run_after=None
[2022-06-27 02:22:20,499] {processor.py:161} INFO - Processing /home/airflow/.local/lib/python3.7/site-packages/airflow/example_dags/example_complex.py took 0.166 seconds
[2022-06-27 02:22:50,893] {processor.py:153} INFO - Started process (PID=10875) to work on /home/airflow/.local/lib/python3.7/site-packages/airflow/example_dags/example_complex.py
[2022-06-27 02:22:50,895] {processor.py:641} INFO - Processing file /home/airflow/.local/lib/python3.7/site-packages/airflow/example_dags/example_complex.py for tasks to queue
[2022-06-27 02:22:50,896] {logging_mixin.py:115} INFO - [2022-06-27 02:22:50,896] {dagbag.py:507} INFO - Filling up the DagBag from /home/airflow/.local/lib/python3.7/site-packages/airflow/example_dags/example_complex.py
[2022-06-27 02:22:50,922] {processor.py:651} INFO - DAG(s) dict_keys(['example_complex']) retrieved from /home/airflow/.local/lib/python3.7/site-packages/airflow/example_dags/example_complex.py
[2022-06-27 02:22:50,979] {logging_mixin.py:115} INFO - [2022-06-27 02:22:50,979] {dag.py:2371} INFO - Sync 1 DAGs
[2022-06-27 02:22:51,018] {logging_mixin.py:115} INFO - [2022-06-27 02:22:51,018] {dag.py:2919} INFO - Setting next_dagrun for example_complex to None, run_after=None
[2022-06-27 02:22:51,043] {processor.py:161} INFO - Processing /home/airflow/.local/lib/python3.7/site-packages/airflow/example_dags/example_complex.py took 0.155 seconds
[2022-06-27 02:23:21,334] {processor.py:153} INFO - Started process (PID=10937) to work on /home/airflow/.local/lib/python3.7/site-packages/airflow/example_dags/example_complex.py
[2022-06-27 02:23:21,337] {processor.py:641} INFO - Processing file /home/airflow/.local/lib/python3.7/site-packages/airflow/example_dags/example_complex.py for tasks to queue
[2022-06-27 02:23:21,340] {logging_mixin.py:115} INFO - [2022-06-27 02:23:21,339] {dagbag.py:507} INFO - Filling up the DagBag from /home/airflow/.local/lib/python3.7/site-packages/airflow/example_dags/example_complex.py
[2022-06-27 02:23:21,388] {processor.py:651} INFO - DAG(s) dict_keys(['example_complex']) retrieved from /home/airflow/.local/lib/python3.7/site-packages/airflow/example_dags/example_complex.py
[2022-06-27 02:23:21,450] {logging_mixin.py:115} INFO - [2022-06-27 02:23:21,450] {dag.py:2371} INFO - Sync 1 DAGs
[2022-06-27 02:23:21,490] {logging_mixin.py:115} INFO - [2022-06-27 02:23:21,490] {dag.py:2919} INFO - Setting next_dagrun for example_complex to None, run_after=None
[2022-06-27 02:23:21,521] {processor.py:161} INFO - Processing /home/airflow/.local/lib/python3.7/site-packages/airflow/example_dags/example_complex.py took 0.207 seconds
[2022-06-27 02:23:51,685] {processor.py:153} INFO - Started process (PID=10990) to work on /home/airflow/.local/lib/python3.7/site-packages/airflow/example_dags/example_complex.py
[2022-06-27 02:23:51,687] {processor.py:641} INFO - Processing file /home/airflow/.local/lib/python3.7/site-packages/airflow/example_dags/example_complex.py for tasks to queue
[2022-06-27 02:23:51,688] {logging_mixin.py:115} INFO - [2022-06-27 02:23:51,688] {dagbag.py:507} INFO - Filling up the DagBag from /home/airflow/.local/lib/python3.7/site-packages/airflow/example_dags/example_complex.py
[2022-06-27 02:23:51,710] {processor.py:651} INFO - DAG(s) dict_keys(['example_complex']) retrieved from /home/airflow/.local/lib/python3.7/site-packages/airflow/example_dags/example_complex.py
[2022-06-27 02:23:51,756] {logging_mixin.py:115} INFO - [2022-06-27 02:23:51,756] {dag.py:2371} INFO - Sync 1 DAGs
[2022-06-27 02:23:51,809] {logging_mixin.py:115} INFO - [2022-06-27 02:23:51,808] {dag.py:2919} INFO - Setting next_dagrun for example_complex to None, run_after=None
[2022-06-27 02:23:51,841] {processor.py:161} INFO - Processing /home/airflow/.local/lib/python3.7/site-packages/airflow/example_dags/example_complex.py took 0.162 seconds
[2022-06-27 02:24:22,579] {processor.py:153} INFO - Started process (PID=11053) to work on /home/airflow/.local/lib/python3.7/site-packages/airflow/example_dags/example_complex.py
[2022-06-27 02:24:22,581] {processor.py:641} INFO - Processing file /home/airflow/.local/lib/python3.7/site-packages/airflow/example_dags/example_complex.py for tasks to queue
[2022-06-27 02:24:22,583] {logging_mixin.py:115} INFO - [2022-06-27 02:24:22,583] {dagbag.py:507} INFO - Filling up the DagBag from /home/airflow/.local/lib/python3.7/site-packages/airflow/example_dags/example_complex.py
[2022-06-27 02:24:22,614] {processor.py:651} INFO - DAG(s) dict_keys(['example_complex']) retrieved from /home/airflow/.local/lib/python3.7/site-packages/airflow/example_dags/example_complex.py
[2022-06-27 02:24:22,662] {logging_mixin.py:115} INFO - [2022-06-27 02:24:22,662] {dag.py:2371} INFO - Sync 1 DAGs
[2022-06-27 02:24:22,699] {logging_mixin.py:115} INFO - [2022-06-27 02:24:22,699] {dag.py:2919} INFO - Setting next_dagrun for example_complex to None, run_after=None
[2022-06-27 02:24:22,724] {processor.py:161} INFO - Processing /home/airflow/.local/lib/python3.7/site-packages/airflow/example_dags/example_complex.py took 0.153 seconds
