[2022-06-27 02:14:11,182] {processor.py:153} INFO - Started process (PID=9897) to work on /home/airflow/.local/lib/python3.7/site-packages/airflow/example_dags/example_latest_only_with_trigger.py
[2022-06-27 02:14:11,184] {processor.py:641} INFO - Processing file /home/airflow/.local/lib/python3.7/site-packages/airflow/example_dags/example_latest_only_with_trigger.py for tasks to queue
[2022-06-27 02:14:11,186] {logging_mixin.py:115} INFO - [2022-06-27 02:14:11,186] {dagbag.py:507} INFO - Filling up the DagBag from /home/airflow/.local/lib/python3.7/site-packages/airflow/example_dags/example_latest_only_with_trigger.py
[2022-06-27 02:14:11,211] {processor.py:651} INFO - DAG(s) dict_keys(['latest_only_with_trigger']) retrieved from /home/airflow/.local/lib/python3.7/site-packages/airflow/example_dags/example_latest_only_with_trigger.py
[2022-06-27 02:14:11,309] {logging_mixin.py:115} INFO - [2022-06-27 02:14:11,308] {dag.py:2371} INFO - Sync 1 DAGs
[2022-06-27 02:14:11,401] {logging_mixin.py:115} INFO - [2022-06-27 02:14:11,400] {dag.py:2919} INFO - Setting next_dagrun for latest_only_with_trigger to 2022-06-26T22:14:11.400258+00:00, run_after=2022-06-27T02:14:11.400258+00:00
[2022-06-27 02:14:11,449] {processor.py:161} INFO - Processing /home/airflow/.local/lib/python3.7/site-packages/airflow/example_dags/example_latest_only_with_trigger.py took 0.280 seconds
[2022-06-27 02:14:41,648] {processor.py:153} INFO - Started process (PID=9951) to work on /home/airflow/.local/lib/python3.7/site-packages/airflow/example_dags/example_latest_only_with_trigger.py
[2022-06-27 02:14:41,650] {processor.py:641} INFO - Processing file /home/airflow/.local/lib/python3.7/site-packages/airflow/example_dags/example_latest_only_with_trigger.py for tasks to queue
[2022-06-27 02:14:41,652] {logging_mixin.py:115} INFO - [2022-06-27 02:14:41,652] {dagbag.py:507} INFO - Filling up the DagBag from /home/airflow/.local/lib/python3.7/site-packages/airflow/example_dags/example_latest_only_with_trigger.py
[2022-06-27 02:14:41,665] {processor.py:651} INFO - DAG(s) dict_keys(['latest_only_with_trigger']) retrieved from /home/airflow/.local/lib/python3.7/site-packages/airflow/example_dags/example_latest_only_with_trigger.py
[2022-06-27 02:14:41,729] {logging_mixin.py:115} INFO - [2022-06-27 02:14:41,729] {dag.py:2371} INFO - Sync 1 DAGs
[2022-06-27 02:14:41,761] {logging_mixin.py:115} INFO - [2022-06-27 02:14:41,761] {dag.py:2919} INFO - Setting next_dagrun for latest_only_with_trigger to 2022-06-26T22:14:41.761102+00:00, run_after=2022-06-27T02:14:41.761102+00:00
[2022-06-27 02:14:41,784] {processor.py:161} INFO - Processing /home/airflow/.local/lib/python3.7/site-packages/airflow/example_dags/example_latest_only_with_trigger.py took 0.143 seconds
[2022-06-27 02:15:11,949] {processor.py:153} INFO - Started process (PID=10005) to work on /home/airflow/.local/lib/python3.7/site-packages/airflow/example_dags/example_latest_only_with_trigger.py
[2022-06-27 02:15:11,950] {processor.py:641} INFO - Processing file /home/airflow/.local/lib/python3.7/site-packages/airflow/example_dags/example_latest_only_with_trigger.py for tasks to queue
[2022-06-27 02:15:11,952] {logging_mixin.py:115} INFO - [2022-06-27 02:15:11,952] {dagbag.py:507} INFO - Filling up the DagBag from /home/airflow/.local/lib/python3.7/site-packages/airflow/example_dags/example_latest_only_with_trigger.py
[2022-06-27 02:15:11,964] {processor.py:651} INFO - DAG(s) dict_keys(['latest_only_with_trigger']) retrieved from /home/airflow/.local/lib/python3.7/site-packages/airflow/example_dags/example_latest_only_with_trigger.py
[2022-06-27 02:15:12,014] {logging_mixin.py:115} INFO - [2022-06-27 02:15:12,014] {dag.py:2371} INFO - Sync 1 DAGs
[2022-06-27 02:15:12,054] {logging_mixin.py:115} INFO - [2022-06-27 02:15:12,054] {dag.py:2919} INFO - Setting next_dagrun for latest_only_with_trigger to 2022-06-26T22:15:12.054022+00:00, run_after=2022-06-27T02:15:12.054022+00:00
[2022-06-27 02:15:12,088] {processor.py:161} INFO - Processing /home/airflow/.local/lib/python3.7/site-packages/airflow/example_dags/example_latest_only_with_trigger.py took 0.145 seconds
[2022-06-27 02:15:42,576] {processor.py:153} INFO - Started process (PID=10068) to work on /home/airflow/.local/lib/python3.7/site-packages/airflow/example_dags/example_latest_only_with_trigger.py
[2022-06-27 02:15:42,577] {processor.py:641} INFO - Processing file /home/airflow/.local/lib/python3.7/site-packages/airflow/example_dags/example_latest_only_with_trigger.py for tasks to queue
[2022-06-27 02:15:42,579] {logging_mixin.py:115} INFO - [2022-06-27 02:15:42,578] {dagbag.py:507} INFO - Filling up the DagBag from /home/airflow/.local/lib/python3.7/site-packages/airflow/example_dags/example_latest_only_with_trigger.py
[2022-06-27 02:15:42,589] {processor.py:651} INFO - DAG(s) dict_keys(['latest_only_with_trigger']) retrieved from /home/airflow/.local/lib/python3.7/site-packages/airflow/example_dags/example_latest_only_with_trigger.py
[2022-06-27 02:15:42,635] {logging_mixin.py:115} INFO - [2022-06-27 02:15:42,635] {dag.py:2371} INFO - Sync 1 DAGs
[2022-06-27 02:15:42,673] {logging_mixin.py:115} INFO - [2022-06-27 02:15:42,673] {dag.py:2919} INFO - Setting next_dagrun for latest_only_with_trigger to 2022-06-26T22:15:42.672847+00:00, run_after=2022-06-27T02:15:42.672847+00:00
[2022-06-27 02:15:42,695] {processor.py:161} INFO - Processing /home/airflow/.local/lib/python3.7/site-packages/airflow/example_dags/example_latest_only_with_trigger.py took 0.124 seconds
[2022-06-27 02:16:13,068] {processor.py:153} INFO - Started process (PID=10122) to work on /home/airflow/.local/lib/python3.7/site-packages/airflow/example_dags/example_latest_only_with_trigger.py
[2022-06-27 02:16:13,069] {processor.py:641} INFO - Processing file /home/airflow/.local/lib/python3.7/site-packages/airflow/example_dags/example_latest_only_with_trigger.py for tasks to queue
[2022-06-27 02:16:13,070] {logging_mixin.py:115} INFO - [2022-06-27 02:16:13,070] {dagbag.py:507} INFO - Filling up the DagBag from /home/airflow/.local/lib/python3.7/site-packages/airflow/example_dags/example_latest_only_with_trigger.py
[2022-06-27 02:16:13,079] {processor.py:651} INFO - DAG(s) dict_keys(['latest_only_with_trigger']) retrieved from /home/airflow/.local/lib/python3.7/site-packages/airflow/example_dags/example_latest_only_with_trigger.py
[2022-06-27 02:16:13,124] {logging_mixin.py:115} INFO - [2022-06-27 02:16:13,124] {dag.py:2371} INFO - Sync 1 DAGs
[2022-06-27 02:16:13,155] {logging_mixin.py:115} INFO - [2022-06-27 02:16:13,155] {dag.py:2919} INFO - Setting next_dagrun for latest_only_with_trigger to 2022-06-26T22:16:13.155195+00:00, run_after=2022-06-27T02:16:13.155195+00:00
[2022-06-27 02:16:13,177] {processor.py:161} INFO - Processing /home/airflow/.local/lib/python3.7/site-packages/airflow/example_dags/example_latest_only_with_trigger.py took 0.114 seconds
[2022-06-27 02:16:43,987] {processor.py:153} INFO - Started process (PID=10185) to work on /home/airflow/.local/lib/python3.7/site-packages/airflow/example_dags/example_latest_only_with_trigger.py
[2022-06-27 02:16:43,989] {processor.py:641} INFO - Processing file /home/airflow/.local/lib/python3.7/site-packages/airflow/example_dags/example_latest_only_with_trigger.py for tasks to queue
[2022-06-27 02:16:43,991] {logging_mixin.py:115} INFO - [2022-06-27 02:16:43,991] {dagbag.py:507} INFO - Filling up the DagBag from /home/airflow/.local/lib/python3.7/site-packages/airflow/example_dags/example_latest_only_with_trigger.py
[2022-06-27 02:16:44,003] {processor.py:651} INFO - DAG(s) dict_keys(['latest_only_with_trigger']) retrieved from /home/airflow/.local/lib/python3.7/site-packages/airflow/example_dags/example_latest_only_with_trigger.py
[2022-06-27 02:16:44,052] {logging_mixin.py:115} INFO - [2022-06-27 02:16:44,051] {dag.py:2371} INFO - Sync 1 DAGs
[2022-06-27 02:16:44,093] {logging_mixin.py:115} INFO - [2022-06-27 02:16:44,093] {dag.py:2919} INFO - Setting next_dagrun for latest_only_with_trigger to 2022-06-26T22:16:44.093045+00:00, run_after=2022-06-27T02:16:44.093045+00:00
[2022-06-27 02:16:44,117] {processor.py:161} INFO - Processing /home/airflow/.local/lib/python3.7/site-packages/airflow/example_dags/example_latest_only_with_trigger.py took 0.138 seconds
[2022-06-27 02:17:14,878] {processor.py:153} INFO - Started process (PID=10239) to work on /home/airflow/.local/lib/python3.7/site-packages/airflow/example_dags/example_latest_only_with_trigger.py
[2022-06-27 02:17:14,879] {processor.py:641} INFO - Processing file /home/airflow/.local/lib/python3.7/site-packages/airflow/example_dags/example_latest_only_with_trigger.py for tasks to queue
[2022-06-27 02:17:14,880] {logging_mixin.py:115} INFO - [2022-06-27 02:17:14,880] {dagbag.py:507} INFO - Filling up the DagBag from /home/airflow/.local/lib/python3.7/site-packages/airflow/example_dags/example_latest_only_with_trigger.py
[2022-06-27 02:17:14,890] {processor.py:651} INFO - DAG(s) dict_keys(['latest_only_with_trigger']) retrieved from /home/airflow/.local/lib/python3.7/site-packages/airflow/example_dags/example_latest_only_with_trigger.py
[2022-06-27 02:17:14,932] {logging_mixin.py:115} INFO - [2022-06-27 02:17:14,931] {dag.py:2371} INFO - Sync 1 DAGs
[2022-06-27 02:17:14,969] {logging_mixin.py:115} INFO - [2022-06-27 02:17:14,969] {dag.py:2919} INFO - Setting next_dagrun for latest_only_with_trigger to 2022-06-26T22:17:14.969021+00:00, run_after=2022-06-27T02:17:14.969021+00:00
[2022-06-27 02:17:15,027] {processor.py:161} INFO - Processing /home/airflow/.local/lib/python3.7/site-packages/airflow/example_dags/example_latest_only_with_trigger.py took 0.155 seconds
[2022-06-27 02:17:45,534] {processor.py:153} INFO - Started process (PID=10302) to work on /home/airflow/.local/lib/python3.7/site-packages/airflow/example_dags/example_latest_only_with_trigger.py
[2022-06-27 02:17:45,535] {processor.py:641} INFO - Processing file /home/airflow/.local/lib/python3.7/site-packages/airflow/example_dags/example_latest_only_with_trigger.py for tasks to queue
[2022-06-27 02:17:45,537] {logging_mixin.py:115} INFO - [2022-06-27 02:17:45,536] {dagbag.py:507} INFO - Filling up the DagBag from /home/airflow/.local/lib/python3.7/site-packages/airflow/example_dags/example_latest_only_with_trigger.py
[2022-06-27 02:17:45,550] {processor.py:651} INFO - DAG(s) dict_keys(['latest_only_with_trigger']) retrieved from /home/airflow/.local/lib/python3.7/site-packages/airflow/example_dags/example_latest_only_with_trigger.py
[2022-06-27 02:17:45,603] {logging_mixin.py:115} INFO - [2022-06-27 02:17:45,603] {dag.py:2371} INFO - Sync 1 DAGs
[2022-06-27 02:17:45,644] {logging_mixin.py:115} INFO - [2022-06-27 02:17:45,644] {dag.py:2919} INFO - Setting next_dagrun for latest_only_with_trigger to 2022-06-26T22:17:45.644056+00:00, run_after=2022-06-27T02:17:45.644056+00:00
[2022-06-27 02:17:45,666] {processor.py:161} INFO - Processing /home/airflow/.local/lib/python3.7/site-packages/airflow/example_dags/example_latest_only_with_trigger.py took 0.137 seconds
[2022-06-27 02:18:16,536] {processor.py:153} INFO - Started process (PID=10356) to work on /home/airflow/.local/lib/python3.7/site-packages/airflow/example_dags/example_latest_only_with_trigger.py
[2022-06-27 02:18:16,537] {processor.py:641} INFO - Processing file /home/airflow/.local/lib/python3.7/site-packages/airflow/example_dags/example_latest_only_with_trigger.py for tasks to queue
[2022-06-27 02:18:16,539] {logging_mixin.py:115} INFO - [2022-06-27 02:18:16,539] {dagbag.py:507} INFO - Filling up the DagBag from /home/airflow/.local/lib/python3.7/site-packages/airflow/example_dags/example_latest_only_with_trigger.py
[2022-06-27 02:18:16,553] {processor.py:651} INFO - DAG(s) dict_keys(['latest_only_with_trigger']) retrieved from /home/airflow/.local/lib/python3.7/site-packages/airflow/example_dags/example_latest_only_with_trigger.py
[2022-06-27 02:18:16,609] {logging_mixin.py:115} INFO - [2022-06-27 02:18:16,608] {dag.py:2371} INFO - Sync 1 DAGs
[2022-06-27 02:18:16,666] {logging_mixin.py:115} INFO - [2022-06-27 02:18:16,666] {dag.py:2919} INFO - Setting next_dagrun for latest_only_with_trigger to 2022-06-26T22:18:16.665589+00:00, run_after=2022-06-27T02:18:16.665589+00:00
[2022-06-27 02:18:16,699] {processor.py:161} INFO - Processing /home/airflow/.local/lib/python3.7/site-packages/airflow/example_dags/example_latest_only_with_trigger.py took 0.170 seconds
[2022-06-27 02:18:46,814] {processor.py:153} INFO - Started process (PID=10418) to work on /home/airflow/.local/lib/python3.7/site-packages/airflow/example_dags/example_latest_only_with_trigger.py
[2022-06-27 02:18:46,815] {processor.py:641} INFO - Processing file /home/airflow/.local/lib/python3.7/site-packages/airflow/example_dags/example_latest_only_with_trigger.py for tasks to queue
[2022-06-27 02:18:46,817] {logging_mixin.py:115} INFO - [2022-06-27 02:18:46,817] {dagbag.py:507} INFO - Filling up the DagBag from /home/airflow/.local/lib/python3.7/site-packages/airflow/example_dags/example_latest_only_with_trigger.py
[2022-06-27 02:18:46,833] {processor.py:651} INFO - DAG(s) dict_keys(['latest_only_with_trigger']) retrieved from /home/airflow/.local/lib/python3.7/site-packages/airflow/example_dags/example_latest_only_with_trigger.py
[2022-06-27 02:18:46,890] {logging_mixin.py:115} INFO - [2022-06-27 02:18:46,890] {dag.py:2371} INFO - Sync 1 DAGs
[2022-06-27 02:18:46,934] {logging_mixin.py:115} INFO - [2022-06-27 02:18:46,933] {dag.py:2919} INFO - Setting next_dagrun for latest_only_with_trigger to 2022-06-26T22:18:46.933492+00:00, run_after=2022-06-27T02:18:46.933492+00:00
[2022-06-27 02:18:46,958] {processor.py:161} INFO - Processing /home/airflow/.local/lib/python3.7/site-packages/airflow/example_dags/example_latest_only_with_trigger.py took 0.150 seconds
[2022-06-27 02:19:17,197] {processor.py:153} INFO - Started process (PID=10472) to work on /home/airflow/.local/lib/python3.7/site-packages/airflow/example_dags/example_latest_only_with_trigger.py
[2022-06-27 02:19:17,199] {processor.py:641} INFO - Processing file /home/airflow/.local/lib/python3.7/site-packages/airflow/example_dags/example_latest_only_with_trigger.py for tasks to queue
[2022-06-27 02:19:17,200] {logging_mixin.py:115} INFO - [2022-06-27 02:19:17,200] {dagbag.py:507} INFO - Filling up the DagBag from /home/airflow/.local/lib/python3.7/site-packages/airflow/example_dags/example_latest_only_with_trigger.py
[2022-06-27 02:19:17,211] {processor.py:651} INFO - DAG(s) dict_keys(['latest_only_with_trigger']) retrieved from /home/airflow/.local/lib/python3.7/site-packages/airflow/example_dags/example_latest_only_with_trigger.py
[2022-06-27 02:19:17,261] {logging_mixin.py:115} INFO - [2022-06-27 02:19:17,261] {dag.py:2371} INFO - Sync 1 DAGs
[2022-06-27 02:19:17,310] {logging_mixin.py:115} INFO - [2022-06-27 02:19:17,310] {dag.py:2919} INFO - Setting next_dagrun for latest_only_with_trigger to 2022-06-26T22:19:17.310002+00:00, run_after=2022-06-27T02:19:17.310002+00:00
[2022-06-27 02:19:17,349] {processor.py:161} INFO - Processing /home/airflow/.local/lib/python3.7/site-packages/airflow/example_dags/example_latest_only_with_trigger.py took 0.157 seconds
[2022-06-27 02:19:47,449] {processor.py:153} INFO - Started process (PID=10535) to work on /home/airflow/.local/lib/python3.7/site-packages/airflow/example_dags/example_latest_only_with_trigger.py
[2022-06-27 02:19:47,450] {processor.py:641} INFO - Processing file /home/airflow/.local/lib/python3.7/site-packages/airflow/example_dags/example_latest_only_with_trigger.py for tasks to queue
[2022-06-27 02:19:47,452] {logging_mixin.py:115} INFO - [2022-06-27 02:19:47,452] {dagbag.py:507} INFO - Filling up the DagBag from /home/airflow/.local/lib/python3.7/site-packages/airflow/example_dags/example_latest_only_with_trigger.py
[2022-06-27 02:19:47,465] {processor.py:651} INFO - DAG(s) dict_keys(['latest_only_with_trigger']) retrieved from /home/airflow/.local/lib/python3.7/site-packages/airflow/example_dags/example_latest_only_with_trigger.py
[2022-06-27 02:19:47,521] {logging_mixin.py:115} INFO - [2022-06-27 02:19:47,521] {dag.py:2371} INFO - Sync 1 DAGs
[2022-06-27 02:19:47,585] {logging_mixin.py:115} INFO - [2022-06-27 02:19:47,584] {dag.py:2919} INFO - Setting next_dagrun for latest_only_with_trigger to 2022-06-26T22:19:47.584334+00:00, run_after=2022-06-27T02:19:47.584334+00:00
[2022-06-27 02:19:47,618] {processor.py:161} INFO - Processing /home/airflow/.local/lib/python3.7/site-packages/airflow/example_dags/example_latest_only_with_trigger.py took 0.174 seconds
[2022-06-27 02:20:18,322] {processor.py:153} INFO - Started process (PID=10589) to work on /home/airflow/.local/lib/python3.7/site-packages/airflow/example_dags/example_latest_only_with_trigger.py
[2022-06-27 02:20:18,324] {processor.py:641} INFO - Processing file /home/airflow/.local/lib/python3.7/site-packages/airflow/example_dags/example_latest_only_with_trigger.py for tasks to queue
[2022-06-27 02:20:18,325] {logging_mixin.py:115} INFO - [2022-06-27 02:20:18,325] {dagbag.py:507} INFO - Filling up the DagBag from /home/airflow/.local/lib/python3.7/site-packages/airflow/example_dags/example_latest_only_with_trigger.py
[2022-06-27 02:20:18,336] {processor.py:651} INFO - DAG(s) dict_keys(['latest_only_with_trigger']) retrieved from /home/airflow/.local/lib/python3.7/site-packages/airflow/example_dags/example_latest_only_with_trigger.py
[2022-06-27 02:20:18,388] {logging_mixin.py:115} INFO - [2022-06-27 02:20:18,388] {dag.py:2371} INFO - Sync 1 DAGs
[2022-06-27 02:20:18,426] {logging_mixin.py:115} INFO - [2022-06-27 02:20:18,426] {dag.py:2919} INFO - Setting next_dagrun for latest_only_with_trigger to 2022-06-26T22:20:18.425687+00:00, run_after=2022-06-27T02:20:18.425687+00:00
[2022-06-27 02:20:18,455] {processor.py:161} INFO - Processing /home/airflow/.local/lib/python3.7/site-packages/airflow/example_dags/example_latest_only_with_trigger.py took 0.138 seconds
[2022-06-27 02:20:48,936] {processor.py:153} INFO - Started process (PID=10651) to work on /home/airflow/.local/lib/python3.7/site-packages/airflow/example_dags/example_latest_only_with_trigger.py
[2022-06-27 02:20:48,938] {processor.py:641} INFO - Processing file /home/airflow/.local/lib/python3.7/site-packages/airflow/example_dags/example_latest_only_with_trigger.py for tasks to queue
[2022-06-27 02:20:48,939] {logging_mixin.py:115} INFO - [2022-06-27 02:20:48,939] {dagbag.py:507} INFO - Filling up the DagBag from /home/airflow/.local/lib/python3.7/site-packages/airflow/example_dags/example_latest_only_with_trigger.py
[2022-06-27 02:20:48,950] {processor.py:651} INFO - DAG(s) dict_keys(['latest_only_with_trigger']) retrieved from /home/airflow/.local/lib/python3.7/site-packages/airflow/example_dags/example_latest_only_with_trigger.py
[2022-06-27 02:20:48,997] {logging_mixin.py:115} INFO - [2022-06-27 02:20:48,997] {dag.py:2371} INFO - Sync 1 DAGs
[2022-06-27 02:20:49,037] {logging_mixin.py:115} INFO - [2022-06-27 02:20:49,037] {dag.py:2919} INFO - Setting next_dagrun for latest_only_with_trigger to 2022-06-26T22:20:49.036777+00:00, run_after=2022-06-27T02:20:49.036777+00:00
[2022-06-27 02:20:49,062] {processor.py:161} INFO - Processing /home/airflow/.local/lib/python3.7/site-packages/airflow/example_dags/example_latest_only_with_trigger.py took 0.133 seconds
[2022-06-27 02:21:19,302] {processor.py:153} INFO - Started process (PID=10707) to work on /home/airflow/.local/lib/python3.7/site-packages/airflow/example_dags/example_latest_only_with_trigger.py
[2022-06-27 02:21:19,303] {processor.py:641} INFO - Processing file /home/airflow/.local/lib/python3.7/site-packages/airflow/example_dags/example_latest_only_with_trigger.py for tasks to queue
[2022-06-27 02:21:19,305] {logging_mixin.py:115} INFO - [2022-06-27 02:21:19,304] {dagbag.py:507} INFO - Filling up the DagBag from /home/airflow/.local/lib/python3.7/site-packages/airflow/example_dags/example_latest_only_with_trigger.py
[2022-06-27 02:21:19,317] {processor.py:651} INFO - DAG(s) dict_keys(['latest_only_with_trigger']) retrieved from /home/airflow/.local/lib/python3.7/site-packages/airflow/example_dags/example_latest_only_with_trigger.py
[2022-06-27 02:21:19,365] {logging_mixin.py:115} INFO - [2022-06-27 02:21:19,364] {dag.py:2371} INFO - Sync 1 DAGs
[2022-06-27 02:21:19,401] {logging_mixin.py:115} INFO - [2022-06-27 02:21:19,400] {dag.py:2919} INFO - Setting next_dagrun for latest_only_with_trigger to 2022-06-26T22:21:19.400580+00:00, run_after=2022-06-27T02:21:19.400580+00:00
[2022-06-27 02:21:19,422] {processor.py:161} INFO - Processing /home/airflow/.local/lib/python3.7/site-packages/airflow/example_dags/example_latest_only_with_trigger.py took 0.125 seconds
[2022-06-27 02:21:50,309] {processor.py:153} INFO - Started process (PID=10761) to work on /home/airflow/.local/lib/python3.7/site-packages/airflow/example_dags/example_latest_only_with_trigger.py
[2022-06-27 02:21:50,311] {processor.py:641} INFO - Processing file /home/airflow/.local/lib/python3.7/site-packages/airflow/example_dags/example_latest_only_with_trigger.py for tasks to queue
[2022-06-27 02:21:50,313] {logging_mixin.py:115} INFO - [2022-06-27 02:21:50,313] {dagbag.py:507} INFO - Filling up the DagBag from /home/airflow/.local/lib/python3.7/site-packages/airflow/example_dags/example_latest_only_with_trigger.py
[2022-06-27 02:21:50,330] {processor.py:651} INFO - DAG(s) dict_keys(['latest_only_with_trigger']) retrieved from /home/airflow/.local/lib/python3.7/site-packages/airflow/example_dags/example_latest_only_with_trigger.py
[2022-06-27 02:21:50,380] {logging_mixin.py:115} INFO - [2022-06-27 02:21:50,379] {dag.py:2371} INFO - Sync 1 DAGs
[2022-06-27 02:21:50,405] {logging_mixin.py:115} INFO - [2022-06-27 02:21:50,405] {dag.py:2919} INFO - Setting next_dagrun for latest_only_with_trigger to 2022-06-26T22:21:50.405140+00:00, run_after=2022-06-27T02:21:50.405140+00:00
[2022-06-27 02:21:50,433] {processor.py:161} INFO - Processing /home/airflow/.local/lib/python3.7/site-packages/airflow/example_dags/example_latest_only_with_trigger.py took 0.134 seconds
[2022-06-27 02:22:20,535] {processor.py:153} INFO - Started process (PID=10824) to work on /home/airflow/.local/lib/python3.7/site-packages/airflow/example_dags/example_latest_only_with_trigger.py
[2022-06-27 02:22:20,537] {processor.py:641} INFO - Processing file /home/airflow/.local/lib/python3.7/site-packages/airflow/example_dags/example_latest_only_with_trigger.py for tasks to queue
[2022-06-27 02:22:20,538] {logging_mixin.py:115} INFO - [2022-06-27 02:22:20,538] {dagbag.py:507} INFO - Filling up the DagBag from /home/airflow/.local/lib/python3.7/site-packages/airflow/example_dags/example_latest_only_with_trigger.py
[2022-06-27 02:22:20,550] {processor.py:651} INFO - DAG(s) dict_keys(['latest_only_with_trigger']) retrieved from /home/airflow/.local/lib/python3.7/site-packages/airflow/example_dags/example_latest_only_with_trigger.py
[2022-06-27 02:22:20,596] {logging_mixin.py:115} INFO - [2022-06-27 02:22:20,596] {dag.py:2371} INFO - Sync 1 DAGs
[2022-06-27 02:22:20,633] {logging_mixin.py:115} INFO - [2022-06-27 02:22:20,632] {dag.py:2919} INFO - Setting next_dagrun for latest_only_with_trigger to 2022-06-26T22:22:20.632545+00:00, run_after=2022-06-27T02:22:20.632545+00:00
[2022-06-27 02:22:20,656] {processor.py:161} INFO - Processing /home/airflow/.local/lib/python3.7/site-packages/airflow/example_dags/example_latest_only_with_trigger.py took 0.127 seconds
[2022-06-27 02:22:51,078] {processor.py:153} INFO - Started process (PID=10878) to work on /home/airflow/.local/lib/python3.7/site-packages/airflow/example_dags/example_latest_only_with_trigger.py
[2022-06-27 02:22:51,080] {processor.py:641} INFO - Processing file /home/airflow/.local/lib/python3.7/site-packages/airflow/example_dags/example_latest_only_with_trigger.py for tasks to queue
[2022-06-27 02:22:51,081] {logging_mixin.py:115} INFO - [2022-06-27 02:22:51,081] {dagbag.py:507} INFO - Filling up the DagBag from /home/airflow/.local/lib/python3.7/site-packages/airflow/example_dags/example_latest_only_with_trigger.py
[2022-06-27 02:22:51,093] {processor.py:651} INFO - DAG(s) dict_keys(['latest_only_with_trigger']) retrieved from /home/airflow/.local/lib/python3.7/site-packages/airflow/example_dags/example_latest_only_with_trigger.py
[2022-06-27 02:22:51,136] {logging_mixin.py:115} INFO - [2022-06-27 02:22:51,136] {dag.py:2371} INFO - Sync 1 DAGs
[2022-06-27 02:22:51,179] {logging_mixin.py:115} INFO - [2022-06-27 02:22:51,179] {dag.py:2919} INFO - Setting next_dagrun for latest_only_with_trigger to 2022-06-26T22:22:51.179061+00:00, run_after=2022-06-27T02:22:51.179061+00:00
[2022-06-27 02:22:51,204] {processor.py:161} INFO - Processing /home/airflow/.local/lib/python3.7/site-packages/airflow/example_dags/example_latest_only_with_trigger.py took 0.131 seconds
[2022-06-27 02:23:21,933] {processor.py:153} INFO - Started process (PID=10941) to work on /home/airflow/.local/lib/python3.7/site-packages/airflow/example_dags/example_latest_only_with_trigger.py
[2022-06-27 02:23:21,935] {processor.py:641} INFO - Processing file /home/airflow/.local/lib/python3.7/site-packages/airflow/example_dags/example_latest_only_with_trigger.py for tasks to queue
[2022-06-27 02:23:21,936] {logging_mixin.py:115} INFO - [2022-06-27 02:23:21,936] {dagbag.py:507} INFO - Filling up the DagBag from /home/airflow/.local/lib/python3.7/site-packages/airflow/example_dags/example_latest_only_with_trigger.py
[2022-06-27 02:23:21,949] {processor.py:651} INFO - DAG(s) dict_keys(['latest_only_with_trigger']) retrieved from /home/airflow/.local/lib/python3.7/site-packages/airflow/example_dags/example_latest_only_with_trigger.py
[2022-06-27 02:23:21,991] {logging_mixin.py:115} INFO - [2022-06-27 02:23:21,991] {dag.py:2371} INFO - Sync 1 DAGs
[2022-06-27 02:23:22,026] {logging_mixin.py:115} INFO - [2022-06-27 02:23:22,026] {dag.py:2919} INFO - Setting next_dagrun for latest_only_with_trigger to 2022-06-26T22:23:22.025556+00:00, run_after=2022-06-27T02:23:22.025556+00:00
[2022-06-27 02:23:22,056] {processor.py:161} INFO - Processing /home/airflow/.local/lib/python3.7/site-packages/airflow/example_dags/example_latest_only_with_trigger.py took 0.128 seconds
[2022-06-27 02:23:52,252] {processor.py:153} INFO - Started process (PID=10995) to work on /home/airflow/.local/lib/python3.7/site-packages/airflow/example_dags/example_latest_only_with_trigger.py
[2022-06-27 02:23:52,253] {processor.py:641} INFO - Processing file /home/airflow/.local/lib/python3.7/site-packages/airflow/example_dags/example_latest_only_with_trigger.py for tasks to queue
[2022-06-27 02:23:52,255] {logging_mixin.py:115} INFO - [2022-06-27 02:23:52,255] {dagbag.py:507} INFO - Filling up the DagBag from /home/airflow/.local/lib/python3.7/site-packages/airflow/example_dags/example_latest_only_with_trigger.py
[2022-06-27 02:23:52,268] {processor.py:651} INFO - DAG(s) dict_keys(['latest_only_with_trigger']) retrieved from /home/airflow/.local/lib/python3.7/site-packages/airflow/example_dags/example_latest_only_with_trigger.py
[2022-06-27 02:23:52,329] {logging_mixin.py:115} INFO - [2022-06-27 02:23:52,329] {dag.py:2371} INFO - Sync 1 DAGs
[2022-06-27 02:23:52,386] {logging_mixin.py:115} INFO - [2022-06-27 02:23:52,386] {dag.py:2919} INFO - Setting next_dagrun for latest_only_with_trigger to 2022-06-26T22:23:52.385499+00:00, run_after=2022-06-27T02:23:52.385499+00:00
[2022-06-27 02:23:52,426] {processor.py:161} INFO - Processing /home/airflow/.local/lib/python3.7/site-packages/airflow/example_dags/example_latest_only_with_trigger.py took 0.181 seconds
[2022-06-27 02:24:22,761] {processor.py:153} INFO - Started process (PID=11056) to work on /home/airflow/.local/lib/python3.7/site-packages/airflow/example_dags/example_latest_only_with_trigger.py
[2022-06-27 02:24:22,762] {processor.py:641} INFO - Processing file /home/airflow/.local/lib/python3.7/site-packages/airflow/example_dags/example_latest_only_with_trigger.py for tasks to queue
[2022-06-27 02:24:22,764] {logging_mixin.py:115} INFO - [2022-06-27 02:24:22,764] {dagbag.py:507} INFO - Filling up the DagBag from /home/airflow/.local/lib/python3.7/site-packages/airflow/example_dags/example_latest_only_with_trigger.py
[2022-06-27 02:24:22,779] {processor.py:651} INFO - DAG(s) dict_keys(['latest_only_with_trigger']) retrieved from /home/airflow/.local/lib/python3.7/site-packages/airflow/example_dags/example_latest_only_with_trigger.py
[2022-06-27 02:24:22,862] {logging_mixin.py:115} INFO - [2022-06-27 02:24:22,862] {dag.py:2371} INFO - Sync 1 DAGs
[2022-06-27 02:24:22,907] {logging_mixin.py:115} INFO - [2022-06-27 02:24:22,906] {dag.py:2919} INFO - Setting next_dagrun for latest_only_with_trigger to 2022-06-26T22:24:22.906545+00:00, run_after=2022-06-27T02:24:22.906545+00:00
[2022-06-27 02:24:22,932] {processor.py:161} INFO - Processing /home/airflow/.local/lib/python3.7/site-packages/airflow/example_dags/example_latest_only_with_trigger.py took 0.178 seconds
