[2022-06-27 02:14:11,539] {processor.py:153} INFO - Started process (PID=9899) to work on /home/airflow/.local/lib/python3.7/site-packages/airflow/example_dags/example_subdag_operator.py
[2022-06-27 02:14:11,542] {processor.py:641} INFO - Processing file /home/airflow/.local/lib/python3.7/site-packages/airflow/example_dags/example_subdag_operator.py for tasks to queue
[2022-06-27 02:14:11,547] {logging_mixin.py:115} INFO - [2022-06-27 02:14:11,546] {dagbag.py:507} INFO - Filling up the DagBag from /home/airflow/.local/lib/python3.7/site-packages/airflow/example_dags/example_subdag_operator.py
[2022-06-27 02:14:11,629] {processor.py:651} INFO - DAG(s) dict_keys(['example_subdag_operator.section-1', 'example_subdag_operator.section-2', 'example_subdag_operator']) retrieved from /home/airflow/.local/lib/python3.7/site-packages/airflow/example_dags/example_subdag_operator.py
[2022-06-27 02:14:11,970] {logging_mixin.py:115} INFO - [2022-06-27 02:14:11,969] {dag.py:2371} INFO - Sync 3 DAGs
[2022-06-27 02:14:12,062] {logging_mixin.py:115} INFO - [2022-06-27 02:14:12,062] {dag.py:2919} INFO - Setting next_dagrun for example_subdag_operator to 2022-06-25T00:00:00+00:00, run_after=2022-06-25T00:00:00+00:00
[2022-06-27 02:14:12,064] {logging_mixin.py:115} INFO - [2022-06-27 02:14:12,064] {dag.py:2919} INFO - Setting next_dagrun for example_subdag_operator.section-1 to None, run_after=None
[2022-06-27 02:14:12,065] {logging_mixin.py:115} INFO - [2022-06-27 02:14:12,065] {dag.py:2919} INFO - Setting next_dagrun for example_subdag_operator.section-2 to None, run_after=None
[2022-06-27 02:14:12,125] {logging_mixin.py:115} INFO - [2022-06-27 02:14:12,125] {dag.py:2371} INFO - Sync 2 DAGs
[2022-06-27 02:14:12,165] {logging_mixin.py:115} INFO - [2022-06-27 02:14:12,164] {dag.py:2919} INFO - Setting next_dagrun for example_subdag_operator.section-1 to None, run_after=None
[2022-06-27 02:14:12,167] {logging_mixin.py:115} INFO - [2022-06-27 02:14:12,167] {dag.py:2919} INFO - Setting next_dagrun for example_subdag_operator.section-2 to None, run_after=None
[2022-06-27 02:14:12,207] {processor.py:161} INFO - Processing /home/airflow/.local/lib/python3.7/site-packages/airflow/example_dags/example_subdag_operator.py took 0.679 seconds
[2022-06-27 02:14:42,749] {processor.py:153} INFO - Started process (PID=9953) to work on /home/airflow/.local/lib/python3.7/site-packages/airflow/example_dags/example_subdag_operator.py
[2022-06-27 02:14:42,751] {processor.py:641} INFO - Processing file /home/airflow/.local/lib/python3.7/site-packages/airflow/example_dags/example_subdag_operator.py for tasks to queue
[2022-06-27 02:14:42,753] {logging_mixin.py:115} INFO - [2022-06-27 02:14:42,752] {dagbag.py:507} INFO - Filling up the DagBag from /home/airflow/.local/lib/python3.7/site-packages/airflow/example_dags/example_subdag_operator.py
[2022-06-27 02:14:42,805] {processor.py:651} INFO - DAG(s) dict_keys(['example_subdag_operator.section-1', 'example_subdag_operator.section-2', 'example_subdag_operator']) retrieved from /home/airflow/.local/lib/python3.7/site-packages/airflow/example_dags/example_subdag_operator.py
[2022-06-27 02:14:42,873] {logging_mixin.py:115} INFO - [2022-06-27 02:14:42,872] {dag.py:2371} INFO - Sync 3 DAGs
[2022-06-27 02:14:42,917] {logging_mixin.py:115} INFO - [2022-06-27 02:14:42,916] {dag.py:2919} INFO - Setting next_dagrun for example_subdag_operator to 2022-06-25T00:00:00+00:00, run_after=2022-06-25T00:00:00+00:00
[2022-06-27 02:14:42,918] {logging_mixin.py:115} INFO - [2022-06-27 02:14:42,918] {dag.py:2919} INFO - Setting next_dagrun for example_subdag_operator.section-1 to None, run_after=None
[2022-06-27 02:14:42,919] {logging_mixin.py:115} INFO - [2022-06-27 02:14:42,919] {dag.py:2919} INFO - Setting next_dagrun for example_subdag_operator.section-2 to None, run_after=None
[2022-06-27 02:14:42,935] {logging_mixin.py:115} INFO - [2022-06-27 02:14:42,935] {dag.py:2371} INFO - Sync 2 DAGs
[2022-06-27 02:14:42,946] {logging_mixin.py:115} INFO - [2022-06-27 02:14:42,946] {dag.py:2919} INFO - Setting next_dagrun for example_subdag_operator.section-1 to None, run_after=None
[2022-06-27 02:14:42,947] {logging_mixin.py:115} INFO - [2022-06-27 02:14:42,947] {dag.py:2919} INFO - Setting next_dagrun for example_subdag_operator.section-2 to None, run_after=None
[2022-06-27 02:14:42,964] {processor.py:161} INFO - Processing /home/airflow/.local/lib/python3.7/site-packages/airflow/example_dags/example_subdag_operator.py took 0.221 seconds
[2022-06-27 02:15:13,109] {processor.py:153} INFO - Started process (PID=10007) to work on /home/airflow/.local/lib/python3.7/site-packages/airflow/example_dags/example_subdag_operator.py
[2022-06-27 02:15:13,111] {processor.py:641} INFO - Processing file /home/airflow/.local/lib/python3.7/site-packages/airflow/example_dags/example_subdag_operator.py for tasks to queue
[2022-06-27 02:15:13,113] {logging_mixin.py:115} INFO - [2022-06-27 02:15:13,113] {dagbag.py:507} INFO - Filling up the DagBag from /home/airflow/.local/lib/python3.7/site-packages/airflow/example_dags/example_subdag_operator.py
[2022-06-27 02:15:13,177] {processor.py:651} INFO - DAG(s) dict_keys(['example_subdag_operator.section-1', 'example_subdag_operator.section-2', 'example_subdag_operator']) retrieved from /home/airflow/.local/lib/python3.7/site-packages/airflow/example_dags/example_subdag_operator.py
[2022-06-27 02:15:13,250] {logging_mixin.py:115} INFO - [2022-06-27 02:15:13,250] {dag.py:2371} INFO - Sync 3 DAGs
[2022-06-27 02:15:13,305] {logging_mixin.py:115} INFO - [2022-06-27 02:15:13,304] {dag.py:2919} INFO - Setting next_dagrun for example_subdag_operator to 2022-06-25T00:00:00+00:00, run_after=2022-06-25T00:00:00+00:00
[2022-06-27 02:15:13,306] {logging_mixin.py:115} INFO - [2022-06-27 02:15:13,306] {dag.py:2919} INFO - Setting next_dagrun for example_subdag_operator.section-1 to None, run_after=None
[2022-06-27 02:15:13,307] {logging_mixin.py:115} INFO - [2022-06-27 02:15:13,307] {dag.py:2919} INFO - Setting next_dagrun for example_subdag_operator.section-2 to None, run_after=None
[2022-06-27 02:15:13,321] {logging_mixin.py:115} INFO - [2022-06-27 02:15:13,321] {dag.py:2371} INFO - Sync 2 DAGs
[2022-06-27 02:15:13,332] {logging_mixin.py:115} INFO - [2022-06-27 02:15:13,332] {dag.py:2919} INFO - Setting next_dagrun for example_subdag_operator.section-1 to None, run_after=None
[2022-06-27 02:15:13,333] {logging_mixin.py:115} INFO - [2022-06-27 02:15:13,333] {dag.py:2919} INFO - Setting next_dagrun for example_subdag_operator.section-2 to None, run_after=None
[2022-06-27 02:15:13,352] {processor.py:161} INFO - Processing /home/airflow/.local/lib/python3.7/site-packages/airflow/example_dags/example_subdag_operator.py took 0.252 seconds
[2022-06-27 02:15:43,652] {processor.py:153} INFO - Started process (PID=10070) to work on /home/airflow/.local/lib/python3.7/site-packages/airflow/example_dags/example_subdag_operator.py
[2022-06-27 02:15:43,653] {processor.py:641} INFO - Processing file /home/airflow/.local/lib/python3.7/site-packages/airflow/example_dags/example_subdag_operator.py for tasks to queue
[2022-06-27 02:15:43,655] {logging_mixin.py:115} INFO - [2022-06-27 02:15:43,655] {dagbag.py:507} INFO - Filling up the DagBag from /home/airflow/.local/lib/python3.7/site-packages/airflow/example_dags/example_subdag_operator.py
[2022-06-27 02:15:43,714] {processor.py:651} INFO - DAG(s) dict_keys(['example_subdag_operator.section-1', 'example_subdag_operator.section-2', 'example_subdag_operator']) retrieved from /home/airflow/.local/lib/python3.7/site-packages/airflow/example_dags/example_subdag_operator.py
[2022-06-27 02:15:43,787] {logging_mixin.py:115} INFO - [2022-06-27 02:15:43,787] {dag.py:2371} INFO - Sync 3 DAGs
[2022-06-27 02:15:43,837] {logging_mixin.py:115} INFO - [2022-06-27 02:15:43,837] {dag.py:2919} INFO - Setting next_dagrun for example_subdag_operator to 2022-06-25T00:00:00+00:00, run_after=2022-06-25T00:00:00+00:00
[2022-06-27 02:15:43,838] {logging_mixin.py:115} INFO - [2022-06-27 02:15:43,838] {dag.py:2919} INFO - Setting next_dagrun for example_subdag_operator.section-1 to None, run_after=None
[2022-06-27 02:15:43,839] {logging_mixin.py:115} INFO - [2022-06-27 02:15:43,839] {dag.py:2919} INFO - Setting next_dagrun for example_subdag_operator.section-2 to None, run_after=None
[2022-06-27 02:15:43,853] {logging_mixin.py:115} INFO - [2022-06-27 02:15:43,853] {dag.py:2371} INFO - Sync 2 DAGs
[2022-06-27 02:15:43,863] {logging_mixin.py:115} INFO - [2022-06-27 02:15:43,863] {dag.py:2919} INFO - Setting next_dagrun for example_subdag_operator.section-1 to None, run_after=None
[2022-06-27 02:15:43,864] {logging_mixin.py:115} INFO - [2022-06-27 02:15:43,864] {dag.py:2919} INFO - Setting next_dagrun for example_subdag_operator.section-2 to None, run_after=None
[2022-06-27 02:15:43,884] {processor.py:161} INFO - Processing /home/airflow/.local/lib/python3.7/site-packages/airflow/example_dags/example_subdag_operator.py took 0.237 seconds
[2022-06-27 02:16:14,223] {processor.py:153} INFO - Started process (PID=10124) to work on /home/airflow/.local/lib/python3.7/site-packages/airflow/example_dags/example_subdag_operator.py
[2022-06-27 02:16:14,224] {processor.py:641} INFO - Processing file /home/airflow/.local/lib/python3.7/site-packages/airflow/example_dags/example_subdag_operator.py for tasks to queue
[2022-06-27 02:16:14,226] {logging_mixin.py:115} INFO - [2022-06-27 02:16:14,226] {dagbag.py:507} INFO - Filling up the DagBag from /home/airflow/.local/lib/python3.7/site-packages/airflow/example_dags/example_subdag_operator.py
[2022-06-27 02:16:14,272] {processor.py:651} INFO - DAG(s) dict_keys(['example_subdag_operator.section-1', 'example_subdag_operator.section-2', 'example_subdag_operator']) retrieved from /home/airflow/.local/lib/python3.7/site-packages/airflow/example_dags/example_subdag_operator.py
[2022-06-27 02:16:14,328] {logging_mixin.py:115} INFO - [2022-06-27 02:16:14,328] {dag.py:2371} INFO - Sync 3 DAGs
[2022-06-27 02:16:14,372] {logging_mixin.py:115} INFO - [2022-06-27 02:16:14,372] {dag.py:2919} INFO - Setting next_dagrun for example_subdag_operator to 2022-06-25T00:00:00+00:00, run_after=2022-06-25T00:00:00+00:00
[2022-06-27 02:16:14,373] {logging_mixin.py:115} INFO - [2022-06-27 02:16:14,372] {dag.py:2919} INFO - Setting next_dagrun for example_subdag_operator.section-1 to None, run_after=None
[2022-06-27 02:16:14,373] {logging_mixin.py:115} INFO - [2022-06-27 02:16:14,373] {dag.py:2919} INFO - Setting next_dagrun for example_subdag_operator.section-2 to None, run_after=None
[2022-06-27 02:16:14,387] {logging_mixin.py:115} INFO - [2022-06-27 02:16:14,387] {dag.py:2371} INFO - Sync 2 DAGs
[2022-06-27 02:16:14,398] {logging_mixin.py:115} INFO - [2022-06-27 02:16:14,398] {dag.py:2919} INFO - Setting next_dagrun for example_subdag_operator.section-1 to None, run_after=None
[2022-06-27 02:16:14,399] {logging_mixin.py:115} INFO - [2022-06-27 02:16:14,399] {dag.py:2919} INFO - Setting next_dagrun for example_subdag_operator.section-2 to None, run_after=None
[2022-06-27 02:16:14,415] {processor.py:161} INFO - Processing /home/airflow/.local/lib/python3.7/site-packages/airflow/example_dags/example_subdag_operator.py took 0.197 seconds
[2022-06-27 02:16:45,183] {processor.py:153} INFO - Started process (PID=10187) to work on /home/airflow/.local/lib/python3.7/site-packages/airflow/example_dags/example_subdag_operator.py
[2022-06-27 02:16:45,184] {processor.py:641} INFO - Processing file /home/airflow/.local/lib/python3.7/site-packages/airflow/example_dags/example_subdag_operator.py for tasks to queue
[2022-06-27 02:16:45,186] {logging_mixin.py:115} INFO - [2022-06-27 02:16:45,186] {dagbag.py:507} INFO - Filling up the DagBag from /home/airflow/.local/lib/python3.7/site-packages/airflow/example_dags/example_subdag_operator.py
[2022-06-27 02:16:45,240] {processor.py:651} INFO - DAG(s) dict_keys(['example_subdag_operator.section-1', 'example_subdag_operator.section-2', 'example_subdag_operator']) retrieved from /home/airflow/.local/lib/python3.7/site-packages/airflow/example_dags/example_subdag_operator.py
[2022-06-27 02:16:45,296] {logging_mixin.py:115} INFO - [2022-06-27 02:16:45,296] {dag.py:2371} INFO - Sync 3 DAGs
[2022-06-27 02:16:45,340] {logging_mixin.py:115} INFO - [2022-06-27 02:16:45,340] {dag.py:2919} INFO - Setting next_dagrun for example_subdag_operator to 2022-06-25T00:00:00+00:00, run_after=2022-06-25T00:00:00+00:00
[2022-06-27 02:16:45,342] {logging_mixin.py:115} INFO - [2022-06-27 02:16:45,341] {dag.py:2919} INFO - Setting next_dagrun for example_subdag_operator.section-1 to None, run_after=None
[2022-06-27 02:16:45,342] {logging_mixin.py:115} INFO - [2022-06-27 02:16:45,342] {dag.py:2919} INFO - Setting next_dagrun for example_subdag_operator.section-2 to None, run_after=None
[2022-06-27 02:16:45,357] {logging_mixin.py:115} INFO - [2022-06-27 02:16:45,357] {dag.py:2371} INFO - Sync 2 DAGs
[2022-06-27 02:16:45,366] {logging_mixin.py:115} INFO - [2022-06-27 02:16:45,366] {dag.py:2919} INFO - Setting next_dagrun for example_subdag_operator.section-1 to None, run_after=None
[2022-06-27 02:16:45,367] {logging_mixin.py:115} INFO - [2022-06-27 02:16:45,367] {dag.py:2919} INFO - Setting next_dagrun for example_subdag_operator.section-2 to None, run_after=None
[2022-06-27 02:16:45,383] {processor.py:161} INFO - Processing /home/airflow/.local/lib/python3.7/site-packages/airflow/example_dags/example_subdag_operator.py took 0.204 seconds
[2022-06-27 02:17:16,075] {processor.py:153} INFO - Started process (PID=10241) to work on /home/airflow/.local/lib/python3.7/site-packages/airflow/example_dags/example_subdag_operator.py
[2022-06-27 02:17:16,077] {processor.py:641} INFO - Processing file /home/airflow/.local/lib/python3.7/site-packages/airflow/example_dags/example_subdag_operator.py for tasks to queue
[2022-06-27 02:17:16,078] {logging_mixin.py:115} INFO - [2022-06-27 02:17:16,078] {dagbag.py:507} INFO - Filling up the DagBag from /home/airflow/.local/lib/python3.7/site-packages/airflow/example_dags/example_subdag_operator.py
[2022-06-27 02:17:16,126] {processor.py:651} INFO - DAG(s) dict_keys(['example_subdag_operator.section-1', 'example_subdag_operator.section-2', 'example_subdag_operator']) retrieved from /home/airflow/.local/lib/python3.7/site-packages/airflow/example_dags/example_subdag_operator.py
[2022-06-27 02:17:16,189] {logging_mixin.py:115} INFO - [2022-06-27 02:17:16,189] {dag.py:2371} INFO - Sync 3 DAGs
[2022-06-27 02:17:16,236] {logging_mixin.py:115} INFO - [2022-06-27 02:17:16,235] {dag.py:2919} INFO - Setting next_dagrun for example_subdag_operator to 2022-06-25T00:00:00+00:00, run_after=2022-06-25T00:00:00+00:00
[2022-06-27 02:17:16,236] {logging_mixin.py:115} INFO - [2022-06-27 02:17:16,236] {dag.py:2919} INFO - Setting next_dagrun for example_subdag_operator.section-1 to None, run_after=None
[2022-06-27 02:17:16,237] {logging_mixin.py:115} INFO - [2022-06-27 02:17:16,237] {dag.py:2919} INFO - Setting next_dagrun for example_subdag_operator.section-2 to None, run_after=None
[2022-06-27 02:17:16,251] {logging_mixin.py:115} INFO - [2022-06-27 02:17:16,250] {dag.py:2371} INFO - Sync 2 DAGs
[2022-06-27 02:17:16,261] {logging_mixin.py:115} INFO - [2022-06-27 02:17:16,261] {dag.py:2919} INFO - Setting next_dagrun for example_subdag_operator.section-1 to None, run_after=None
[2022-06-27 02:17:16,262] {logging_mixin.py:115} INFO - [2022-06-27 02:17:16,262] {dag.py:2919} INFO - Setting next_dagrun for example_subdag_operator.section-2 to None, run_after=None
[2022-06-27 02:17:16,279] {processor.py:161} INFO - Processing /home/airflow/.local/lib/python3.7/site-packages/airflow/example_dags/example_subdag_operator.py took 0.209 seconds
[2022-06-27 02:17:46,695] {processor.py:153} INFO - Started process (PID=10304) to work on /home/airflow/.local/lib/python3.7/site-packages/airflow/example_dags/example_subdag_operator.py
[2022-06-27 02:17:46,697] {processor.py:641} INFO - Processing file /home/airflow/.local/lib/python3.7/site-packages/airflow/example_dags/example_subdag_operator.py for tasks to queue
[2022-06-27 02:17:46,699] {logging_mixin.py:115} INFO - [2022-06-27 02:17:46,699] {dagbag.py:507} INFO - Filling up the DagBag from /home/airflow/.local/lib/python3.7/site-packages/airflow/example_dags/example_subdag_operator.py
[2022-06-27 02:17:46,749] {processor.py:651} INFO - DAG(s) dict_keys(['example_subdag_operator.section-1', 'example_subdag_operator.section-2', 'example_subdag_operator']) retrieved from /home/airflow/.local/lib/python3.7/site-packages/airflow/example_dags/example_subdag_operator.py
[2022-06-27 02:17:46,805] {logging_mixin.py:115} INFO - [2022-06-27 02:17:46,805] {dag.py:2371} INFO - Sync 3 DAGs
[2022-06-27 02:17:46,846] {logging_mixin.py:115} INFO - [2022-06-27 02:17:46,846] {dag.py:2919} INFO - Setting next_dagrun for example_subdag_operator to 2022-06-25T00:00:00+00:00, run_after=2022-06-25T00:00:00+00:00
[2022-06-27 02:17:46,847] {logging_mixin.py:115} INFO - [2022-06-27 02:17:46,847] {dag.py:2919} INFO - Setting next_dagrun for example_subdag_operator.section-1 to None, run_after=None
[2022-06-27 02:17:46,848] {logging_mixin.py:115} INFO - [2022-06-27 02:17:46,848] {dag.py:2919} INFO - Setting next_dagrun for example_subdag_operator.section-2 to None, run_after=None
[2022-06-27 02:17:46,862] {logging_mixin.py:115} INFO - [2022-06-27 02:17:46,862] {dag.py:2371} INFO - Sync 2 DAGs
[2022-06-27 02:17:46,874] {logging_mixin.py:115} INFO - [2022-06-27 02:17:46,874] {dag.py:2919} INFO - Setting next_dagrun for example_subdag_operator.section-1 to None, run_after=None
[2022-06-27 02:17:46,875] {logging_mixin.py:115} INFO - [2022-06-27 02:17:46,875] {dag.py:2919} INFO - Setting next_dagrun for example_subdag_operator.section-2 to None, run_after=None
[2022-06-27 02:17:46,893] {processor.py:161} INFO - Processing /home/airflow/.local/lib/python3.7/site-packages/airflow/example_dags/example_subdag_operator.py took 0.204 seconds
[2022-06-27 02:18:17,748] {processor.py:153} INFO - Started process (PID=10358) to work on /home/airflow/.local/lib/python3.7/site-packages/airflow/example_dags/example_subdag_operator.py
[2022-06-27 02:18:17,749] {processor.py:641} INFO - Processing file /home/airflow/.local/lib/python3.7/site-packages/airflow/example_dags/example_subdag_operator.py for tasks to queue
[2022-06-27 02:18:17,751] {logging_mixin.py:115} INFO - [2022-06-27 02:18:17,750] {dagbag.py:507} INFO - Filling up the DagBag from /home/airflow/.local/lib/python3.7/site-packages/airflow/example_dags/example_subdag_operator.py
[2022-06-27 02:18:17,797] {processor.py:651} INFO - DAG(s) dict_keys(['example_subdag_operator.section-1', 'example_subdag_operator.section-2', 'example_subdag_operator']) retrieved from /home/airflow/.local/lib/python3.7/site-packages/airflow/example_dags/example_subdag_operator.py
[2022-06-27 02:18:17,854] {logging_mixin.py:115} INFO - [2022-06-27 02:18:17,854] {dag.py:2371} INFO - Sync 3 DAGs
[2022-06-27 02:18:17,899] {logging_mixin.py:115} INFO - [2022-06-27 02:18:17,899] {dag.py:2919} INFO - Setting next_dagrun for example_subdag_operator to 2022-06-25T00:00:00+00:00, run_after=2022-06-25T00:00:00+00:00
[2022-06-27 02:18:17,900] {logging_mixin.py:115} INFO - [2022-06-27 02:18:17,900] {dag.py:2919} INFO - Setting next_dagrun for example_subdag_operator.section-1 to None, run_after=None
[2022-06-27 02:18:17,901] {logging_mixin.py:115} INFO - [2022-06-27 02:18:17,901] {dag.py:2919} INFO - Setting next_dagrun for example_subdag_operator.section-2 to None, run_after=None
[2022-06-27 02:18:17,915] {logging_mixin.py:115} INFO - [2022-06-27 02:18:17,915] {dag.py:2371} INFO - Sync 2 DAGs
[2022-06-27 02:18:17,925] {logging_mixin.py:115} INFO - [2022-06-27 02:18:17,925] {dag.py:2919} INFO - Setting next_dagrun for example_subdag_operator.section-1 to None, run_after=None
[2022-06-27 02:18:17,926] {logging_mixin.py:115} INFO - [2022-06-27 02:18:17,926] {dag.py:2919} INFO - Setting next_dagrun for example_subdag_operator.section-2 to None, run_after=None
[2022-06-27 02:18:17,942] {processor.py:161} INFO - Processing /home/airflow/.local/lib/python3.7/site-packages/airflow/example_dags/example_subdag_operator.py took 0.200 seconds
[2022-06-27 02:18:48,059] {processor.py:153} INFO - Started process (PID=10421) to work on /home/airflow/.local/lib/python3.7/site-packages/airflow/example_dags/example_subdag_operator.py
[2022-06-27 02:18:48,061] {processor.py:641} INFO - Processing file /home/airflow/.local/lib/python3.7/site-packages/airflow/example_dags/example_subdag_operator.py for tasks to queue
[2022-06-27 02:18:48,064] {logging_mixin.py:115} INFO - [2022-06-27 02:18:48,063] {dagbag.py:507} INFO - Filling up the DagBag from /home/airflow/.local/lib/python3.7/site-packages/airflow/example_dags/example_subdag_operator.py
[2022-06-27 02:18:48,117] {processor.py:651} INFO - DAG(s) dict_keys(['example_subdag_operator.section-1', 'example_subdag_operator.section-2', 'example_subdag_operator']) retrieved from /home/airflow/.local/lib/python3.7/site-packages/airflow/example_dags/example_subdag_operator.py
[2022-06-27 02:18:48,173] {logging_mixin.py:115} INFO - [2022-06-27 02:18:48,173] {dag.py:2371} INFO - Sync 3 DAGs
[2022-06-27 02:18:48,210] {logging_mixin.py:115} INFO - [2022-06-27 02:18:48,209] {dag.py:2919} INFO - Setting next_dagrun for example_subdag_operator to 2022-06-25T00:00:00+00:00, run_after=2022-06-25T00:00:00+00:00
[2022-06-27 02:18:48,210] {logging_mixin.py:115} INFO - [2022-06-27 02:18:48,210] {dag.py:2919} INFO - Setting next_dagrun for example_subdag_operator.section-1 to None, run_after=None
[2022-06-27 02:18:48,211] {logging_mixin.py:115} INFO - [2022-06-27 02:18:48,211] {dag.py:2919} INFO - Setting next_dagrun for example_subdag_operator.section-2 to None, run_after=None
[2022-06-27 02:18:48,224] {logging_mixin.py:115} INFO - [2022-06-27 02:18:48,224] {dag.py:2371} INFO - Sync 2 DAGs
[2022-06-27 02:18:48,234] {logging_mixin.py:115} INFO - [2022-06-27 02:18:48,234] {dag.py:2919} INFO - Setting next_dagrun for example_subdag_operator.section-1 to None, run_after=None
[2022-06-27 02:18:48,236] {logging_mixin.py:115} INFO - [2022-06-27 02:18:48,235] {dag.py:2919} INFO - Setting next_dagrun for example_subdag_operator.section-2 to None, run_after=None
[2022-06-27 02:18:48,251] {processor.py:161} INFO - Processing /home/airflow/.local/lib/python3.7/site-packages/airflow/example_dags/example_subdag_operator.py took 0.205 seconds
[2022-06-27 02:19:18,434] {processor.py:153} INFO - Started process (PID=10475) to work on /home/airflow/.local/lib/python3.7/site-packages/airflow/example_dags/example_subdag_operator.py
[2022-06-27 02:19:18,435] {processor.py:641} INFO - Processing file /home/airflow/.local/lib/python3.7/site-packages/airflow/example_dags/example_subdag_operator.py for tasks to queue
[2022-06-27 02:19:18,436] {logging_mixin.py:115} INFO - [2022-06-27 02:19:18,436] {dagbag.py:507} INFO - Filling up the DagBag from /home/airflow/.local/lib/python3.7/site-packages/airflow/example_dags/example_subdag_operator.py
[2022-06-27 02:19:18,571] {processor.py:651} INFO - DAG(s) dict_keys(['example_subdag_operator.section-1', 'example_subdag_operator.section-2', 'example_subdag_operator']) retrieved from /home/airflow/.local/lib/python3.7/site-packages/airflow/example_dags/example_subdag_operator.py
[2022-06-27 02:19:18,641] {logging_mixin.py:115} INFO - [2022-06-27 02:19:18,641] {dag.py:2371} INFO - Sync 3 DAGs
[2022-06-27 02:19:18,683] {logging_mixin.py:115} INFO - [2022-06-27 02:19:18,682] {dag.py:2919} INFO - Setting next_dagrun for example_subdag_operator to 2022-06-25T00:00:00+00:00, run_after=2022-06-25T00:00:00+00:00
[2022-06-27 02:19:18,684] {logging_mixin.py:115} INFO - [2022-06-27 02:19:18,684] {dag.py:2919} INFO - Setting next_dagrun for example_subdag_operator.section-1 to None, run_after=None
[2022-06-27 02:19:18,685] {logging_mixin.py:115} INFO - [2022-06-27 02:19:18,685] {dag.py:2919} INFO - Setting next_dagrun for example_subdag_operator.section-2 to None, run_after=None
[2022-06-27 02:19:18,701] {logging_mixin.py:115} INFO - [2022-06-27 02:19:18,701] {dag.py:2371} INFO - Sync 2 DAGs
[2022-06-27 02:19:18,718] {logging_mixin.py:115} INFO - [2022-06-27 02:19:18,717] {dag.py:2919} INFO - Setting next_dagrun for example_subdag_operator.section-1 to None, run_after=None
[2022-06-27 02:19:18,719] {logging_mixin.py:115} INFO - [2022-06-27 02:19:18,719] {dag.py:2919} INFO - Setting next_dagrun for example_subdag_operator.section-2 to None, run_after=None
[2022-06-27 02:19:18,737] {processor.py:161} INFO - Processing /home/airflow/.local/lib/python3.7/site-packages/airflow/example_dags/example_subdag_operator.py took 0.309 seconds
[2022-06-27 02:19:49,006] {processor.py:153} INFO - Started process (PID=10538) to work on /home/airflow/.local/lib/python3.7/site-packages/airflow/example_dags/example_subdag_operator.py
[2022-06-27 02:19:49,007] {processor.py:641} INFO - Processing file /home/airflow/.local/lib/python3.7/site-packages/airflow/example_dags/example_subdag_operator.py for tasks to queue
[2022-06-27 02:19:49,008] {logging_mixin.py:115} INFO - [2022-06-27 02:19:49,008] {dagbag.py:507} INFO - Filling up the DagBag from /home/airflow/.local/lib/python3.7/site-packages/airflow/example_dags/example_subdag_operator.py
[2022-06-27 02:19:49,066] {processor.py:651} INFO - DAG(s) dict_keys(['example_subdag_operator.section-1', 'example_subdag_operator.section-2', 'example_subdag_operator']) retrieved from /home/airflow/.local/lib/python3.7/site-packages/airflow/example_dags/example_subdag_operator.py
[2022-06-27 02:19:49,124] {logging_mixin.py:115} INFO - [2022-06-27 02:19:49,123] {dag.py:2371} INFO - Sync 3 DAGs
[2022-06-27 02:19:49,162] {logging_mixin.py:115} INFO - [2022-06-27 02:19:49,161] {dag.py:2919} INFO - Setting next_dagrun for example_subdag_operator to 2022-06-25T00:00:00+00:00, run_after=2022-06-25T00:00:00+00:00
[2022-06-27 02:19:49,163] {logging_mixin.py:115} INFO - [2022-06-27 02:19:49,163] {dag.py:2919} INFO - Setting next_dagrun for example_subdag_operator.section-1 to None, run_after=None
[2022-06-27 02:19:49,163] {logging_mixin.py:115} INFO - [2022-06-27 02:19:49,163] {dag.py:2919} INFO - Setting next_dagrun for example_subdag_operator.section-2 to None, run_after=None
[2022-06-27 02:19:49,178] {logging_mixin.py:115} INFO - [2022-06-27 02:19:49,178] {dag.py:2371} INFO - Sync 2 DAGs
[2022-06-27 02:19:49,190] {logging_mixin.py:115} INFO - [2022-06-27 02:19:49,189] {dag.py:2919} INFO - Setting next_dagrun for example_subdag_operator.section-1 to None, run_after=None
[2022-06-27 02:19:49,191] {logging_mixin.py:115} INFO - [2022-06-27 02:19:49,191] {dag.py:2919} INFO - Setting next_dagrun for example_subdag_operator.section-2 to None, run_after=None
[2022-06-27 02:19:49,209] {processor.py:161} INFO - Processing /home/airflow/.local/lib/python3.7/site-packages/airflow/example_dags/example_subdag_operator.py took 0.210 seconds
[2022-06-27 02:20:19,631] {processor.py:153} INFO - Started process (PID=10592) to work on /home/airflow/.local/lib/python3.7/site-packages/airflow/example_dags/example_subdag_operator.py
[2022-06-27 02:20:19,632] {processor.py:641} INFO - Processing file /home/airflow/.local/lib/python3.7/site-packages/airflow/example_dags/example_subdag_operator.py for tasks to queue
[2022-06-27 02:20:19,633] {logging_mixin.py:115} INFO - [2022-06-27 02:20:19,633] {dagbag.py:507} INFO - Filling up the DagBag from /home/airflow/.local/lib/python3.7/site-packages/airflow/example_dags/example_subdag_operator.py
[2022-06-27 02:20:19,675] {processor.py:651} INFO - DAG(s) dict_keys(['example_subdag_operator.section-1', 'example_subdag_operator.section-2', 'example_subdag_operator']) retrieved from /home/airflow/.local/lib/python3.7/site-packages/airflow/example_dags/example_subdag_operator.py
[2022-06-27 02:20:19,738] {logging_mixin.py:115} INFO - [2022-06-27 02:20:19,738] {dag.py:2371} INFO - Sync 3 DAGs
[2022-06-27 02:20:19,772] {logging_mixin.py:115} INFO - [2022-06-27 02:20:19,772] {dag.py:2919} INFO - Setting next_dagrun for example_subdag_operator to 2022-06-25T00:00:00+00:00, run_after=2022-06-25T00:00:00+00:00
[2022-06-27 02:20:19,773] {logging_mixin.py:115} INFO - [2022-06-27 02:20:19,773] {dag.py:2919} INFO - Setting next_dagrun for example_subdag_operator.section-1 to None, run_after=None
[2022-06-27 02:20:19,774] {logging_mixin.py:115} INFO - [2022-06-27 02:20:19,774] {dag.py:2919} INFO - Setting next_dagrun for example_subdag_operator.section-2 to None, run_after=None
[2022-06-27 02:20:19,786] {logging_mixin.py:115} INFO - [2022-06-27 02:20:19,786] {dag.py:2371} INFO - Sync 2 DAGs
[2022-06-27 02:20:19,796] {logging_mixin.py:115} INFO - [2022-06-27 02:20:19,796] {dag.py:2919} INFO - Setting next_dagrun for example_subdag_operator.section-1 to None, run_after=None
[2022-06-27 02:20:19,797] {logging_mixin.py:115} INFO - [2022-06-27 02:20:19,797] {dag.py:2919} INFO - Setting next_dagrun for example_subdag_operator.section-2 to None, run_after=None
[2022-06-27 02:20:19,841] {processor.py:161} INFO - Processing /home/airflow/.local/lib/python3.7/site-packages/airflow/example_dags/example_subdag_operator.py took 0.214 seconds
[2022-06-27 02:20:50,291] {processor.py:153} INFO - Started process (PID=10656) to work on /home/airflow/.local/lib/python3.7/site-packages/airflow/example_dags/example_subdag_operator.py
[2022-06-27 02:20:50,292] {processor.py:641} INFO - Processing file /home/airflow/.local/lib/python3.7/site-packages/airflow/example_dags/example_subdag_operator.py for tasks to queue
[2022-06-27 02:20:50,294] {logging_mixin.py:115} INFO - [2022-06-27 02:20:50,294] {dagbag.py:507} INFO - Filling up the DagBag from /home/airflow/.local/lib/python3.7/site-packages/airflow/example_dags/example_subdag_operator.py
[2022-06-27 02:20:50,343] {processor.py:651} INFO - DAG(s) dict_keys(['example_subdag_operator.section-1', 'example_subdag_operator.section-2', 'example_subdag_operator']) retrieved from /home/airflow/.local/lib/python3.7/site-packages/airflow/example_dags/example_subdag_operator.py
[2022-06-27 02:20:50,407] {logging_mixin.py:115} INFO - [2022-06-27 02:20:50,407] {dag.py:2371} INFO - Sync 3 DAGs
[2022-06-27 02:20:50,449] {logging_mixin.py:115} INFO - [2022-06-27 02:20:50,448] {dag.py:2919} INFO - Setting next_dagrun for example_subdag_operator to 2022-06-25T00:00:00+00:00, run_after=2022-06-25T00:00:00+00:00
[2022-06-27 02:20:50,450] {logging_mixin.py:115} INFO - [2022-06-27 02:20:50,450] {dag.py:2919} INFO - Setting next_dagrun for example_subdag_operator.section-1 to None, run_after=None
[2022-06-27 02:20:50,451] {logging_mixin.py:115} INFO - [2022-06-27 02:20:50,451] {dag.py:2919} INFO - Setting next_dagrun for example_subdag_operator.section-2 to None, run_after=None
[2022-06-27 02:20:50,469] {logging_mixin.py:115} INFO - [2022-06-27 02:20:50,468] {dag.py:2371} INFO - Sync 2 DAGs
[2022-06-27 02:20:50,483] {logging_mixin.py:115} INFO - [2022-06-27 02:20:50,483] {dag.py:2919} INFO - Setting next_dagrun for example_subdag_operator.section-1 to None, run_after=None
[2022-06-27 02:20:50,484] {logging_mixin.py:115} INFO - [2022-06-27 02:20:50,484] {dag.py:2919} INFO - Setting next_dagrun for example_subdag_operator.section-2 to None, run_after=None
[2022-06-27 02:20:50,501] {processor.py:161} INFO - Processing /home/airflow/.local/lib/python3.7/site-packages/airflow/example_dags/example_subdag_operator.py took 0.216 seconds
[2022-06-27 02:21:20,663] {processor.py:153} INFO - Started process (PID=10710) to work on /home/airflow/.local/lib/python3.7/site-packages/airflow/example_dags/example_subdag_operator.py
[2022-06-27 02:21:20,664] {processor.py:641} INFO - Processing file /home/airflow/.local/lib/python3.7/site-packages/airflow/example_dags/example_subdag_operator.py for tasks to queue
[2022-06-27 02:21:20,666] {logging_mixin.py:115} INFO - [2022-06-27 02:21:20,666] {dagbag.py:507} INFO - Filling up the DagBag from /home/airflow/.local/lib/python3.7/site-packages/airflow/example_dags/example_subdag_operator.py
[2022-06-27 02:21:20,711] {processor.py:651} INFO - DAG(s) dict_keys(['example_subdag_operator.section-1', 'example_subdag_operator.section-2', 'example_subdag_operator']) retrieved from /home/airflow/.local/lib/python3.7/site-packages/airflow/example_dags/example_subdag_operator.py
[2022-06-27 02:21:20,769] {logging_mixin.py:115} INFO - [2022-06-27 02:21:20,769] {dag.py:2371} INFO - Sync 3 DAGs
[2022-06-27 02:21:20,805] {logging_mixin.py:115} INFO - [2022-06-27 02:21:20,805] {dag.py:2919} INFO - Setting next_dagrun for example_subdag_operator to 2022-06-25T00:00:00+00:00, run_after=2022-06-25T00:00:00+00:00
[2022-06-27 02:21:20,806] {logging_mixin.py:115} INFO - [2022-06-27 02:21:20,806] {dag.py:2919} INFO - Setting next_dagrun for example_subdag_operator.section-1 to None, run_after=None
[2022-06-27 02:21:20,807] {logging_mixin.py:115} INFO - [2022-06-27 02:21:20,807] {dag.py:2919} INFO - Setting next_dagrun for example_subdag_operator.section-2 to None, run_after=None
[2022-06-27 02:21:20,819] {logging_mixin.py:115} INFO - [2022-06-27 02:21:20,819] {dag.py:2371} INFO - Sync 2 DAGs
[2022-06-27 02:21:20,829] {logging_mixin.py:115} INFO - [2022-06-27 02:21:20,829] {dag.py:2919} INFO - Setting next_dagrun for example_subdag_operator.section-1 to None, run_after=None
[2022-06-27 02:21:20,830] {logging_mixin.py:115} INFO - [2022-06-27 02:21:20,830] {dag.py:2919} INFO - Setting next_dagrun for example_subdag_operator.section-2 to None, run_after=None
[2022-06-27 02:21:20,873] {processor.py:161} INFO - Processing /home/airflow/.local/lib/python3.7/site-packages/airflow/example_dags/example_subdag_operator.py took 0.216 seconds
[2022-06-27 02:21:51,469] {processor.py:153} INFO - Started process (PID=10771) to work on /home/airflow/.local/lib/python3.7/site-packages/airflow/example_dags/example_subdag_operator.py
[2022-06-27 02:21:51,470] {processor.py:641} INFO - Processing file /home/airflow/.local/lib/python3.7/site-packages/airflow/example_dags/example_subdag_operator.py for tasks to queue
[2022-06-27 02:21:51,472] {logging_mixin.py:115} INFO - [2022-06-27 02:21:51,471] {dagbag.py:507} INFO - Filling up the DagBag from /home/airflow/.local/lib/python3.7/site-packages/airflow/example_dags/example_subdag_operator.py
[2022-06-27 02:21:51,521] {processor.py:651} INFO - DAG(s) dict_keys(['example_subdag_operator.section-1', 'example_subdag_operator.section-2', 'example_subdag_operator']) retrieved from /home/airflow/.local/lib/python3.7/site-packages/airflow/example_dags/example_subdag_operator.py
[2022-06-27 02:21:51,590] {logging_mixin.py:115} INFO - [2022-06-27 02:21:51,590] {dag.py:2371} INFO - Sync 3 DAGs
[2022-06-27 02:21:51,631] {logging_mixin.py:115} INFO - [2022-06-27 02:21:51,631] {dag.py:2919} INFO - Setting next_dagrun for example_subdag_operator to 2022-06-25T00:00:00+00:00, run_after=2022-06-25T00:00:00+00:00
[2022-06-27 02:21:51,632] {logging_mixin.py:115} INFO - [2022-06-27 02:21:51,632] {dag.py:2919} INFO - Setting next_dagrun for example_subdag_operator.section-1 to None, run_after=None
[2022-06-27 02:21:51,633] {logging_mixin.py:115} INFO - [2022-06-27 02:21:51,633] {dag.py:2919} INFO - Setting next_dagrun for example_subdag_operator.section-2 to None, run_after=None
[2022-06-27 02:21:51,647] {logging_mixin.py:115} INFO - [2022-06-27 02:21:51,647] {dag.py:2371} INFO - Sync 2 DAGs
[2022-06-27 02:21:51,657] {logging_mixin.py:115} INFO - [2022-06-27 02:21:51,657] {dag.py:2919} INFO - Setting next_dagrun for example_subdag_operator.section-1 to None, run_after=None
[2022-06-27 02:21:51,658] {logging_mixin.py:115} INFO - [2022-06-27 02:21:51,658] {dag.py:2919} INFO - Setting next_dagrun for example_subdag_operator.section-2 to None, run_after=None
[2022-06-27 02:21:51,673] {processor.py:161} INFO - Processing /home/airflow/.local/lib/python3.7/site-packages/airflow/example_dags/example_subdag_operator.py took 0.211 seconds
[2022-06-27 02:22:21,888] {processor.py:153} INFO - Started process (PID=10827) to work on /home/airflow/.local/lib/python3.7/site-packages/airflow/example_dags/example_subdag_operator.py
[2022-06-27 02:22:21,889] {processor.py:641} INFO - Processing file /home/airflow/.local/lib/python3.7/site-packages/airflow/example_dags/example_subdag_operator.py for tasks to queue
[2022-06-27 02:22:21,891] {logging_mixin.py:115} INFO - [2022-06-27 02:22:21,891] {dagbag.py:507} INFO - Filling up the DagBag from /home/airflow/.local/lib/python3.7/site-packages/airflow/example_dags/example_subdag_operator.py
[2022-06-27 02:22:21,937] {processor.py:651} INFO - DAG(s) dict_keys(['example_subdag_operator.section-1', 'example_subdag_operator.section-2', 'example_subdag_operator']) retrieved from /home/airflow/.local/lib/python3.7/site-packages/airflow/example_dags/example_subdag_operator.py
[2022-06-27 02:22:21,994] {logging_mixin.py:115} INFO - [2022-06-27 02:22:21,994] {dag.py:2371} INFO - Sync 3 DAGs
[2022-06-27 02:22:22,029] {logging_mixin.py:115} INFO - [2022-06-27 02:22:22,029] {dag.py:2919} INFO - Setting next_dagrun for example_subdag_operator to 2022-06-25T00:00:00+00:00, run_after=2022-06-25T00:00:00+00:00
[2022-06-27 02:22:22,030] {logging_mixin.py:115} INFO - [2022-06-27 02:22:22,030] {dag.py:2919} INFO - Setting next_dagrun for example_subdag_operator.section-1 to None, run_after=None
[2022-06-27 02:22:22,031] {logging_mixin.py:115} INFO - [2022-06-27 02:22:22,031] {dag.py:2919} INFO - Setting next_dagrun for example_subdag_operator.section-2 to None, run_after=None
[2022-06-27 02:22:22,043] {logging_mixin.py:115} INFO - [2022-06-27 02:22:22,043] {dag.py:2371} INFO - Sync 2 DAGs
[2022-06-27 02:22:22,052] {logging_mixin.py:115} INFO - [2022-06-27 02:22:22,052] {dag.py:2919} INFO - Setting next_dagrun for example_subdag_operator.section-1 to None, run_after=None
[2022-06-27 02:22:22,053] {logging_mixin.py:115} INFO - [2022-06-27 02:22:22,053] {dag.py:2919} INFO - Setting next_dagrun for example_subdag_operator.section-2 to None, run_after=None
[2022-06-27 02:22:22,077] {processor.py:161} INFO - Processing /home/airflow/.local/lib/python3.7/site-packages/airflow/example_dags/example_subdag_operator.py took 0.195 seconds
[2022-06-27 02:22:52,453] {processor.py:153} INFO - Started process (PID=10881) to work on /home/airflow/.local/lib/python3.7/site-packages/airflow/example_dags/example_subdag_operator.py
[2022-06-27 02:22:52,454] {processor.py:641} INFO - Processing file /home/airflow/.local/lib/python3.7/site-packages/airflow/example_dags/example_subdag_operator.py for tasks to queue
[2022-06-27 02:22:52,456] {logging_mixin.py:115} INFO - [2022-06-27 02:22:52,456] {dagbag.py:507} INFO - Filling up the DagBag from /home/airflow/.local/lib/python3.7/site-packages/airflow/example_dags/example_subdag_operator.py
[2022-06-27 02:22:52,514] {processor.py:651} INFO - DAG(s) dict_keys(['example_subdag_operator.section-1', 'example_subdag_operator.section-2', 'example_subdag_operator']) retrieved from /home/airflow/.local/lib/python3.7/site-packages/airflow/example_dags/example_subdag_operator.py
[2022-06-27 02:22:52,582] {logging_mixin.py:115} INFO - [2022-06-27 02:22:52,582] {dag.py:2371} INFO - Sync 3 DAGs
[2022-06-27 02:22:52,615] {logging_mixin.py:115} INFO - [2022-06-27 02:22:52,615] {dag.py:2919} INFO - Setting next_dagrun for example_subdag_operator to 2022-06-25T00:00:00+00:00, run_after=2022-06-25T00:00:00+00:00
[2022-06-27 02:22:52,617] {logging_mixin.py:115} INFO - [2022-06-27 02:22:52,617] {dag.py:2919} INFO - Setting next_dagrun for example_subdag_operator.section-1 to None, run_after=None
[2022-06-27 02:22:52,618] {logging_mixin.py:115} INFO - [2022-06-27 02:22:52,618] {dag.py:2919} INFO - Setting next_dagrun for example_subdag_operator.section-2 to None, run_after=None
[2022-06-27 02:22:52,628] {logging_mixin.py:115} INFO - [2022-06-27 02:22:52,628] {dag.py:2371} INFO - Sync 2 DAGs
[2022-06-27 02:22:52,637] {logging_mixin.py:115} INFO - [2022-06-27 02:22:52,637] {dag.py:2919} INFO - Setting next_dagrun for example_subdag_operator.section-1 to None, run_after=None
[2022-06-27 02:22:52,638] {logging_mixin.py:115} INFO - [2022-06-27 02:22:52,637] {dag.py:2919} INFO - Setting next_dagrun for example_subdag_operator.section-2 to None, run_after=None
[2022-06-27 02:22:52,660] {processor.py:161} INFO - Processing /home/airflow/.local/lib/python3.7/site-packages/airflow/example_dags/example_subdag_operator.py took 0.213 seconds
[2022-06-27 02:23:23,123] {processor.py:153} INFO - Started process (PID=10944) to work on /home/airflow/.local/lib/python3.7/site-packages/airflow/example_dags/example_subdag_operator.py
[2022-06-27 02:23:23,124] {processor.py:641} INFO - Processing file /home/airflow/.local/lib/python3.7/site-packages/airflow/example_dags/example_subdag_operator.py for tasks to queue
[2022-06-27 02:23:23,126] {logging_mixin.py:115} INFO - [2022-06-27 02:23:23,126] {dagbag.py:507} INFO - Filling up the DagBag from /home/airflow/.local/lib/python3.7/site-packages/airflow/example_dags/example_subdag_operator.py
[2022-06-27 02:23:23,171] {processor.py:651} INFO - DAG(s) dict_keys(['example_subdag_operator.section-1', 'example_subdag_operator.section-2', 'example_subdag_operator']) retrieved from /home/airflow/.local/lib/python3.7/site-packages/airflow/example_dags/example_subdag_operator.py
[2022-06-27 02:23:23,241] {logging_mixin.py:115} INFO - [2022-06-27 02:23:23,241] {dag.py:2371} INFO - Sync 3 DAGs
[2022-06-27 02:23:23,286] {logging_mixin.py:115} INFO - [2022-06-27 02:23:23,286] {dag.py:2919} INFO - Setting next_dagrun for example_subdag_operator to 2022-06-25T00:00:00+00:00, run_after=2022-06-25T00:00:00+00:00
[2022-06-27 02:23:23,287] {logging_mixin.py:115} INFO - [2022-06-27 02:23:23,287] {dag.py:2919} INFO - Setting next_dagrun for example_subdag_operator.section-1 to None, run_after=None
[2022-06-27 02:23:23,288] {logging_mixin.py:115} INFO - [2022-06-27 02:23:23,288] {dag.py:2919} INFO - Setting next_dagrun for example_subdag_operator.section-2 to None, run_after=None
[2022-06-27 02:23:23,303] {logging_mixin.py:115} INFO - [2022-06-27 02:23:23,303] {dag.py:2371} INFO - Sync 2 DAGs
[2022-06-27 02:23:23,315] {logging_mixin.py:115} INFO - [2022-06-27 02:23:23,315] {dag.py:2919} INFO - Setting next_dagrun for example_subdag_operator.section-1 to None, run_after=None
[2022-06-27 02:23:23,316] {logging_mixin.py:115} INFO - [2022-06-27 02:23:23,316] {dag.py:2919} INFO - Setting next_dagrun for example_subdag_operator.section-2 to None, run_after=None
[2022-06-27 02:23:23,345] {processor.py:161} INFO - Processing /home/airflow/.local/lib/python3.7/site-packages/airflow/example_dags/example_subdag_operator.py took 0.227 seconds
[2022-06-27 02:23:53,856] {processor.py:153} INFO - Started process (PID=10998) to work on /home/airflow/.local/lib/python3.7/site-packages/airflow/example_dags/example_subdag_operator.py
[2022-06-27 02:23:53,857] {processor.py:641} INFO - Processing file /home/airflow/.local/lib/python3.7/site-packages/airflow/example_dags/example_subdag_operator.py for tasks to queue
[2022-06-27 02:23:53,859] {logging_mixin.py:115} INFO - [2022-06-27 02:23:53,858] {dagbag.py:507} INFO - Filling up the DagBag from /home/airflow/.local/lib/python3.7/site-packages/airflow/example_dags/example_subdag_operator.py
[2022-06-27 02:23:53,907] {processor.py:651} INFO - DAG(s) dict_keys(['example_subdag_operator.section-1', 'example_subdag_operator.section-2', 'example_subdag_operator']) retrieved from /home/airflow/.local/lib/python3.7/site-packages/airflow/example_dags/example_subdag_operator.py
[2022-06-27 02:23:53,980] {logging_mixin.py:115} INFO - [2022-06-27 02:23:53,980] {dag.py:2371} INFO - Sync 3 DAGs
[2022-06-27 02:23:54,025] {logging_mixin.py:115} INFO - [2022-06-27 02:23:54,024] {dag.py:2919} INFO - Setting next_dagrun for example_subdag_operator to 2022-06-25T00:00:00+00:00, run_after=2022-06-25T00:00:00+00:00
[2022-06-27 02:23:54,026] {logging_mixin.py:115} INFO - [2022-06-27 02:23:54,026] {dag.py:2919} INFO - Setting next_dagrun for example_subdag_operator.section-1 to None, run_after=None
[2022-06-27 02:23:54,026] {logging_mixin.py:115} INFO - [2022-06-27 02:23:54,026] {dag.py:2919} INFO - Setting next_dagrun for example_subdag_operator.section-2 to None, run_after=None
[2022-06-27 02:23:54,041] {logging_mixin.py:115} INFO - [2022-06-27 02:23:54,041] {dag.py:2371} INFO - Sync 2 DAGs
[2022-06-27 02:23:54,051] {logging_mixin.py:115} INFO - [2022-06-27 02:23:54,051] {dag.py:2919} INFO - Setting next_dagrun for example_subdag_operator.section-1 to None, run_after=None
[2022-06-27 02:23:54,052] {logging_mixin.py:115} INFO - [2022-06-27 02:23:54,052] {dag.py:2919} INFO - Setting next_dagrun for example_subdag_operator.section-2 to None, run_after=None
[2022-06-27 02:23:54,088] {processor.py:161} INFO - Processing /home/airflow/.local/lib/python3.7/site-packages/airflow/example_dags/example_subdag_operator.py took 0.237 seconds
[2022-06-27 02:24:24,178] {processor.py:153} INFO - Started process (PID=11061) to work on /home/airflow/.local/lib/python3.7/site-packages/airflow/example_dags/example_subdag_operator.py
[2022-06-27 02:24:24,179] {processor.py:641} INFO - Processing file /home/airflow/.local/lib/python3.7/site-packages/airflow/example_dags/example_subdag_operator.py for tasks to queue
[2022-06-27 02:24:24,180] {logging_mixin.py:115} INFO - [2022-06-27 02:24:24,180] {dagbag.py:507} INFO - Filling up the DagBag from /home/airflow/.local/lib/python3.7/site-packages/airflow/example_dags/example_subdag_operator.py
[2022-06-27 02:24:24,223] {processor.py:651} INFO - DAG(s) dict_keys(['example_subdag_operator.section-1', 'example_subdag_operator.section-2', 'example_subdag_operator']) retrieved from /home/airflow/.local/lib/python3.7/site-packages/airflow/example_dags/example_subdag_operator.py
[2022-06-27 02:24:24,287] {logging_mixin.py:115} INFO - [2022-06-27 02:24:24,286] {dag.py:2371} INFO - Sync 3 DAGs
[2022-06-27 02:24:24,322] {logging_mixin.py:115} INFO - [2022-06-27 02:24:24,322] {dag.py:2919} INFO - Setting next_dagrun for example_subdag_operator to 2022-06-25T00:00:00+00:00, run_after=2022-06-25T00:00:00+00:00
[2022-06-27 02:24:24,323] {logging_mixin.py:115} INFO - [2022-06-27 02:24:24,323] {dag.py:2919} INFO - Setting next_dagrun for example_subdag_operator.section-1 to None, run_after=None
[2022-06-27 02:24:24,324] {logging_mixin.py:115} INFO - [2022-06-27 02:24:24,324] {dag.py:2919} INFO - Setting next_dagrun for example_subdag_operator.section-2 to None, run_after=None
[2022-06-27 02:24:24,336] {logging_mixin.py:115} INFO - [2022-06-27 02:24:24,336] {dag.py:2371} INFO - Sync 2 DAGs
[2022-06-27 02:24:24,345] {logging_mixin.py:115} INFO - [2022-06-27 02:24:24,344] {dag.py:2919} INFO - Setting next_dagrun for example_subdag_operator.section-1 to None, run_after=None
[2022-06-27 02:24:24,346] {logging_mixin.py:115} INFO - [2022-06-27 02:24:24,346] {dag.py:2919} INFO - Setting next_dagrun for example_subdag_operator.section-2 to None, run_after=None
[2022-06-27 02:24:24,371] {processor.py:161} INFO - Processing /home/airflow/.local/lib/python3.7/site-packages/airflow/example_dags/example_subdag_operator.py took 0.198 seconds
